{"C:\\Users\\Wojtek\\Desktop\\gemini\\app_stock\\src\\lib\\AlphaVantageService.ts": {"path":"C:\\Users\\Wojtek\\Desktop\\gemini\\app_stock\\src\\lib\\AlphaVantageService.ts","statementMap":{"0":{"start":{"line":21,"column":8},"end":{"line":21,"column":null}},"1":{"start":{"line":22,"column":8},"end":{"line":22,"column":null}},"2":{"start":{"line":23,"column":8},"end":{"line":23,"column":null}},"3":{"start":{"line":24,"column":8},"end":{"line":24,"column":null}},"4":{"start":{"line":25,"column":8},"end":{"line":25,"column":null}},"5":{"start":{"line":32,"column":20},"end":{"line":32,"column":null}},"6":{"start":{"line":33,"column":37},"end":{"line":33,"column":null}},"7":{"start":{"line":35,"column":8},"end":{"line":39,"column":null}},"8":{"start":{"line":36,"column":29},"end":{"line":36,"column":null}},"9":{"start":{"line":37,"column":12},"end":{"line":37,"column":null}},"10":{"start":{"line":38,"column":12},"end":{"line":38,"column":null}},"11":{"start":{"line":38,"column":41},"end":{"line":38,"column":70}},"12":{"start":{"line":41,"column":8},"end":{"line":41,"column":null}},"13":{"start":{"line":48,"column":25},"end":{"line":48,"column":null}},"14":{"start":{"line":51,"column":23},"end":{"line":51,"column":null}},"15":{"start":{"line":52,"column":8},"end":{"line":55,"column":null}},"16":{"start":{"line":53,"column":12},"end":{"line":53,"column":null}},"17":{"start":{"line":54,"column":12},"end":{"line":54,"column":null}},"18":{"start":{"line":57,"column":8},"end":{"line":113,"column":null}},"19":{"start":{"line":59,"column":12},"end":{"line":59,"column":null}},"20":{"start":{"line":61,"column":24},"end":{"line":61,"column":null}},"21":{"start":{"line":62,"column":12},"end":{"line":62,"column":null}},"22":{"start":{"line":64,"column":29},"end":{"line":64,"column":null}},"23":{"start":{"line":66,"column":12},"end":{"line":69,"column":null}},"24":{"start":{"line":67,"column":16},"end":{"line":67,"column":null}},"25":{"start":{"line":68,"column":16},"end":{"line":68,"column":null}},"26":{"start":{"line":71,"column":25},"end":{"line":71,"column":null}},"27":{"start":{"line":74,"column":12},"end":{"line":77,"column":null}},"28":{"start":{"line":75,"column":16},"end":{"line":75,"column":null}},"29":{"start":{"line":76,"column":16},"end":{"line":76,"column":null}},"30":{"start":{"line":80,"column":31},"end":{"line":80,"column":null}},"31":{"start":{"line":81,"column":12},"end":{"line":84,"column":null}},"32":{"start":{"line":82,"column":16},"end":{"line":82,"column":null}},"33":{"start":{"line":83,"column":16},"end":{"line":83,"column":null}},"34":{"start":{"line":87,"column":48},"end":{"line":87,"column":null}},"35":{"start":{"line":88,"column":12},"end":{"line":99,"column":null}},"36":{"start":{"line":89,"column":39},"end":{"line":89,"column":null}},"37":{"start":{"line":92,"column":16},"end":{"line":98,"column":null}},"38":{"start":{"line":93,"column":20},"end":{"line":97,"column":null}},"39":{"start":{"line":102,"column":12},"end":{"line":102,"column":null}},"40":{"start":{"line":102,"column":37},"end":{"line":102,"column":96}},"41":{"start":{"line":105,"column":12},"end":{"line":105,"column":null}},"42":{"start":{"line":107,"column":12},"end":{"line":107,"column":null}},"43":{"start":{"line":108,"column":12},"end":{"line":108,"column":null}},"44":{"start":{"line":111,"column":12},"end":{"line":111,"column":null}},"45":{"start":{"line":112,"column":12},"end":{"line":112,"column":null}},"46":{"start":{"line":120,"column":8},"end":{"line":120,"column":null}},"47":{"start":{"line":120,"column":36},"end":{"line":120,"column":null}},"48":{"start":{"line":121,"column":8},"end":{"line":121,"column":null}},"49":{"start":{"line":121,"column":36},"end":{"line":121,"column":null}},"50":{"start":{"line":122,"column":8},"end":{"line":122,"column":null}},"51":{"start":{"line":122,"column":35},"end":{"line":122,"column":null}},"52":{"start":{"line":123,"column":8},"end":{"line":123,"column":null}},"53":{"start":{"line":123,"column":36},"end":{"line":123,"column":null}},"54":{"start":{"line":124,"column":8},"end":{"line":124,"column":null}},"55":{"start":{"line":131,"column":58},"end":{"line":131,"column":null}},"56":{"start":{"line":133,"column":8},"end":{"line":135,"column":null}},"57":{"start":{"line":134,"column":12},"end":{"line":134,"column":null}},"58":{"start":{"line":137,"column":8},"end":{"line":137,"column":null}},"59":{"start":{"line":144,"column":8},"end":{"line":144,"column":null}},"60":{"start":{"line":145,"column":8},"end":{"line":145,"column":null}},"61":{"start":{"line":150,"column":35},"end":{"line":150,"column":null}}},"fnMap":{"0":{"name":"(anonymous_0)","decl":{"start":{"line":20,"column":4},"end":{"line":20,"column":18}},"loc":{"start":{"line":20,"column":18},"end":{"line":26,"column":null}},"line":20},"1":{"name":"(anonymous_1)","decl":{"start":{"line":31,"column":18},"end":{"line":31,"column":53}},"loc":{"start":{"line":31,"column":53},"end":{"line":42,"column":null}},"line":31},"2":{"name":"(anonymous_2)","decl":{"start":{"line":38,"column":30},"end":{"line":38,"column":41}},"loc":{"start":{"line":38,"column":41},"end":{"line":38,"column":70}},"line":38},"3":{"name":"(anonymous_3)","decl":{"start":{"line":47,"column":10},"end":{"line":47,"column":25}},"loc":{"start":{"line":47,"column":68},"end":{"line":114,"column":null}},"line":47},"4":{"name":"(anonymous_4)","decl":{"start":{"line":102,"column":27},"end":{"line":102,"column":28}},"loc":{"start":{"line":102,"column":37},"end":{"line":102,"column":96}},"line":102},"5":{"name":"(anonymous_5)","decl":{"start":{"line":119,"column":12},"end":{"line":119,"column":34}},"loc":{"start":{"line":119,"column":58},"end":{"line":125,"column":null}},"line":119},"6":{"name":"(anonymous_6)","decl":{"start":{"line":130,"column":10},"end":{"line":130,"column":33}},"loc":{"start":{"line":130,"column":95},"end":{"line":138,"column":null}},"line":130},"7":{"name":"(anonymous_7)","decl":{"start":{"line":143,"column":4},"end":{"line":143,"column":23}},"loc":{"start":{"line":143,"column":23},"end":{"line":146,"column":null}},"line":143}},"branchMap":{"0":{"loc":{"start":{"line":35,"column":8},"end":{"line":39,"column":null}},"type":"if","locations":[{"start":{"line":35,"column":8},"end":{"line":39,"column":null}},{"start":{},"end":{}}],"line":35},"1":{"loc":{"start":{"line":52,"column":8},"end":{"line":55,"column":null}},"type":"if","locations":[{"start":{"line":52,"column":8},"end":{"line":55,"column":null}},{"start":{},"end":{}}],"line":52},"2":{"loc":{"start":{"line":66,"column":12},"end":{"line":69,"column":null}},"type":"if","locations":[{"start":{"line":66,"column":12},"end":{"line":69,"column":null}},{"start":{},"end":{}}],"line":66},"3":{"loc":{"start":{"line":74,"column":12},"end":{"line":77,"column":null}},"type":"if","locations":[{"start":{"line":74,"column":12},"end":{"line":77,"column":null}},{"start":{},"end":{}}],"line":74},"4":{"loc":{"start":{"line":74,"column":16},"end":{"line":74,"column":78}},"type":"binary-expr","locations":[{"start":{"line":74,"column":16},"end":{"line":74,"column":39}},{"start":{"line":74,"column":39},"end":{"line":74,"column":64}},{"start":{"line":74,"column":64},"end":{"line":74,"column":78}}],"line":74},"5":{"loc":{"start":{"line":75,"column":80},"end":{"line":75,"column":140}},"type":"binary-expr","locations":[{"start":{"line":75,"column":80},"end":{"line":75,"column":103}},{"start":{"line":75,"column":103},"end":{"line":75,"column":128}},{"start":{"line":75,"column":128},"end":{"line":75,"column":140}}],"line":75},"6":{"loc":{"start":{"line":81,"column":12},"end":{"line":84,"column":null}},"type":"if","locations":[{"start":{"line":81,"column":12},"end":{"line":84,"column":null}},{"start":{},"end":{}}],"line":81},"7":{"loc":{"start":{"line":92,"column":16},"end":{"line":98,"column":null}},"type":"if","locations":[{"start":{"line":92,"column":16},"end":{"line":98,"column":null}},{"start":{},"end":{}}],"line":92},"8":{"loc":{"start":{"line":120,"column":8},"end":{"line":120,"column":null}},"type":"if","locations":[{"start":{"line":120,"column":8},"end":{"line":120,"column":null}},{"start":{},"end":{}}],"line":120},"9":{"loc":{"start":{"line":121,"column":8},"end":{"line":121,"column":null}},"type":"if","locations":[{"start":{"line":121,"column":8},"end":{"line":121,"column":null}},{"start":{},"end":{}}],"line":121},"10":{"loc":{"start":{"line":122,"column":8},"end":{"line":122,"column":null}},"type":"if","locations":[{"start":{"line":122,"column":8},"end":{"line":122,"column":null}},{"start":{},"end":{}}],"line":122},"11":{"loc":{"start":{"line":123,"column":8},"end":{"line":123,"column":null}},"type":"if","locations":[{"start":{"line":123,"column":8},"end":{"line":123,"column":null}},{"start":{},"end":{}}],"line":123}},"s":{"0":1,"1":1,"2":1,"3":1,"4":1,"5":0,"6":0,"7":0,"8":0,"9":0,"10":0,"11":0,"12":0,"13":0,"14":0,"15":0,"16":0,"17":0,"18":0,"19":0,"20":0,"21":0,"22":0,"23":0,"24":0,"25":0,"26":0,"27":0,"28":0,"29":0,"30":0,"31":0,"32":0,"33":0,"34":0,"35":0,"36":0,"37":0,"38":0,"39":0,"40":0,"41":0,"42":0,"43":0,"44":0,"45":0,"46":0,"47":0,"48":0,"49":0,"50":0,"51":0,"52":0,"53":0,"54":0,"55":0,"56":0,"57":0,"58":0,"59":0,"60":0,"61":1},"f":{"0":1,"1":0,"2":0,"3":0,"4":0,"5":0,"6":0,"7":0},"b":{"0":[0,0],"1":[0,0],"2":[0,0],"3":[0,0],"4":[0,0,0],"5":[0,0,0],"6":[0,0],"7":[0,0],"8":[0,0],"9":[0,0],"10":[0,0],"11":[0,0]},"meta":{"lastBranch":12,"lastFunction":8,"lastStatement":62,"seen":{"f:20:4:20:18":0,"s:21:8:21:Infinity":0,"s:22:8:22:Infinity":1,"s:23:8:23:Infinity":2,"s:24:8:24:Infinity":3,"s:25:8:25:Infinity":4,"f:31:18:31:53":1,"s:32:20:32:Infinity":5,"s:33:37:33:Infinity":6,"b:35:8:39:Infinity:undefined:undefined:undefined:undefined":0,"s:35:8:39:Infinity":7,"s:36:29:36:Infinity":8,"s:37:12:37:Infinity":9,"s:38:12:38:Infinity":10,"f:38:30:38:41":2,"s:38:41:38:70":11,"s:41:8:41:Infinity":12,"f:47:10:47:25":3,"s:48:25:48:Infinity":13,"s:51:23:51:Infinity":14,"b:52:8:55:Infinity:undefined:undefined:undefined:undefined":1,"s:52:8:55:Infinity":15,"s:53:12:53:Infinity":16,"s:54:12:54:Infinity":17,"s:57:8:113:Infinity":18,"s:59:12:59:Infinity":19,"s:61:24:61:Infinity":20,"s:62:12:62:Infinity":21,"s:64:29:64:Infinity":22,"b:66:12:69:Infinity:undefined:undefined:undefined:undefined":2,"s:66:12:69:Infinity":23,"s:67:16:67:Infinity":24,"s:68:16:68:Infinity":25,"s:71:25:71:Infinity":26,"b:74:12:77:Infinity:undefined:undefined:undefined:undefined":3,"s:74:12:77:Infinity":27,"b:74:16:74:39:74:39:74:64:74:64:74:78":4,"s:75:16:75:Infinity":28,"b:75:80:75:103:75:103:75:128:75:128:75:140":5,"s:76:16:76:Infinity":29,"s:80:31:80:Infinity":30,"b:81:12:84:Infinity:undefined:undefined:undefined:undefined":6,"s:81:12:84:Infinity":31,"s:82:16:82:Infinity":32,"s:83:16:83:Infinity":33,"s:87:48:87:Infinity":34,"s:88:12:99:Infinity":35,"s:89:39:89:Infinity":36,"b:92:16:98:Infinity:undefined:undefined:undefined:undefined":7,"s:92:16:98:Infinity":37,"s:93:20:97:Infinity":38,"s:102:12:102:Infinity":39,"f:102:27:102:28":4,"s:102:37:102:96":40,"s:105:12:105:Infinity":41,"s:107:12:107:Infinity":42,"s:108:12:108:Infinity":43,"s:111:12:111:Infinity":44,"s:112:12:112:Infinity":45,"f:119:12:119:34":5,"b:120:8:120:Infinity:undefined:undefined:undefined:undefined":8,"s:120:8:120:Infinity":46,"s:120:36:120:Infinity":47,"b:121:8:121:Infinity:undefined:undefined:undefined:undefined":9,"s:121:8:121:Infinity":48,"s:121:36:121:Infinity":49,"b:122:8:122:Infinity:undefined:undefined:undefined:undefined":10,"s:122:8:122:Infinity":50,"s:122:35:122:Infinity":51,"b:123:8:123:Infinity:undefined:undefined:undefined:undefined":11,"s:123:8:123:Infinity":52,"s:123:36:123:Infinity":53,"s:124:8:124:Infinity":54,"f:130:10:130:33":6,"s:131:58:131:Infinity":55,"s:133:8:135:Infinity":56,"s:134:12:134:Infinity":57,"s:137:8:137:Infinity":58,"f:143:4:143:23":7,"s:144:8:144:Infinity":59,"s:145:8:145:Infinity":60,"s:150:35:150:Infinity":61}}}
,"C:\\Users\\Wojtek\\Desktop\\gemini\\app_stock\\src\\lib\\ApiService.ts": {"path":"C:\\Users\\Wojtek\\Desktop\\gemini\\app_stock\\src\\lib\\ApiService.ts","statementMap":{"0":{"start":{"line":56,"column":8},"end":{"line":59,"column":null}},"1":{"start":{"line":60,"column":8},"end":{"line":60,"column":null}},"2":{"start":{"line":61,"column":8},"end":{"line":61,"column":null}},"3":{"start":{"line":62,"column":8},"end":{"line":62,"column":null}},"4":{"start":{"line":63,"column":8},"end":{"line":63,"column":null}},"5":{"start":{"line":70,"column":25},"end":{"line":70,"column":null}},"6":{"start":{"line":71,"column":24},"end":{"line":71,"column":null}},"7":{"start":{"line":73,"column":8},"end":{"line":105,"column":null}},"8":{"start":{"line":74,"column":29},"end":{"line":74,"column":null}},"9":{"start":{"line":76,"column":12},"end":{"line":78,"column":null}},"10":{"start":{"line":77,"column":16},"end":{"line":77,"column":null}},"11":{"start":{"line":81,"column":12},"end":{"line":81,"column":null}},"12":{"start":{"line":83,"column":33},"end":{"line":83,"column":null}},"13":{"start":{"line":84,"column":12},"end":{"line":84,"column":null}},"14":{"start":{"line":87,"column":12},"end":{"line":91,"column":null}},"15":{"start":{"line":88,"column":16},"end":{"line":88,"column":null}},"16":{"start":{"line":89,"column":16},"end":{"line":89,"column":null}},"17":{"start":{"line":90,"column":16},"end":{"line":90,"column":null}},"18":{"start":{"line":94,"column":12},"end":{"line":101,"column":null}},"19":{"start":{"line":95,"column":16},"end":{"line":95,"column":null}},"20":{"start":{"line":96,"column":16},"end":{"line":96,"column":null}},"21":{"start":{"line":99,"column":16},"end":{"line":99,"column":null}},"22":{"start":{"line":100,"column":16},"end":{"line":100,"column":null}},"23":{"start":{"line":104,"column":12},"end":{"line":104,"column":null}},"24":{"start":{"line":112,"column":8},"end":{"line":112,"column":null}},"25":{"start":{"line":112,"column":38},"end":{"line":112,"column":61}},"26":{"start":{"line":119,"column":25},"end":{"line":119,"column":null}},"27":{"start":{"line":122,"column":23},"end":{"line":122,"column":null}},"28":{"start":{"line":123,"column":8},"end":{"line":126,"column":null}},"29":{"start":{"line":124,"column":12},"end":{"line":124,"column":null}},"30":{"start":{"line":125,"column":12},"end":{"line":125,"column":null}},"31":{"start":{"line":129,"column":8},"end":{"line":165,"column":null}},"32":{"start":{"line":130,"column":30},"end":{"line":130,"column":null}},"33":{"start":{"line":131,"column":29},"end":{"line":131,"column":null}},"34":{"start":{"line":132,"column":25},"end":{"line":132,"column":null}},"35":{"start":{"line":134,"column":27},"end":{"line":134,"column":null}},"36":{"start":{"line":135,"column":24},"end":{"line":135,"column":null}},"37":{"start":{"line":136,"column":27},"end":{"line":136,"column":null}},"38":{"start":{"line":139,"column":12},"end":{"line":147,"column":null}},"39":{"start":{"line":140,"column":31},"end":{"line":140,"column":null}},"40":{"start":{"line":141,"column":16},"end":{"line":146,"column":null}},"41":{"start":{"line":141,"column":29},"end":{"line":141,"column":48}},"42":{"start":{"line":142,"column":20},"end":{"line":145,"column":null}},"43":{"start":{"line":143,"column":24},"end":{"line":143,"column":null}},"44":{"start":{"line":144,"column":24},"end":{"line":144,"column":null}},"45":{"start":{"line":149,"column":12},"end":{"line":157,"column":null}},"46":{"start":{"line":150,"column":45},"end":{"line":150,"column":null}},"47":{"start":{"line":153,"column":16},"end":{"line":153,"column":null}},"48":{"start":{"line":155,"column":16},"end":{"line":155,"column":null}},"49":{"start":{"line":156,"column":16},"end":{"line":156,"column":null}},"50":{"start":{"line":159,"column":12},"end":{"line":159,"column":null}},"51":{"start":{"line":160,"column":12},"end":{"line":160,"column":null}},"52":{"start":{"line":163,"column":12},"end":{"line":163,"column":null}},"53":{"start":{"line":164,"column":12},"end":{"line":164,"column":null}},"54":{"start":{"line":172,"column":33},"end":{"line":172,"column":null}},"55":{"start":{"line":172,"column":56},"end":{"line":172,"column":81}},"56":{"start":{"line":173,"column":8},"end":{"line":173,"column":null}},"57":{"start":{"line":173,"column":43},"end":{"line":173,"column":null}},"58":{"start":{"line":175,"column":46},"end":{"line":175,"column":null}},"59":{"start":{"line":176,"column":72},"end":{"line":176,"column":null}},"60":{"start":{"line":179,"column":8},"end":{"line":188,"column":null}},"61":{"start":{"line":180,"column":29},"end":{"line":180,"column":null}},"62":{"start":{"line":181,"column":27},"end":{"line":181,"column":null}},"63":{"start":{"line":183,"column":12},"end":{"line":187,"column":null}},"64":{"start":{"line":184,"column":16},"end":{"line":184,"column":null}},"65":{"start":{"line":186,"column":16},"end":{"line":186,"column":null}},"66":{"start":{"line":190,"column":8},"end":{"line":193,"column":null}},"67":{"start":{"line":191,"column":12},"end":{"line":191,"column":null}},"68":{"start":{"line":192,"column":12},"end":{"line":192,"column":null}},"69":{"start":{"line":196,"column":8},"end":{"line":234,"column":null}},"70":{"start":{"line":197,"column":29},"end":{"line":215,"column":null}},"71":{"start":{"line":198,"column":16},"end":{"line":214,"column":null}},"72":{"start":{"line":199,"column":38},"end":{"line":199,"column":null}},"73":{"start":{"line":200,"column":37},"end":{"line":200,"column":null}},"74":{"start":{"line":201,"column":33},"end":{"line":201,"column":null}},"75":{"start":{"line":202,"column":35},"end":{"line":202,"column":null}},"76":{"start":{"line":203,"column":33},"end":{"line":203,"column":null}},"77":{"start":{"line":205,"column":20},"end":{"line":207,"column":null}},"78":{"start":{"line":206,"column":24},"end":{"line":206,"column":null}},"79":{"start":{"line":209,"column":20},"end":{"line":209,"column":null}},"80":{"start":{"line":210,"column":20},"end":{"line":210,"column":null}},"81":{"start":{"line":212,"column":20},"end":{"line":212,"column":null}},"82":{"start":{"line":213,"column":20},"end":{"line":213,"column":null}},"83":{"start":{"line":217,"column":28},"end":{"line":217,"column":null}},"84":{"start":{"line":220,"column":12},"end":{"line":226,"column":null}},"85":{"start":{"line":221,"column":16},"end":{"line":225,"column":null}},"86":{"start":{"line":222,"column":20},"end":{"line":222,"column":null}},"87":{"start":{"line":223,"column":37},"end":{"line":223,"column":null}},"88":{"start":{"line":224,"column":20},"end":{"line":224,"column":null}},"89":{"start":{"line":228,"column":12},"end":{"line":228,"column":null}},"90":{"start":{"line":228,"column":68},"end":{"line":228,"column":69}},"91":{"start":{"line":229,"column":12},"end":{"line":229,"column":null}},"92":{"start":{"line":232,"column":12},"end":{"line":232,"column":null}},"93":{"start":{"line":233,"column":12},"end":{"line":233,"column":null}},"94":{"start":{"line":242,"column":28},"end":{"line":242,"column":null}},"95":{"start":{"line":243,"column":25},"end":{"line":243,"column":null}},"96":{"start":{"line":246,"column":30},"end":{"line":246,"column":null}},"97":{"start":{"line":249,"column":8},"end":{"line":255,"column":null}},"98":{"start":{"line":250,"column":27},"end":{"line":250,"column":null}},"99":{"start":{"line":251,"column":12},"end":{"line":254,"column":null}},"100":{"start":{"line":252,"column":16},"end":{"line":252,"column":null}},"101":{"start":{"line":253,"column":16},"end":{"line":253,"column":null}},"102":{"start":{"line":258,"column":8},"end":{"line":300,"column":null}},"103":{"start":{"line":259,"column":30},"end":{"line":259,"column":null}},"104":{"start":{"line":260,"column":29},"end":{"line":260,"column":null}},"105":{"start":{"line":261,"column":25},"end":{"line":261,"column":null}},"106":{"start":{"line":263,"column":27},"end":{"line":263,"column":null}},"107":{"start":{"line":264,"column":31},"end":{"line":264,"column":null}},"108":{"start":{"line":265,"column":27},"end":{"line":265,"column":null}},"109":{"start":{"line":267,"column":12},"end":{"line":270,"column":null}},"110":{"start":{"line":268,"column":16},"end":{"line":268,"column":null}},"111":{"start":{"line":269,"column":16},"end":{"line":269,"column":null}},"112":{"start":{"line":273,"column":50},"end":{"line":282,"column":null}},"113":{"start":{"line":275,"column":33},"end":{"line":275,"column":null}},"114":{"start":{"line":276,"column":20},"end":{"line":280,"column":null}},"115":{"start":{"line":282,"column":52},"end":{"line":282,"column":99}},"116":{"start":{"line":284,"column":29},"end":{"line":284,"column":null}},"117":{"start":{"line":285,"column":45},"end":{"line":285,"column":null}},"118":{"start":{"line":288,"column":12},"end":{"line":292,"column":null}},"119":{"start":{"line":289,"column":16},"end":{"line":289,"column":null}},"120":{"start":{"line":291,"column":16},"end":{"line":291,"column":null}},"121":{"start":{"line":294,"column":12},"end":{"line":294,"column":null}},"122":{"start":{"line":295,"column":12},"end":{"line":295,"column":null}},"123":{"start":{"line":298,"column":12},"end":{"line":298,"column":null}},"124":{"start":{"line":299,"column":12},"end":{"line":299,"column":null}},"125":{"start":{"line":307,"column":25},"end":{"line":307,"column":null}},"126":{"start":{"line":310,"column":23},"end":{"line":310,"column":null}},"127":{"start":{"line":311,"column":8},"end":{"line":314,"column":null}},"128":{"start":{"line":312,"column":12},"end":{"line":312,"column":null}},"129":{"start":{"line":313,"column":12},"end":{"line":313,"column":null}},"130":{"start":{"line":317,"column":24},"end":{"line":317,"column":null}},"131":{"start":{"line":318,"column":31},"end":{"line":318,"column":null}},"132":{"start":{"line":319,"column":29},"end":{"line":319,"column":null}},"133":{"start":{"line":321,"column":21},"end":{"line":321,"column":null}},"134":{"start":{"line":324,"column":8},"end":{"line":368,"column":null}},"135":{"start":{"line":325,"column":30},"end":{"line":325,"column":null}},"136":{"start":{"line":326,"column":29},"end":{"line":326,"column":null}},"137":{"start":{"line":327,"column":25},"end":{"line":327,"column":null}},"138":{"start":{"line":329,"column":27},"end":{"line":329,"column":null}},"139":{"start":{"line":330,"column":31},"end":{"line":330,"column":null}},"140":{"start":{"line":331,"column":27},"end":{"line":331,"column":null}},"141":{"start":{"line":333,"column":12},"end":{"line":336,"column":null}},"142":{"start":{"line":334,"column":16},"end":{"line":334,"column":null}},"143":{"start":{"line":335,"column":16},"end":{"line":335,"column":null}},"144":{"start":{"line":339,"column":44},"end":{"line":339,"column":null}},"145":{"start":{"line":340,"column":12},"end":{"line":345,"column":null}},"146":{"start":{"line":340,"column":25},"end":{"line":340,"column":28}},"147":{"start":{"line":341,"column":16},"end":{"line":344,"column":null}},"148":{"start":{"line":342,"column":20},"end":{"line":342,"column":null}},"149":{"start":{"line":343,"column":20},"end":{"line":343,"column":null}},"150":{"start":{"line":347,"column":12},"end":{"line":360,"column":null}},"151":{"start":{"line":348,"column":43},"end":{"line":353,"column":null}},"152":{"start":{"line":356,"column":16},"end":{"line":356,"column":null}},"153":{"start":{"line":358,"column":16},"end":{"line":358,"column":null}},"154":{"start":{"line":359,"column":16},"end":{"line":359,"column":null}},"155":{"start":{"line":362,"column":12},"end":{"line":362,"column":null}},"156":{"start":{"line":363,"column":12},"end":{"line":363,"column":null}},"157":{"start":{"line":366,"column":12},"end":{"line":366,"column":null}},"158":{"start":{"line":367,"column":12},"end":{"line":367,"column":null}},"159":{"start":{"line":376,"column":25},"end":{"line":376,"column":null}},"160":{"start":{"line":379,"column":23},"end":{"line":379,"column":null}},"161":{"start":{"line":380,"column":8},"end":{"line":383,"column":null}},"162":{"start":{"line":381,"column":12},"end":{"line":381,"column":null}},"163":{"start":{"line":382,"column":12},"end":{"line":382,"column":null}},"164":{"start":{"line":385,"column":8},"end":{"line":435,"column":null}},"165":{"start":{"line":388,"column":28},"end":{"line":388,"column":null}},"166":{"start":{"line":389,"column":30},"end":{"line":389,"column":null}},"167":{"start":{"line":391,"column":30},"end":{"line":391,"column":null}},"168":{"start":{"line":392,"column":12},"end":{"line":392,"column":null}},"169":{"start":{"line":394,"column":29},"end":{"line":394,"column":null}},"170":{"start":{"line":395,"column":25},"end":{"line":395,"column":null}},"171":{"start":{"line":397,"column":27},"end":{"line":397,"column":null}},"172":{"start":{"line":398,"column":12},"end":{"line":401,"column":null}},"173":{"start":{"line":399,"column":16},"end":{"line":399,"column":null}},"174":{"start":{"line":400,"column":16},"end":{"line":400,"column":null}},"175":{"start":{"line":403,"column":33},"end":{"line":403,"column":null}},"176":{"start":{"line":404,"column":48},"end":{"line":404,"column":null}},"177":{"start":{"line":407,"column":29},"end":{"line":407,"column":null}},"178":{"start":{"line":410,"column":12},"end":{"line":421,"column":null}},"179":{"start":{"line":411,"column":29},"end":{"line":411,"column":null}},"180":{"start":{"line":412,"column":32},"end":{"line":412,"column":null}},"181":{"start":{"line":414,"column":16},"end":{"line":420,"column":null}},"182":{"start":{"line":415,"column":20},"end":{"line":419,"column":null}},"183":{"start":{"line":424,"column":12},"end":{"line":424,"column":null}},"184":{"start":{"line":424,"column":37},"end":{"line":424,"column":96}},"185":{"start":{"line":427,"column":12},"end":{"line":427,"column":null}},"186":{"start":{"line":429,"column":12},"end":{"line":429,"column":null}},"187":{"start":{"line":430,"column":12},"end":{"line":430,"column":null}},"188":{"start":{"line":433,"column":12},"end":{"line":433,"column":null}},"189":{"start":{"line":434,"column":12},"end":{"line":434,"column":null}},"190":{"start":{"line":442,"column":8},"end":{"line":442,"column":null}},"191":{"start":{"line":443,"column":8},"end":{"line":443,"column":null}},"192":{"start":{"line":450,"column":8},"end":{"line":450,"column":null}},"193":{"start":{"line":451,"column":8},"end":{"line":451,"column":null}},"194":{"start":{"line":456,"column":26},"end":{"line":456,"column":null}}},"fnMap":{"0":{"name":"(anonymous_0)","decl":{"start":{"line":55,"column":4},"end":{"line":55,"column":16}},"loc":{"start":{"line":55,"column":49},"end":{"line":64,"column":null}},"line":55},"1":{"name":"(anonymous_1)","decl":{"start":{"line":69,"column":10},"end":{"line":69,"column":26}},"loc":{"start":{"line":69,"column":82},"end":{"line":106,"column":null}},"line":69},"2":{"name":"(anonymous_2)","decl":{"start":{"line":111,"column":12},"end":{"line":111,"column":18}},"loc":{"start":{"line":111,"column":45},"end":{"line":113,"column":null}},"line":111},"3":{"name":"(anonymous_3)","decl":{"start":{"line":112,"column":27},"end":{"line":112,"column":38}},"loc":{"start":{"line":112,"column":38},"end":{"line":112,"column":61}},"line":112},"4":{"name":"(anonymous_4)","decl":{"start":{"line":118,"column":10},"end":{"line":118,"column":26}},"loc":{"start":{"line":118,"column":69},"end":{"line":166,"column":null}},"line":118},"5":{"name":"(anonymous_5)","decl":{"start":{"line":171,"column":10},"end":{"line":171,"column":27}},"loc":{"start":{"line":171,"column":114},"end":{"line":235,"column":null}},"line":171},"6":{"name":"(anonymous_6)","decl":{"start":{"line":172,"column":51},"end":{"line":172,"column":56}},"loc":{"start":{"line":172,"column":56},"end":{"line":172,"column":81}},"line":172},"7":{"name":"(anonymous_7)","decl":{"start":{"line":197,"column":46},"end":{"line":197,"column":53}},"loc":{"start":{"line":197,"column":76},"end":{"line":215,"column":13}},"line":197},"8":{"name":"(anonymous_8)","decl":{"start":{"line":220,"column":28},"end":{"line":220,"column":38}},"loc":{"start":{"line":220,"column":38},"end":{"line":226,"column":13}},"line":220},"9":{"name":"(anonymous_9)","decl":{"start":{"line":228,"column":63},"end":{"line":228,"column":68}},"loc":{"start":{"line":228,"column":68},"end":{"line":228,"column":69}},"line":228},"10":{"name":"(anonymous_10)","decl":{"start":{"line":240,"column":10},"end":{"line":240,"column":21}},"loc":{"start":{"line":240,"column":114},"end":{"line":301,"column":null}},"line":240},"11":{"name":"(anonymous_11)","decl":{"start":{"line":274,"column":21},"end":{"line":274,"column":22}},"loc":{"start":{"line":274,"column":47},"end":{"line":281,"column":17}},"line":274},"12":{"name":"(anonymous_12)","decl":{"start":{"line":282,"column":24},"end":{"line":282,"column":25}},"loc":{"start":{"line":282,"column":52},"end":{"line":282,"column":99}},"line":282},"13":{"name":"(anonymous_13)","decl":{"start":{"line":306,"column":10},"end":{"line":306,"column":28}},"loc":{"start":{"line":306,"column":89},"end":{"line":369,"column":null}},"line":306},"14":{"name":"(anonymous_14)","decl":{"start":{"line":375,"column":10},"end":{"line":375,"column":25}},"loc":{"start":{"line":375,"column":68},"end":{"line":436,"column":null}},"line":375},"15":{"name":"(anonymous_15)","decl":{"start":{"line":424,"column":27},"end":{"line":424,"column":28}},"loc":{"start":{"line":424,"column":37},"end":{"line":424,"column":96}},"line":424},"16":{"name":"(anonymous_16)","decl":{"start":{"line":441,"column":4},"end":{"line":441,"column":26}},"loc":{"start":{"line":441,"column":48},"end":{"line":444,"column":null}},"line":441},"17":{"name":"(anonymous_17)","decl":{"start":{"line":449,"column":4},"end":{"line":449,"column":23}},"loc":{"start":{"line":449,"column":23},"end":{"line":452,"column":null}},"line":449}},"branchMap":{"0":{"loc":{"start":{"line":55,"column":16},"end":{"line":55,"column":49}},"type":"default-arg","locations":[{"start":{"line":55,"column":45},"end":{"line":55,"column":49}}],"line":55},"1":{"loc":{"start":{"line":56,"column":25},"end":{"line":59,"column":null}},"type":"binary-expr","locations":[{"start":{"line":56,"column":25},"end":{"line":56,"column":46}},{"start":{"line":56,"column":46},"end":{"line":59,"column":null}}],"line":56},"2":{"loc":{"start":{"line":60,"column":23},"end":{"line":60,"column":null}},"type":"binary-expr","locations":[{"start":{"line":60,"column":23},"end":{"line":60,"column":42}},{"start":{"line":60,"column":42},"end":{"line":60,"column":null}}],"line":60},"3":{"loc":{"start":{"line":61,"column":29},"end":{"line":61,"column":null}},"type":"binary-expr","locations":[{"start":{"line":61,"column":29},"end":{"line":61,"column":54}},{"start":{"line":61,"column":54},"end":{"line":61,"column":null}}],"line":61},"4":{"loc":{"start":{"line":62,"column":26},"end":{"line":62,"column":null}},"type":"binary-expr","locations":[{"start":{"line":62,"column":26},"end":{"line":62,"column":48}},{"start":{"line":62,"column":48},"end":{"line":62,"column":null}}],"line":62},"5":{"loc":{"start":{"line":69,"column":39},"end":{"line":69,"column":82}},"type":"default-arg","locations":[{"start":{"line":69,"column":60},"end":{"line":69,"column":82}}],"line":69},"6":{"loc":{"start":{"line":76,"column":12},"end":{"line":78,"column":null}},"type":"if","locations":[{"start":{"line":76,"column":12},"end":{"line":78,"column":null}},{"start":{},"end":{}}],"line":76},"7":{"loc":{"start":{"line":83,"column":33},"end":{"line":83,"column":null}},"type":"cond-expr","locations":[{"start":{"line":83,"column":58},"end":{"line":83,"column":74}},{"start":{"line":83,"column":74},"end":{"line":83,"column":null}}],"line":83},"8":{"loc":{"start":{"line":87,"column":12},"end":{"line":91,"column":null}},"type":"if","locations":[{"start":{"line":87,"column":12},"end":{"line":91,"column":null}},{"start":{},"end":{}}],"line":87},"9":{"loc":{"start":{"line":94,"column":12},"end":{"line":101,"column":null}},"type":"if","locations":[{"start":{"line":94,"column":12},"end":{"line":101,"column":null}},{"start":{},"end":{}}],"line":94},"10":{"loc":{"start":{"line":123,"column":8},"end":{"line":126,"column":null}},"type":"if","locations":[{"start":{"line":123,"column":8},"end":{"line":126,"column":null}},{"start":{},"end":{}}],"line":123},"11":{"loc":{"start":{"line":136,"column":27},"end":{"line":136,"column":null}},"type":"binary-expr","locations":[{"start":{"line":136,"column":27},"end":{"line":136,"column":51}},{"start":{"line":136,"column":51},"end":{"line":136,"column":null}}],"line":136},"12":{"loc":{"start":{"line":139,"column":12},"end":{"line":147,"column":null}},"type":"if","locations":[{"start":{"line":139,"column":12},"end":{"line":147,"column":null}},{"start":{},"end":{}}],"line":139},"13":{"loc":{"start":{"line":139,"column":16},"end":{"line":139,"column":64}},"type":"binary-expr","locations":[{"start":{"line":139,"column":16},"end":{"line":139,"column":26}},{"start":{"line":139,"column":26},"end":{"line":139,"column":64}}],"line":139},"14":{"loc":{"start":{"line":142,"column":20},"end":{"line":145,"column":null}},"type":"if","locations":[{"start":{"line":142,"column":20},"end":{"line":145,"column":null}},{"start":{},"end":{}}],"line":142},"15":{"loc":{"start":{"line":149,"column":12},"end":{"line":157,"column":null}},"type":"if","locations":[{"start":{"line":149,"column":12},"end":{"line":157,"column":null}},{"start":{},"end":{}}],"line":149},"16":{"loc":{"start":{"line":171,"column":49},"end":{"line":171,"column":114}},"type":"default-arg","locations":[{"start":{"line":171,"column":74},"end":{"line":171,"column":114}}],"line":171},"17":{"loc":{"start":{"line":172,"column":56},"end":{"line":172,"column":81}},"type":"binary-expr","locations":[{"start":{"line":172,"column":56},"end":{"line":172,"column":61}},{"start":{"line":172,"column":61},"end":{"line":172,"column":81}}],"line":172},"18":{"loc":{"start":{"line":173,"column":8},"end":{"line":173,"column":null}},"type":"if","locations":[{"start":{"line":173,"column":8},"end":{"line":173,"column":null}},{"start":{},"end":{}}],"line":173},"19":{"loc":{"start":{"line":183,"column":12},"end":{"line":187,"column":null}},"type":"if","locations":[{"start":{"line":183,"column":12},"end":{"line":187,"column":null}},{"start":{"line":185,"column":19},"end":{"line":187,"column":null}}],"line":183},"20":{"loc":{"start":{"line":190,"column":8},"end":{"line":193,"column":null}},"type":"if","locations":[{"start":{"line":190,"column":8},"end":{"line":193,"column":null}},{"start":{},"end":{}}],"line":190},"21":{"loc":{"start":{"line":205,"column":20},"end":{"line":207,"column":null}},"type":"if","locations":[{"start":{"line":205,"column":20},"end":{"line":207,"column":null}},{"start":{},"end":{}}],"line":205},"22":{"loc":{"start":{"line":221,"column":16},"end":{"line":225,"column":null}},"type":"if","locations":[{"start":{"line":221,"column":16},"end":{"line":225,"column":null}},{"start":{},"end":{}}],"line":221},"23":{"loc":{"start":{"line":221,"column":20},"end":{"line":221,"column":43}},"type":"binary-expr","locations":[{"start":{"line":221,"column":20},"end":{"line":221,"column":30}},{"start":{"line":221,"column":30},"end":{"line":221,"column":43}}],"line":221},"24":{"loc":{"start":{"line":240,"column":37},"end":{"line":240,"column":60}},"type":"default-arg","locations":[{"start":{"line":240,"column":53},"end":{"line":240,"column":60}}],"line":240},"25":{"loc":{"start":{"line":240,"column":60},"end":{"line":240,"column":114}},"type":"default-arg","locations":[{"start":{"line":240,"column":79},"end":{"line":240,"column":114}}],"line":240},"26":{"loc":{"start":{"line":246,"column":30},"end":{"line":246,"column":null}},"type":"cond-expr","locations":[{"start":{"line":246,"column":47},"end":{"line":246,"column":63}},{"start":{"line":246,"column":63},"end":{"line":246,"column":null}}],"line":246},"27":{"loc":{"start":{"line":249,"column":8},"end":{"line":255,"column":null}},"type":"if","locations":[{"start":{"line":249,"column":8},"end":{"line":255,"column":null}},{"start":{},"end":{}}],"line":249},"28":{"loc":{"start":{"line":251,"column":12},"end":{"line":254,"column":null}},"type":"if","locations":[{"start":{"line":251,"column":12},"end":{"line":254,"column":null}},{"start":{},"end":{}}],"line":251},"29":{"loc":{"start":{"line":267,"column":12},"end":{"line":270,"column":null}},"type":"if","locations":[{"start":{"line":267,"column":12},"end":{"line":270,"column":null}},{"start":{},"end":{}}],"line":267},"30":{"loc":{"start":{"line":267,"column":16},"end":{"line":267,"column":57}},"type":"binary-expr","locations":[{"start":{"line":267,"column":16},"end":{"line":267,"column":31}},{"start":{"line":267,"column":31},"end":{"line":267,"column":42}},{"start":{"line":267,"column":42},"end":{"line":267,"column":57}}],"line":267},"31":{"loc":{"start":{"line":282,"column":52},"end":{"line":282,"column":99}},"type":"binary-expr","locations":[{"start":{"line":282,"column":52},"end":{"line":282,"column":75}},{"start":{"line":282,"column":75},"end":{"line":282,"column":99}}],"line":282},"32":{"loc":{"start":{"line":284,"column":29},"end":{"line":284,"column":null}},"type":"binary-expr","locations":[{"start":{"line":284,"column":29},"end":{"line":284,"column":53}},{"start":{"line":284,"column":53},"end":{"line":284,"column":null}}],"line":284},"33":{"loc":{"start":{"line":288,"column":12},"end":{"line":292,"column":null}},"type":"if","locations":[{"start":{"line":288,"column":12},"end":{"line":292,"column":null}},{"start":{"line":290,"column":19},"end":{"line":292,"column":null}}],"line":288},"34":{"loc":{"start":{"line":311,"column":8},"end":{"line":314,"column":null}},"type":"if","locations":[{"start":{"line":311,"column":8},"end":{"line":314,"column":null}},{"start":{},"end":{}}],"line":311},"35":{"loc":{"start":{"line":333,"column":12},"end":{"line":336,"column":null}},"type":"if","locations":[{"start":{"line":333,"column":12},"end":{"line":336,"column":null}},{"start":{},"end":{}}],"line":333},"36":{"loc":{"start":{"line":333,"column":16},"end":{"line":333,"column":57}},"type":"binary-expr","locations":[{"start":{"line":333,"column":16},"end":{"line":333,"column":31}},{"start":{"line":333,"column":31},"end":{"line":333,"column":42}},{"start":{"line":333,"column":42},"end":{"line":333,"column":57}}],"line":333},"37":{"loc":{"start":{"line":341,"column":16},"end":{"line":344,"column":null}},"type":"if","locations":[{"start":{"line":341,"column":16},"end":{"line":344,"column":null}},{"start":{},"end":{}}],"line":341},"38":{"loc":{"start":{"line":347,"column":12},"end":{"line":360,"column":null}},"type":"if","locations":[{"start":{"line":347,"column":12},"end":{"line":360,"column":null}},{"start":{},"end":{}}],"line":347},"39":{"loc":{"start":{"line":380,"column":8},"end":{"line":383,"column":null}},"type":"if","locations":[{"start":{"line":380,"column":8},"end":{"line":383,"column":null}},{"start":{},"end":{}}],"line":380},"40":{"loc":{"start":{"line":398,"column":12},"end":{"line":401,"column":null}},"type":"if","locations":[{"start":{"line":398,"column":12},"end":{"line":401,"column":null}},{"start":{},"end":{}}],"line":398},"41":{"loc":{"start":{"line":398,"column":16},"end":{"line":398,"column":54}},"type":"binary-expr","locations":[{"start":{"line":398,"column":16},"end":{"line":398,"column":27}},{"start":{"line":398,"column":27},"end":{"line":398,"column":54}}],"line":398},"42":{"loc":{"start":{"line":407,"column":29},"end":{"line":407,"column":null}},"type":"binary-expr","locations":[{"start":{"line":407,"column":29},"end":{"line":407,"column":54}},{"start":{"line":407,"column":54},"end":{"line":407,"column":null}}],"line":407},"43":{"loc":{"start":{"line":414,"column":16},"end":{"line":420,"column":null}},"type":"if","locations":[{"start":{"line":414,"column":16},"end":{"line":420,"column":null}},{"start":{},"end":{}}],"line":414},"44":{"loc":{"start":{"line":414,"column":20},"end":{"line":414,"column":103}},"type":"binary-expr","locations":[{"start":{"line":414,"column":20},"end":{"line":414,"column":31}},{"start":{"line":414,"column":31},"end":{"line":414,"column":62}},{"start":{"line":414,"column":62},"end":{"line":414,"column":82}},{"start":{"line":414,"column":82},"end":{"line":414,"column":103}}],"line":414}},"s":{"0":1,"1":1,"2":1,"3":1,"4":1,"5":0,"6":0,"7":0,"8":0,"9":0,"10":0,"11":0,"12":0,"13":0,"14":0,"15":0,"16":0,"17":0,"18":0,"19":0,"20":0,"21":0,"22":0,"23":0,"24":0,"25":0,"26":0,"27":0,"28":0,"29":0,"30":0,"31":0,"32":0,"33":0,"34":0,"35":0,"36":0,"37":0,"38":0,"39":0,"40":0,"41":0,"42":0,"43":0,"44":0,"45":0,"46":0,"47":0,"48":0,"49":0,"50":0,"51":0,"52":0,"53":0,"54":0,"55":0,"56":0,"57":0,"58":0,"59":0,"60":0,"61":0,"62":0,"63":0,"64":0,"65":0,"66":0,"67":0,"68":0,"69":0,"70":0,"71":0,"72":0,"73":0,"74":0,"75":0,"76":0,"77":0,"78":0,"79":0,"80":0,"81":0,"82":0,"83":0,"84":0,"85":0,"86":0,"87":0,"88":0,"89":0,"90":0,"91":0,"92":0,"93":0,"94":0,"95":0,"96":0,"97":0,"98":0,"99":0,"100":0,"101":0,"102":0,"103":0,"104":0,"105":0,"106":0,"107":0,"108":0,"109":0,"110":0,"111":0,"112":0,"113":0,"114":0,"115":0,"116":0,"117":0,"118":0,"119":0,"120":0,"121":0,"122":0,"123":0,"124":0,"125":0,"126":0,"127":0,"128":0,"129":0,"130":0,"131":0,"132":0,"133":0,"134":0,"135":0,"136":0,"137":0,"138":0,"139":0,"140":0,"141":0,"142":0,"143":0,"144":0,"145":0,"146":0,"147":0,"148":0,"149":0,"150":0,"151":0,"152":0,"153":0,"154":0,"155":0,"156":0,"157":0,"158":0,"159":0,"160":0,"161":0,"162":0,"163":0,"164":0,"165":0,"166":0,"167":0,"168":0,"169":0,"170":0,"171":0,"172":0,"173":0,"174":0,"175":0,"176":0,"177":0,"178":0,"179":0,"180":0,"181":0,"182":0,"183":0,"184":0,"185":0,"186":0,"187":0,"188":0,"189":0,"190":0,"191":0,"192":0,"193":0,"194":1},"f":{"0":1,"1":0,"2":0,"3":0,"4":0,"5":0,"6":0,"7":0,"8":0,"9":0,"10":0,"11":0,"12":0,"13":0,"14":0,"15":0,"16":0,"17":0},"b":{"0":[1],"1":[1,1],"2":[1,1],"3":[1,1],"4":[1,1],"5":[0],"6":[0,0],"7":[0,0],"8":[0,0],"9":[0,0],"10":[0,0],"11":[0,0],"12":[0,0],"13":[0,0],"14":[0,0],"15":[0,0],"16":[0],"17":[0,0],"18":[0,0],"19":[0,0],"20":[0,0],"21":[0,0],"22":[0,0],"23":[0,0],"24":[0],"25":[0],"26":[0,0],"27":[0,0],"28":[0,0],"29":[0,0],"30":[0,0,0],"31":[0,0],"32":[0,0],"33":[0,0],"34":[0,0],"35":[0,0],"36":[0,0,0],"37":[0,0],"38":[0,0],"39":[0,0],"40":[0,0],"41":[0,0],"42":[0,0],"43":[0,0],"44":[0,0,0,0]},"meta":{"lastBranch":45,"lastFunction":18,"lastStatement":195,"seen":{"f:55:4:55:16":0,"b:55:45:55:49":0,"s:56:8:59:Infinity":0,"b:56:25:56:46:56:46:59:Infinity":1,"s:60:8:60:Infinity":1,"b:60:23:60:42:60:42:60:Infinity":2,"s:61:8:61:Infinity":2,"b:61:29:61:54:61:54:61:Infinity":3,"s:62:8:62:Infinity":3,"b:62:26:62:48:62:48:62:Infinity":4,"s:63:8:63:Infinity":4,"f:69:10:69:26":1,"b:69:60:69:82":5,"s:70:25:70:Infinity":5,"s:71:24:71:Infinity":6,"s:73:8:105:Infinity":7,"s:74:29:74:Infinity":8,"b:76:12:78:Infinity:undefined:undefined:undefined:undefined":6,"s:76:12:78:Infinity":9,"s:77:16:77:Infinity":10,"s:81:12:81:Infinity":11,"s:83:33:83:Infinity":12,"b:83:58:83:74:83:74:83:Infinity":7,"s:84:12:84:Infinity":13,"b:87:12:91:Infinity:undefined:undefined:undefined:undefined":8,"s:87:12:91:Infinity":14,"s:88:16:88:Infinity":15,"s:89:16:89:Infinity":16,"s:90:16:90:Infinity":17,"b:94:12:101:Infinity:undefined:undefined:undefined:undefined":9,"s:94:12:101:Infinity":18,"s:95:16:95:Infinity":19,"s:96:16:96:Infinity":20,"s:99:16:99:Infinity":21,"s:100:16:100:Infinity":22,"s:104:12:104:Infinity":23,"f:111:12:111:18":2,"s:112:8:112:Infinity":24,"f:112:27:112:38":3,"s:112:38:112:61":25,"f:118:10:118:26":4,"s:119:25:119:Infinity":26,"s:122:23:122:Infinity":27,"b:123:8:126:Infinity:undefined:undefined:undefined:undefined":10,"s:123:8:126:Infinity":28,"s:124:12:124:Infinity":29,"s:125:12:125:Infinity":30,"s:129:8:165:Infinity":31,"s:130:30:130:Infinity":32,"s:131:29:131:Infinity":33,"s:132:25:132:Infinity":34,"s:134:27:134:Infinity":35,"s:135:24:135:Infinity":36,"s:136:27:136:Infinity":37,"b:136:27:136:51:136:51:136:Infinity":11,"b:139:12:147:Infinity:undefined:undefined:undefined:undefined":12,"s:139:12:147:Infinity":38,"b:139:16:139:26:139:26:139:64":13,"s:140:31:140:Infinity":39,"s:141:16:146:Infinity":40,"s:141:29:141:48":41,"b:142:20:145:Infinity:undefined:undefined:undefined:undefined":14,"s:142:20:145:Infinity":42,"s:143:24:143:Infinity":43,"s:144:24:144:Infinity":44,"b:149:12:157:Infinity:undefined:undefined:undefined:undefined":15,"s:149:12:157:Infinity":45,"s:150:45:150:Infinity":46,"s:153:16:153:Infinity":47,"s:155:16:155:Infinity":48,"s:156:16:156:Infinity":49,"s:159:12:159:Infinity":50,"s:160:12:160:Infinity":51,"s:163:12:163:Infinity":52,"s:164:12:164:Infinity":53,"f:171:10:171:27":5,"b:171:74:171:114":16,"s:172:33:172:Infinity":54,"f:172:51:172:56":6,"s:172:56:172:81":55,"b:172:56:172:61:172:61:172:81":17,"b:173:8:173:Infinity:undefined:undefined:undefined:undefined":18,"s:173:8:173:Infinity":56,"s:173:43:173:Infinity":57,"s:175:46:175:Infinity":58,"s:176:72:176:Infinity":59,"s:179:8:188:Infinity":60,"s:180:29:180:Infinity":61,"s:181:27:181:Infinity":62,"b:183:12:187:Infinity:185:19:187:Infinity":19,"s:183:12:187:Infinity":63,"s:184:16:184:Infinity":64,"s:186:16:186:Infinity":65,"b:190:8:193:Infinity:undefined:undefined:undefined:undefined":20,"s:190:8:193:Infinity":66,"s:191:12:191:Infinity":67,"s:192:12:192:Infinity":68,"s:196:8:234:Infinity":69,"s:197:29:215:Infinity":70,"f:197:46:197:53":7,"s:198:16:214:Infinity":71,"s:199:38:199:Infinity":72,"s:200:37:200:Infinity":73,"s:201:33:201:Infinity":74,"s:202:35:202:Infinity":75,"s:203:33:203:Infinity":76,"b:205:20:207:Infinity:undefined:undefined:undefined:undefined":21,"s:205:20:207:Infinity":77,"s:206:24:206:Infinity":78,"s:209:20:209:Infinity":79,"s:210:20:210:Infinity":80,"s:212:20:212:Infinity":81,"s:213:20:213:Infinity":82,"s:217:28:217:Infinity":83,"s:220:12:226:Infinity":84,"f:220:28:220:38":8,"b:221:16:225:Infinity:undefined:undefined:undefined:undefined":22,"s:221:16:225:Infinity":85,"b:221:20:221:30:221:30:221:43":23,"s:222:20:222:Infinity":86,"s:223:37:223:Infinity":87,"s:224:20:224:Infinity":88,"s:228:12:228:Infinity":89,"f:228:63:228:68":9,"s:228:68:228:69":90,"s:229:12:229:Infinity":91,"s:232:12:232:Infinity":92,"s:233:12:233:Infinity":93,"f:240:10:240:21":10,"b:240:53:240:60":24,"b:240:79:240:114":25,"s:242:28:242:Infinity":94,"s:243:25:243:Infinity":95,"s:246:30:246:Infinity":96,"b:246:47:246:63:246:63:246:Infinity":26,"b:249:8:255:Infinity:undefined:undefined:undefined:undefined":27,"s:249:8:255:Infinity":97,"s:250:27:250:Infinity":98,"b:251:12:254:Infinity:undefined:undefined:undefined:undefined":28,"s:251:12:254:Infinity":99,"s:252:16:252:Infinity":100,"s:253:16:253:Infinity":101,"s:258:8:300:Infinity":102,"s:259:30:259:Infinity":103,"s:260:29:260:Infinity":104,"s:261:25:261:Infinity":105,"s:263:27:263:Infinity":106,"s:264:31:264:Infinity":107,"s:265:27:265:Infinity":108,"b:267:12:270:Infinity:undefined:undefined:undefined:undefined":29,"s:267:12:270:Infinity":109,"b:267:16:267:31:267:31:267:42:267:42:267:57":30,"s:268:16:268:Infinity":110,"s:269:16:269:Infinity":111,"s:273:50:282:Infinity":112,"f:274:21:274:22":11,"s:275:33:275:Infinity":113,"s:276:20:280:Infinity":114,"f:282:24:282:25":12,"s:282:52:282:99":115,"b:282:52:282:75:282:75:282:99":31,"s:284:29:284:Infinity":116,"b:284:29:284:53:284:53:284:Infinity":32,"s:285:45:285:Infinity":117,"b:288:12:292:Infinity:290:19:292:Infinity":33,"s:288:12:292:Infinity":118,"s:289:16:289:Infinity":119,"s:291:16:291:Infinity":120,"s:294:12:294:Infinity":121,"s:295:12:295:Infinity":122,"s:298:12:298:Infinity":123,"s:299:12:299:Infinity":124,"f:306:10:306:28":13,"s:307:25:307:Infinity":125,"s:310:23:310:Infinity":126,"b:311:8:314:Infinity:undefined:undefined:undefined:undefined":34,"s:311:8:314:Infinity":127,"s:312:12:312:Infinity":128,"s:313:12:313:Infinity":129,"s:317:24:317:Infinity":130,"s:318:31:318:Infinity":131,"s:319:29:319:Infinity":132,"s:321:21:321:Infinity":133,"s:324:8:368:Infinity":134,"s:325:30:325:Infinity":135,"s:326:29:326:Infinity":136,"s:327:25:327:Infinity":137,"s:329:27:329:Infinity":138,"s:330:31:330:Infinity":139,"s:331:27:331:Infinity":140,"b:333:12:336:Infinity:undefined:undefined:undefined:undefined":35,"s:333:12:336:Infinity":141,"b:333:16:333:31:333:31:333:42:333:42:333:57":36,"s:334:16:334:Infinity":142,"s:335:16:335:Infinity":143,"s:339:44:339:Infinity":144,"s:340:12:345:Infinity":145,"s:340:25:340:28":146,"b:341:16:344:Infinity:undefined:undefined:undefined:undefined":37,"s:341:16:344:Infinity":147,"s:342:20:342:Infinity":148,"s:343:20:343:Infinity":149,"b:347:12:360:Infinity:undefined:undefined:undefined:undefined":38,"s:347:12:360:Infinity":150,"s:348:43:353:Infinity":151,"s:356:16:356:Infinity":152,"s:358:16:358:Infinity":153,"s:359:16:359:Infinity":154,"s:362:12:362:Infinity":155,"s:363:12:363:Infinity":156,"s:366:12:366:Infinity":157,"s:367:12:367:Infinity":158,"f:375:10:375:25":14,"s:376:25:376:Infinity":159,"s:379:23:379:Infinity":160,"b:380:8:383:Infinity:undefined:undefined:undefined:undefined":39,"s:380:8:383:Infinity":161,"s:381:12:381:Infinity":162,"s:382:12:382:Infinity":163,"s:385:8:435:Infinity":164,"s:388:28:388:Infinity":165,"s:389:30:389:Infinity":166,"s:391:30:391:Infinity":167,"s:392:12:392:Infinity":168,"s:394:29:394:Infinity":169,"s:395:25:395:Infinity":170,"s:397:27:397:Infinity":171,"b:398:12:401:Infinity:undefined:undefined:undefined:undefined":40,"s:398:12:401:Infinity":172,"b:398:16:398:27:398:27:398:54":41,"s:399:16:399:Infinity":173,"s:400:16:400:Infinity":174,"s:403:33:403:Infinity":175,"s:404:48:404:Infinity":176,"s:407:29:407:Infinity":177,"b:407:29:407:54:407:54:407:Infinity":42,"s:410:12:421:Infinity":178,"s:411:29:411:Infinity":179,"s:412:32:412:Infinity":180,"b:414:16:420:Infinity:undefined:undefined:undefined:undefined":43,"s:414:16:420:Infinity":181,"b:414:20:414:31:414:31:414:62:414:62:414:82:414:82:414:103":44,"s:415:20:419:Infinity":182,"s:424:12:424:Infinity":183,"f:424:27:424:28":15,"s:424:37:424:96":184,"s:427:12:427:Infinity":185,"s:429:12:429:Infinity":186,"s:430:12:430:Infinity":187,"s:433:12:433:Infinity":188,"s:434:12:434:Infinity":189,"f:441:4:441:26":16,"s:442:8:442:Infinity":190,"s:443:8:443:Infinity":191,"f:449:4:449:23":17,"s:450:8:450:Infinity":192,"s:451:8:451:Infinity":193,"s:456:26:456:Infinity":194}}}
,"C:\\Users\\Wojtek\\Desktop\\gemini\\app_stock\\src\\lib\\CacheService.ts": {"path":"C:\\Users\\Wojtek\\Desktop\\gemini\\app_stock\\src\\lib\\CacheService.ts","statementMap":{"0":{"start":{"line":8,"column":6},"end":{"line":8,"column":null}},"1":{"start":{"line":36,"column":8},"end":{"line":36,"column":null}},"2":{"start":{"line":37,"column":8},"end":{"line":37,"column":null}},"3":{"start":{"line":44,"column":8},"end":{"line":44,"column":null}},"4":{"start":{"line":51,"column":8},"end":{"line":71,"column":null}},"5":{"start":{"line":52,"column":29},"end":{"line":52,"column":null}},"6":{"start":{"line":53,"column":29},"end":{"line":53,"column":null}},"7":{"start":{"line":55,"column":12},"end":{"line":55,"column":null}},"8":{"start":{"line":55,"column":27},"end":{"line":55,"column":null}},"9":{"start":{"line":57,"column":26},"end":{"line":57,"column":null}},"10":{"start":{"line":58,"column":24},"end":{"line":58,"column":null}},"11":{"start":{"line":59,"column":36},"end":{"line":59,"column":null}},"12":{"start":{"line":61,"column":12},"end":{"line":63,"column":null}},"13":{"start":{"line":62,"column":16},"end":{"line":62,"column":null}},"14":{"start":{"line":66,"column":12},"end":{"line":66,"column":null}},"15":{"start":{"line":67,"column":12},"end":{"line":67,"column":null}},"16":{"start":{"line":69,"column":12},"end":{"line":69,"column":null}},"17":{"start":{"line":70,"column":12},"end":{"line":70,"column":null}},"18":{"start":{"line":79,"column":8},"end":{"line":120,"column":null}},"19":{"start":{"line":80,"column":29},"end":{"line":80,"column":null}},"20":{"start":{"line":81,"column":44},"end":{"line":86,"column":null}},"21":{"start":{"line":88,"column":31},"end":{"line":88,"column":null}},"22":{"start":{"line":89,"column":27},"end":{"line":89,"column":null}},"23":{"start":{"line":92,"column":38},"end":{"line":92,"column":null}},"24":{"start":{"line":93,"column":12},"end":{"line":96,"column":null}},"25":{"start":{"line":94,"column":16},"end":{"line":94,"column":null}},"26":{"start":{"line":95,"column":16},"end":{"line":95,"column":null}},"27":{"start":{"line":98,"column":12},"end":{"line":98,"column":null}},"28":{"start":{"line":100,"column":12},"end":{"line":100,"column":null}},"29":{"start":{"line":102,"column":12},"end":{"line":119,"column":null}},"30":{"start":{"line":103,"column":16},"end":{"line":103,"column":null}},"31":{"start":{"line":104,"column":16},"end":{"line":104,"column":null}},"32":{"start":{"line":107,"column":16},"end":{"line":118,"column":null}},"33":{"start":{"line":108,"column":37},"end":{"line":108,"column":null}},"34":{"start":{"line":109,"column":52},"end":{"line":114,"column":null}},"35":{"start":{"line":115,"column":20},"end":{"line":115,"column":null}},"36":{"start":{"line":117,"column":20},"end":{"line":117,"column":null}},"37":{"start":{"line":127,"column":8},"end":{"line":142,"column":null}},"38":{"start":{"line":128,"column":26},"end":{"line":128,"column":null}},"39":{"start":{"line":129,"column":43},"end":{"line":129,"column":null}},"40":{"start":{"line":131,"column":12},"end":{"line":136,"column":null}},"41":{"start":{"line":131,"column":25},"end":{"line":131,"column":28}},"42":{"start":{"line":132,"column":28},"end":{"line":132,"column":null}},"43":{"start":{"line":133,"column":16},"end":{"line":135,"column":null}},"44":{"start":{"line":134,"column":20},"end":{"line":134,"column":null}},"45":{"start":{"line":138,"column":12},"end":{"line":138,"column":null}},"46":{"start":{"line":138,"column":40},"end":{"line":138,"column":68}},"47":{"start":{"line":139,"column":12},"end":{"line":139,"column":null}},"48":{"start":{"line":141,"column":12},"end":{"line":141,"column":null}},"49":{"start":{"line":149,"column":8},"end":{"line":164,"column":null}},"50":{"start":{"line":150,"column":43},"end":{"line":150,"column":null}},"51":{"start":{"line":151,"column":34},"end":{"line":151,"column":null}},"52":{"start":{"line":153,"column":12},"end":{"line":158,"column":null}},"53":{"start":{"line":153,"column":25},"end":{"line":153,"column":28}},"54":{"start":{"line":154,"column":28},"end":{"line":154,"column":null}},"55":{"start":{"line":155,"column":16},"end":{"line":157,"column":null}},"56":{"start":{"line":156,"column":20},"end":{"line":156,"column":null}},"57":{"start":{"line":160,"column":12},"end":{"line":160,"column":null}},"58":{"start":{"line":160,"column":40},"end":{"line":160,"column":68}},"59":{"start":{"line":161,"column":12},"end":{"line":161,"column":null}},"60":{"start":{"line":163,"column":12},"end":{"line":163,"column":null}},"61":{"start":{"line":171,"column":8},"end":{"line":198,"column":null}},"62":{"start":{"line":172,"column":71},"end":{"line":172,"column":null}},"63":{"start":{"line":173,"column":34},"end":{"line":173,"column":null}},"64":{"start":{"line":175,"column":12},"end":{"line":186,"column":null}},"65":{"start":{"line":175,"column":25},"end":{"line":175,"column":28}},"66":{"start":{"line":176,"column":28},"end":{"line":176,"column":null}},"67":{"start":{"line":177,"column":16},"end":{"line":185,"column":null}},"68":{"start":{"line":178,"column":20},"end":{"line":184,"column":null}},"69":{"start":{"line":179,"column":37},"end":{"line":179,"column":null}},"70":{"start":{"line":180,"column":24},"end":{"line":180,"column":null}},"71":{"start":{"line":183,"column":24},"end":{"line":183,"column":null}},"72":{"start":{"line":189,"column":12},"end":{"line":189,"column":null}},"73":{"start":{"line":189,"column":35},"end":{"line":189,"column":60}},"74":{"start":{"line":192,"column":29},"end":{"line":192,"column":null}},"75":{"start":{"line":193,"column":12},"end":{"line":193,"column":null}},"76":{"start":{"line":193,"column":38},"end":{"line":193,"column":72}},"77":{"start":{"line":195,"column":12},"end":{"line":195,"column":null}},"78":{"start":{"line":197,"column":12},"end":{"line":197,"column":null}},"79":{"start":{"line":206,"column":8},"end":{"line":239,"column":null}},"80":{"start":{"line":207,"column":43},"end":{"line":207,"column":null}},"81":{"start":{"line":208,"column":34},"end":{"line":208,"column":null}},"82":{"start":{"line":209,"column":24},"end":{"line":209,"column":null}},"83":{"start":{"line":211,"column":12},"end":{"line":227,"column":null}},"84":{"start":{"line":211,"column":25},"end":{"line":211,"column":28}},"85":{"start":{"line":212,"column":28},"end":{"line":212,"column":null}},"86":{"start":{"line":213,"column":16},"end":{"line":226,"column":null}},"87":{"start":{"line":214,"column":20},"end":{"line":225,"column":null}},"88":{"start":{"line":215,"column":37},"end":{"line":215,"column":null}},"89":{"start":{"line":216,"column":36},"end":{"line":216,"column":null}},"90":{"start":{"line":217,"column":36},"end":{"line":217,"column":null}},"91":{"start":{"line":219,"column":24},"end":{"line":221,"column":null}},"92":{"start":{"line":220,"column":28},"end":{"line":220,"column":null}},"93":{"start":{"line":224,"column":24},"end":{"line":224,"column":null}},"94":{"start":{"line":229,"column":12},"end":{"line":229,"column":null}},"95":{"start":{"line":229,"column":40},"end":{"line":229,"column":68}},"96":{"start":{"line":231,"column":12},"end":{"line":233,"column":null}},"97":{"start":{"line":232,"column":16},"end":{"line":232,"column":null}},"98":{"start":{"line":235,"column":12},"end":{"line":235,"column":null}},"99":{"start":{"line":237,"column":12},"end":{"line":237,"column":null}},"100":{"start":{"line":238,"column":12},"end":{"line":238,"column":null}},"101":{"start":{"line":246,"column":27},"end":{"line":246,"column":null}},"102":{"start":{"line":247,"column":24},"end":{"line":247,"column":null}},"103":{"start":{"line":248,"column":30},"end":{"line":248,"column":null}},"104":{"start":{"line":250,"column":8},"end":{"line":257,"column":null}},"105":{"start":{"line":250,"column":21},"end":{"line":250,"column":24}},"106":{"start":{"line":251,"column":24},"end":{"line":251,"column":null}},"107":{"start":{"line":252,"column":12},"end":{"line":256,"column":null}},"108":{"start":{"line":253,"column":16},"end":{"line":253,"column":null}},"109":{"start":{"line":254,"column":30},"end":{"line":254,"column":null}},"110":{"start":{"line":255,"column":16},"end":{"line":255,"column":null}},"111":{"start":{"line":259,"column":8},"end":{"line":263,"column":null}},"112":{"start":{"line":268,"column":28},"end":{"line":268,"column":null}}},"fnMap":{"0":{"name":"(anonymous_0)","decl":{"start":{"line":35,"column":4},"end":{"line":35,"column":16}},"loc":{"start":{"line":35,"column":57},"end":{"line":38,"column":null}},"line":35},"1":{"name":"(anonymous_1)","decl":{"start":{"line":43,"column":12},"end":{"line":43,"column":25}},"loc":{"start":{"line":43,"column":46},"end":{"line":45,"column":null}},"line":43},"2":{"name":"(anonymous_2)","decl":{"start":{"line":50,"column":4},"end":{"line":50,"column":21}},"loc":{"start":{"line":50,"column":74},"end":{"line":72,"column":null}},"line":50},"3":{"name":"(anonymous_3)","decl":{"start":{"line":78,"column":4},"end":{"line":78,"column":21}},"loc":{"start":{"line":78,"column":81},"end":{"line":121,"column":null}},"line":78},"4":{"name":"(anonymous_4)","decl":{"start":{"line":126,"column":4},"end":{"line":126,"column":15}},"loc":{"start":{"line":126,"column":47},"end":{"line":143,"column":null}},"line":126},"5":{"name":"(anonymous_5)","decl":{"start":{"line":138,"column":33},"end":{"line":138,"column":40}},"loc":{"start":{"line":138,"column":40},"end":{"line":138,"column":68}},"line":138},"6":{"name":"(anonymous_6)","decl":{"start":{"line":148,"column":4},"end":{"line":148,"column":18}},"loc":{"start":{"line":148,"column":18},"end":{"line":165,"column":null}},"line":148},"7":{"name":"(anonymous_7)","decl":{"start":{"line":160,"column":33},"end":{"line":160,"column":40}},"loc":{"start":{"line":160,"column":40},"end":{"line":160,"column":68}},"line":160},"8":{"name":"(anonymous_8)","decl":{"start":{"line":170,"column":4},"end":{"line":170,"column":16}},"loc":{"start":{"line":170,"column":34},"end":{"line":199,"column":null}},"line":170},"9":{"name":"(anonymous_9)","decl":{"start":{"line":189,"column":25},"end":{"line":189,"column":26}},"loc":{"start":{"line":189,"column":35},"end":{"line":189,"column":60}},"line":189},"10":{"name":"(anonymous_10)","decl":{"start":{"line":193,"column":29},"end":{"line":193,"column":38}},"loc":{"start":{"line":193,"column":38},"end":{"line":193,"column":72}},"line":193},"11":{"name":"(anonymous_11)","decl":{"start":{"line":205,"column":4},"end":{"line":205,"column":22}},"loc":{"start":{"line":205,"column":22},"end":{"line":240,"column":null}},"line":205},"12":{"name":"(anonymous_12)","decl":{"start":{"line":229,"column":33},"end":{"line":229,"column":40}},"loc":{"start":{"line":229,"column":40},"end":{"line":229,"column":68}},"line":229},"13":{"name":"(anonymous_13)","decl":{"start":{"line":245,"column":4},"end":{"line":245,"column":27}},"loc":{"start":{"line":245,"column":27},"end":{"line":264,"column":null}},"line":245}},"branchMap":{"0":{"loc":{"start":{"line":35,"column":16},"end":{"line":35,"column":41}},"type":"default-arg","locations":[{"start":{"line":35,"column":25},"end":{"line":35,"column":41}}],"line":35},"1":{"loc":{"start":{"line":35,"column":41},"end":{"line":35,"column":57}},"type":"default-arg","locations":[{"start":{"line":35,"column":51},"end":{"line":35,"column":57}}],"line":35},"2":{"loc":{"start":{"line":50,"column":34},"end":{"line":50,"column":74}},"type":"default-arg","locations":[{"start":{"line":50,"column":58},"end":{"line":50,"column":74}}],"line":50},"3":{"loc":{"start":{"line":55,"column":12},"end":{"line":55,"column":null}},"type":"if","locations":[{"start":{"line":55,"column":12},"end":{"line":55,"column":null}},{"start":{},"end":{}}],"line":55},"4":{"loc":{"start":{"line":59,"column":36},"end":{"line":59,"column":null}},"type":"binary-expr","locations":[{"start":{"line":59,"column":36},"end":{"line":59,"column":46}},{"start":{"line":59,"column":46},"end":{"line":59,"column":59}},{"start":{"line":59,"column":59},"end":{"line":59,"column":null}}],"line":59},"5":{"loc":{"start":{"line":61,"column":12},"end":{"line":63,"column":null}},"type":"if","locations":[{"start":{"line":61,"column":12},"end":{"line":63,"column":null}},{"start":{},"end":{}}],"line":61},"6":{"loc":{"start":{"line":78,"column":44},"end":{"line":78,"column":81}},"type":"default-arg","locations":[{"start":{"line":78,"column":71},"end":{"line":78,"column":81}}],"line":78},"7":{"loc":{"start":{"line":84,"column":21},"end":{"line":84,"column":null}},"type":"binary-expr","locations":[{"start":{"line":84,"column":21},"end":{"line":84,"column":36}},{"start":{"line":84,"column":36},"end":{"line":84,"column":null}}],"line":84},"8":{"loc":{"start":{"line":85,"column":26},"end":{"line":85,"column":null}},"type":"binary-expr","locations":[{"start":{"line":85,"column":26},"end":{"line":85,"column":46}},{"start":{"line":85,"column":46},"end":{"line":85,"column":null}}],"line":85},"9":{"loc":{"start":{"line":93,"column":12},"end":{"line":96,"column":null}},"type":"if","locations":[{"start":{"line":93,"column":12},"end":{"line":96,"column":null}},{"start":{},"end":{}}],"line":93},"10":{"loc":{"start":{"line":102,"column":12},"end":{"line":119,"column":null}},"type":"if","locations":[{"start":{"line":102,"column":12},"end":{"line":119,"column":null}},{"start":{},"end":{}}],"line":102},"11":{"loc":{"start":{"line":102,"column":16},"end":{"line":102,"column":71}},"type":"binary-expr","locations":[{"start":{"line":102,"column":16},"end":{"line":102,"column":38}},{"start":{"line":102,"column":38},"end":{"line":102,"column":71}}],"line":102},"12":{"loc":{"start":{"line":112,"column":29},"end":{"line":112,"column":null}},"type":"binary-expr","locations":[{"start":{"line":112,"column":29},"end":{"line":112,"column":44}},{"start":{"line":112,"column":44},"end":{"line":112,"column":null}}],"line":112},"13":{"loc":{"start":{"line":113,"column":34},"end":{"line":113,"column":null}},"type":"binary-expr","locations":[{"start":{"line":113,"column":34},"end":{"line":113,"column":54}},{"start":{"line":113,"column":54},"end":{"line":113,"column":null}}],"line":113},"14":{"loc":{"start":{"line":128,"column":26},"end":{"line":128,"column":null}},"type":"cond-expr","locations":[{"start":{"line":128,"column":54},"end":{"line":128,"column":64}},{"start":{"line":128,"column":64},"end":{"line":128,"column":null}}],"line":128},"15":{"loc":{"start":{"line":133,"column":16},"end":{"line":135,"column":null}},"type":"if","locations":[{"start":{"line":133,"column":16},"end":{"line":135,"column":null}},{"start":{},"end":{}}],"line":133},"16":{"loc":{"start":{"line":133,"column":20},"end":{"line":133,"column":90}},"type":"binary-expr","locations":[{"start":{"line":133,"column":20},"end":{"line":133,"column":27}},{"start":{"line":133,"column":27},"end":{"line":133,"column":73}},{"start":{"line":133,"column":73},"end":{"line":133,"column":90}}],"line":133},"17":{"loc":{"start":{"line":155,"column":16},"end":{"line":157,"column":null}},"type":"if","locations":[{"start":{"line":155,"column":16},"end":{"line":157,"column":null}},{"start":{},"end":{}}],"line":155},"18":{"loc":{"start":{"line":155,"column":20},"end":{"line":155,"column":58}},"type":"binary-expr","locations":[{"start":{"line":155,"column":20},"end":{"line":155,"column":27}},{"start":{"line":155,"column":27},"end":{"line":155,"column":58}}],"line":155},"19":{"loc":{"start":{"line":170,"column":16},"end":{"line":170,"column":34}},"type":"default-arg","locations":[{"start":{"line":170,"column":24},"end":{"line":170,"column":34}}],"line":170},"20":{"loc":{"start":{"line":177,"column":16},"end":{"line":185,"column":null}},"type":"if","locations":[{"start":{"line":177,"column":16},"end":{"line":185,"column":null}},{"start":{},"end":{}}],"line":177},"21":{"loc":{"start":{"line":177,"column":20},"end":{"line":177,"column":58}},"type":"binary-expr","locations":[{"start":{"line":177,"column":20},"end":{"line":177,"column":27}},{"start":{"line":177,"column":27},"end":{"line":177,"column":58}}],"line":177},"22":{"loc":{"start":{"line":179,"column":48},"end":{"line":179,"column":81}},"type":"binary-expr","locations":[{"start":{"line":179,"column":48},"end":{"line":179,"column":77}},{"start":{"line":179,"column":77},"end":{"line":179,"column":81}}],"line":179},"23":{"loc":{"start":{"line":180,"column":55},"end":{"line":180,"column":75}},"type":"binary-expr","locations":[{"start":{"line":180,"column":55},"end":{"line":180,"column":73}},{"start":{"line":180,"column":73},"end":{"line":180,"column":75}}],"line":180},"24":{"loc":{"start":{"line":213,"column":16},"end":{"line":226,"column":null}},"type":"if","locations":[{"start":{"line":213,"column":16},"end":{"line":226,"column":null}},{"start":{},"end":{}}],"line":213},"25":{"loc":{"start":{"line":213,"column":20},"end":{"line":213,"column":58}},"type":"binary-expr","locations":[{"start":{"line":213,"column":20},"end":{"line":213,"column":27}},{"start":{"line":213,"column":27},"end":{"line":213,"column":58}}],"line":213},"26":{"loc":{"start":{"line":215,"column":48},"end":{"line":215,"column":81}},"type":"binary-expr","locations":[{"start":{"line":215,"column":48},"end":{"line":215,"column":77}},{"start":{"line":215,"column":77},"end":{"line":215,"column":81}}],"line":215},"27":{"loc":{"start":{"line":217,"column":36},"end":{"line":217,"column":null}},"type":"binary-expr","locations":[{"start":{"line":217,"column":36},"end":{"line":217,"column":48}},{"start":{"line":217,"column":48},"end":{"line":217,"column":null}}],"line":217},"28":{"loc":{"start":{"line":219,"column":24},"end":{"line":221,"column":null}},"type":"if","locations":[{"start":{"line":219,"column":24},"end":{"line":221,"column":null}},{"start":{},"end":{}}],"line":219},"29":{"loc":{"start":{"line":231,"column":12},"end":{"line":233,"column":null}},"type":"if","locations":[{"start":{"line":231,"column":12},"end":{"line":233,"column":null}},{"start":{},"end":{}}],"line":231},"30":{"loc":{"start":{"line":252,"column":12},"end":{"line":256,"column":null}},"type":"if","locations":[{"start":{"line":252,"column":12},"end":{"line":256,"column":null}},{"start":{},"end":{}}],"line":252},"31":{"loc":{"start":{"line":252,"column":16},"end":{"line":252,"column":54}},"type":"binary-expr","locations":[{"start":{"line":252,"column":16},"end":{"line":252,"column":23}},{"start":{"line":252,"column":23},"end":{"line":252,"column":54}}],"line":252},"32":{"loc":{"start":{"line":255,"column":43},"end":{"line":255,"column":null}},"type":"cond-expr","locations":[{"start":{"line":255,"column":51},"end":{"line":255,"column":66}},{"start":{"line":255,"column":66},"end":{"line":255,"column":null}}],"line":255}},"s":{"0":2,"1":15,"2":15,"3":43,"4":21,"5":21,"6":21,"7":21,"8":8,"9":13,"10":13,"11":13,"12":21,"13":11,"14":2,"15":2,"16":0,"17":0,"18":22,"19":22,"20":22,"21":22,"22":22,"23":22,"24":22,"25":0,"26":0,"27":21,"28":1,"29":1,"30":0,"31":0,"32":0,"33":0,"34":0,"35":0,"36":0,"37":2,"38":2,"39":2,"40":2,"41":2,"42":5,"43":5,"44":3,"45":2,"46":3,"47":2,"48":0,"49":1,"50":1,"51":1,"52":1,"53":1,"54":3,"55":3,"56":3,"57":1,"58":3,"59":1,"60":0,"61":1,"62":1,"63":1,"64":1,"65":1,"66":3,"67":3,"68":3,"69":3,"70":3,"71":0,"72":1,"73":2,"74":1,"75":1,"76":1,"77":1,"78":0,"79":0,"80":0,"81":0,"82":0,"83":0,"84":0,"85":0,"86":0,"87":0,"88":0,"89":0,"90":0,"91":0,"92":0,"93":0,"94":0,"95":0,"96":0,"97":0,"98":0,"99":0,"100":0,"101":1,"102":1,"103":1,"104":1,"105":1,"106":2,"107":2,"108":2,"109":2,"110":2,"111":1,"112":2},"f":{"0":15,"1":43,"2":21,"3":22,"4":2,"5":3,"6":1,"7":3,"8":1,"9":2,"10":1,"11":0,"12":0,"13":1},"b":{"0":[15],"1":[15],"2":[21],"3":[8,13],"4":[13,9,9],"5":[11,10],"6":[22],"7":[22,21],"8":[22,22],"9":[0,22],"10":[0,1],"11":[1,1],"12":[0,0],"13":[0,0],"14":[0,2],"15":[3,2],"16":[5,5,5],"17":[3,0],"18":[3,3],"19":[1],"20":[3,0],"21":[3,3],"22":[3,0],"23":[3,0],"24":[0,0],"25":[0,0],"26":[0,0],"27":[0,0],"28":[0,0],"29":[0,0],"30":[2,0],"31":[2,2],"32":[2,0]},"meta":{"lastBranch":33,"lastFunction":14,"lastStatement":113,"seen":{"s:8:6:8:Infinity":0,"f:35:4:35:16":0,"b:35:25:35:41":0,"b:35:51:35:57":1,"s:36:8:36:Infinity":1,"s:37:8:37:Infinity":2,"f:43:12:43:25":1,"s:44:8:44:Infinity":3,"f:50:4:50:21":2,"b:50:58:50:74":2,"s:51:8:71:Infinity":4,"s:52:29:52:Infinity":5,"s:53:29:53:Infinity":6,"b:55:12:55:Infinity:undefined:undefined:undefined:undefined":3,"s:55:12:55:Infinity":7,"s:55:27:55:Infinity":8,"s:57:26:57:Infinity":9,"s:58:24:58:Infinity":10,"s:59:36:59:Infinity":11,"b:59:36:59:46:59:46:59:59:59:59:59:Infinity":4,"b:61:12:63:Infinity:undefined:undefined:undefined:undefined":5,"s:61:12:63:Infinity":12,"s:62:16:62:Infinity":13,"s:66:12:66:Infinity":14,"s:67:12:67:Infinity":15,"s:69:12:69:Infinity":16,"s:70:12:70:Infinity":17,"f:78:4:78:21":3,"b:78:71:78:81":6,"s:79:8:120:Infinity":18,"s:80:29:80:Infinity":19,"s:81:44:86:Infinity":20,"b:84:21:84:36:84:36:84:Infinity":7,"b:85:26:85:46:85:46:85:Infinity":8,"s:88:31:88:Infinity":21,"s:89:27:89:Infinity":22,"s:92:38:92:Infinity":23,"b:93:12:96:Infinity:undefined:undefined:undefined:undefined":9,"s:93:12:96:Infinity":24,"s:94:16:94:Infinity":25,"s:95:16:95:Infinity":26,"s:98:12:98:Infinity":27,"s:100:12:100:Infinity":28,"b:102:12:119:Infinity:undefined:undefined:undefined:undefined":10,"s:102:12:119:Infinity":29,"b:102:16:102:38:102:38:102:71":11,"s:103:16:103:Infinity":30,"s:104:16:104:Infinity":31,"s:107:16:118:Infinity":32,"s:108:37:108:Infinity":33,"s:109:52:114:Infinity":34,"b:112:29:112:44:112:44:112:Infinity":12,"b:113:34:113:54:113:54:113:Infinity":13,"s:115:20:115:Infinity":35,"s:117:20:117:Infinity":36,"f:126:4:126:15":4,"s:127:8:142:Infinity":37,"s:128:26:128:Infinity":38,"b:128:54:128:64:128:64:128:Infinity":14,"s:129:43:129:Infinity":39,"s:131:12:136:Infinity":40,"s:131:25:131:28":41,"s:132:28:132:Infinity":42,"b:133:16:135:Infinity:undefined:undefined:undefined:undefined":15,"s:133:16:135:Infinity":43,"b:133:20:133:27:133:27:133:73:133:73:133:90":16,"s:134:20:134:Infinity":44,"s:138:12:138:Infinity":45,"f:138:33:138:40":5,"s:138:40:138:68":46,"s:139:12:139:Infinity":47,"s:141:12:141:Infinity":48,"f:148:4:148:18":6,"s:149:8:164:Infinity":49,"s:150:43:150:Infinity":50,"s:151:34:151:Infinity":51,"s:153:12:158:Infinity":52,"s:153:25:153:28":53,"s:154:28:154:Infinity":54,"b:155:16:157:Infinity:undefined:undefined:undefined:undefined":17,"s:155:16:157:Infinity":55,"b:155:20:155:27:155:27:155:58":18,"s:156:20:156:Infinity":56,"s:160:12:160:Infinity":57,"f:160:33:160:40":7,"s:160:40:160:68":58,"s:161:12:161:Infinity":59,"s:163:12:163:Infinity":60,"f:170:4:170:16":8,"b:170:24:170:34":19,"s:171:8:198:Infinity":61,"s:172:71:172:Infinity":62,"s:173:34:173:Infinity":63,"s:175:12:186:Infinity":64,"s:175:25:175:28":65,"s:176:28:176:Infinity":66,"b:177:16:185:Infinity:undefined:undefined:undefined:undefined":20,"s:177:16:185:Infinity":67,"b:177:20:177:27:177:27:177:58":21,"s:178:20:184:Infinity":68,"s:179:37:179:Infinity":69,"b:179:48:179:77:179:77:179:81":22,"s:180:24:180:Infinity":70,"b:180:55:180:73:180:73:180:75":23,"s:183:24:183:Infinity":71,"s:189:12:189:Infinity":72,"f:189:25:189:26":9,"s:189:35:189:60":73,"s:192:29:192:Infinity":74,"s:193:12:193:Infinity":75,"f:193:29:193:38":10,"s:193:38:193:72":76,"s:195:12:195:Infinity":77,"s:197:12:197:Infinity":78,"f:205:4:205:22":11,"s:206:8:239:Infinity":79,"s:207:43:207:Infinity":80,"s:208:34:208:Infinity":81,"s:209:24:209:Infinity":82,"s:211:12:227:Infinity":83,"s:211:25:211:28":84,"s:212:28:212:Infinity":85,"b:213:16:226:Infinity:undefined:undefined:undefined:undefined":24,"s:213:16:226:Infinity":86,"b:213:20:213:27:213:27:213:58":25,"s:214:20:225:Infinity":87,"s:215:37:215:Infinity":88,"b:215:48:215:77:215:77:215:81":26,"s:216:36:216:Infinity":89,"s:217:36:217:Infinity":90,"b:217:36:217:48:217:48:217:Infinity":27,"b:219:24:221:Infinity:undefined:undefined:undefined:undefined":28,"s:219:24:221:Infinity":91,"s:220:28:220:Infinity":92,"s:224:24:224:Infinity":93,"s:229:12:229:Infinity":94,"f:229:33:229:40":12,"s:229:40:229:68":95,"b:231:12:233:Infinity:undefined:undefined:undefined:undefined":29,"s:231:12:233:Infinity":96,"s:232:16:232:Infinity":97,"s:235:12:235:Infinity":98,"s:237:12:237:Infinity":99,"s:238:12:238:Infinity":100,"f:245:4:245:27":13,"s:246:27:246:Infinity":101,"s:247:24:247:Infinity":102,"s:248:30:248:Infinity":103,"s:250:8:257:Infinity":104,"s:250:21:250:24":105,"s:251:24:251:Infinity":106,"b:252:12:256:Infinity:undefined:undefined:undefined:undefined":30,"s:252:12:256:Infinity":107,"b:252:16:252:23:252:23:252:54":31,"s:253:16:253:Infinity":108,"s:254:30:254:Infinity":109,"s:255:16:255:Infinity":110,"b:255:51:255:66:255:66:255:Infinity":32,"s:259:8:263:Infinity":111,"s:268:28:268:Infinity":112}}}
,"C:\\Users\\Wojtek\\Desktop\\gemini\\app_stock\\src\\lib\\DividendService.ts": {"path":"C:\\Users\\Wojtek\\Desktop\\gemini\\app_stock\\src\\lib\\DividendService.ts","statementMap":{"0":{"start":{"line":46,"column":8},"end":{"line":91,"column":null}},"1":{"start":{"line":48,"column":30},"end":{"line":48,"column":null}},"2":{"start":{"line":51,"column":33},"end":{"line":53,"column":null}},"3":{"start":{"line":56,"column":30},"end":{"line":85,"column":null}},"4":{"start":{"line":59,"column":47},"end":{"line":63,"column":null}},"5":{"start":{"line":66,"column":39},"end":{"line":66,"column":null}},"6":{"start":{"line":67,"column":20},"end":{"line":71,"column":null}},"7":{"start":{"line":68,"column":41},"end":{"line":68,"column":null}},"8":{"start":{"line":69,"column":41},"end":{"line":69,"column":null}},"9":{"start":{"line":70,"column":24},"end":{"line":70,"column":null}},"10":{"start":{"line":74,"column":40},"end":{"line":74,"column":null}},"11":{"start":{"line":75,"column":37},"end":{"line":75,"column":null}},"12":{"start":{"line":77,"column":20},"end":{"line":83,"column":null}},"13":{"start":{"line":87,"column":12},"end":{"line":87,"column":null}},"14":{"start":{"line":87,"column":41},"end":{"line":87,"column":58}},"15":{"start":{"line":89,"column":12},"end":{"line":89,"column":null}},"16":{"start":{"line":90,"column":12},"end":{"line":90,"column":null}},"17":{"start":{"line":98,"column":21},"end":{"line":98,"column":null}},"18":{"start":{"line":100,"column":8},"end":{"line":109,"column":null}},"19":{"start":{"line":101,"column":12},"end":{"line":101,"column":null}},"20":{"start":{"line":101,"column":38},"end":{"line":101,"column":null}},"21":{"start":{"line":102,"column":12},"end":{"line":102,"column":null}},"22":{"start":{"line":102,"column":32},"end":{"line":102,"column":null}},"23":{"start":{"line":104,"column":12},"end":{"line":108,"column":null}},"24":{"start":{"line":105,"column":16},"end":{"line":105,"column":null}},"25":{"start":{"line":106,"column":12},"end":{"line":108,"column":null}},"26":{"start":{"line":107,"column":16},"end":{"line":107,"column":null}},"27":{"start":{"line":111,"column":8},"end":{"line":111,"column":null}},"28":{"start":{"line":118,"column":21},"end":{"line":118,"column":null}},"29":{"start":{"line":119,"column":8},"end":{"line":119,"column":null}},"30":{"start":{"line":120,"column":8},"end":{"line":120,"column":null}},"31":{"start":{"line":127,"column":8},"end":{"line":166,"column":null}},"32":{"start":{"line":128,"column":26},"end":{"line":128,"column":null}},"33":{"start":{"line":129,"column":35},"end":{"line":129,"column":null}},"34":{"start":{"line":132,"column":38},"end":{"line":141,"column":null}},"35":{"start":{"line":140,"column":26},"end":{"line":140,"column":49}},"36":{"start":{"line":144,"column":50},"end":{"line":160,"column":null}},"37":{"start":{"line":145,"column":30},"end":{"line":145,"column":null}},"38":{"start":{"line":145,"column":47},"end":{"line":145,"column":75}},"39":{"start":{"line":146,"column":36},"end":{"line":146,"column":null}},"40":{"start":{"line":147,"column":39},"end":{"line":147,"column":null}},"41":{"start":{"line":150,"column":37},"end":{"line":150,"column":null}},"42":{"start":{"line":152,"column":16},"end":{"line":159,"column":null}},"43":{"start":{"line":162,"column":12},"end":{"line":162,"column":null}},"44":{"start":{"line":162,"column":41},"end":{"line":162,"column":58}},"45":{"start":{"line":164,"column":12},"end":{"line":164,"column":null}},"46":{"start":{"line":165,"column":12},"end":{"line":165,"column":null}},"47":{"start":{"line":175,"column":8},"end":{"line":184,"column":null}},"48":{"start":{"line":179,"column":12},"end":{"line":179,"column":null}},"49":{"start":{"line":180,"column":12},"end":{"line":180,"column":null}},"50":{"start":{"line":182,"column":12},"end":{"line":182,"column":null}},"51":{"start":{"line":183,"column":12},"end":{"line":183,"column":null}},"52":{"start":{"line":191,"column":8},"end":{"line":242,"column":null}},"53":{"start":{"line":199,"column":16},"end":{"line":199,"column":null}},"54":{"start":{"line":202,"column":12},"end":{"line":204,"column":null}},"55":{"start":{"line":203,"column":16},"end":{"line":203,"column":null}},"56":{"start":{"line":207,"column":31},"end":{"line":207,"column":null}},"57":{"start":{"line":208,"column":12},"end":{"line":212,"column":null}},"58":{"start":{"line":209,"column":33},"end":{"line":209,"column":null}},"59":{"start":{"line":210,"column":33},"end":{"line":210,"column":null}},"60":{"start":{"line":211,"column":16},"end":{"line":211,"column":null}},"61":{"start":{"line":215,"column":33},"end":{"line":215,"column":null}},"62":{"start":{"line":216,"column":32},"end":{"line":216,"column":null}},"63":{"start":{"line":219,"column":32},"end":{"line":219,"column":null}},"64":{"start":{"line":220,"column":29},"end":{"line":220,"column":null}},"65":{"start":{"line":223,"column":23},"end":{"line":234,"column":null}},"66":{"start":{"line":236,"column":12},"end":{"line":236,"column":null}},"67":{"start":{"line":237,"column":12},"end":{"line":237,"column":null}},"68":{"start":{"line":240,"column":12},"end":{"line":240,"column":null}},"69":{"start":{"line":241,"column":12},"
[...]
:64,"column":null}},{"start":{},"end":{}}],"line":62},"1":{"loc":{"start":{"line":62,"column":8},"end":{"line":62,"column":47}},"type":"binary-expr","locations":[{"start":{"line":62,"column":8},"end":{"line":62,"column":19}},{"start":{"line":62,"column":19},"end":{"line":62,"column":47}}],"line":62},"2":{"loc":{"start":{"line":68,"column":4},"end":{"line":70,"column":null}},"type":"if","locations":[{"start":{"line":68,"column":4},"end":{"line":70,"column":null}},{"start":{},"end":{}}],"line":68},"3":{"loc":{"start":{"line":72,"column":4},"end":{"line":74,"column":null}},"type":"if","locations":[{"start":{"line":72,"column":4},"end":{"line":74,"column":null}},{"start":{},"end":{}}],"line":72},"4":{"loc":{"start":{"line":77,"column":4},"end":{"line":79,"column":null}},"type":"if","locations":[{"start":{"line":77,"column":4},"end":{"line":79,"column":null}},{"start":{},"end":{}}],"line":77},"5":{"loc":{"start":{"line":89,"column":4},"end":{"line":89,"column":null}},"type":"default-arg","locations":[{"start":{"line":89,"column":39},"end":{"line":89,"column":null}}],"line":89},"6":{"loc":{"start":{"line":93,"column":8},"end":{"line":93,"column":null}},"type":"default-arg","locations":[{"start":{"line":93,"column":14},"end":{"line":93,"column":null}}],"line":93},"7":{"loc":{"start":{"line":94,"column":8},"end":{"line":94,"column":null}},"type":"default-arg","locations":[{"start":{"line":94,"column":20},"end":{"line":94,"column":null}}],"line":94},"8":{"loc":{"start":{"line":95,"column":8},"end":{"line":95,"column":null}},"type":"default-arg","locations":[{"start":{"line":95,"column":24},"end":{"line":95,"column":null}}],"line":95},"9":{"loc":{"start":{"line":96,"column":8},"end":{"line":96,"column":null}},"type":"default-arg","locations":[{"start":{"line":96,"column":16},"end":{"line":96,"column":null}}],"line":96},"10":{"loc":{"start":{"line":100,"column":25},"end":{"line":100,"column":null}},"type":"cond-expr","locations":[{"start":{"line":100,"column":45},"end":{"line":100,"column":52}},{"start":{"line":100,"column":52},"end":{"line":100,"column":null}}],"line":100},"11":{"loc":{"start":{"line":100,"column":52},"end":{"line":100,"column":null}},"type":"cond-expr","locations":[{"start":{"line":100,"column":68},"end":{"line":100,"column":80}},{"start":{"line":100,"column":80},"end":{"line":100,"column":null}}],"line":100},"12":{"loc":{"start":{"line":102,"column":4},"end":{"line":104,"column":null}},"type":"if","locations":[{"start":{"line":102,"column":4},"end":{"line":104,"column":null}},{"start":{},"end":{}}],"line":102},"13":{"loc":{"start":{"line":102,"column":8},"end":{"line":102,"column":66}},"type":"binary-expr","locations":[{"start":{"line":102,"column":8},"end":{"line":102,"column":32}},{"start":{"line":102,"column":32},"end":{"line":102,"column":51}},{"start":{"line":102,"column":51},"end":{"line":102,"column":66}}],"line":102},"14":{"loc":{"start":{"line":106,"column":16},"end":{"line":106,"column":null}},"type":"cond-expr","locations":[{"start":{"line":106,"column":45},"end":{"line":106,"column":84}},{"start":{"line":106,"column":84},"end":{"line":106,"column":null}}],"line":106},"15":{"loc":{"start":{"line":108,"column":4},"end":{"line":110,"column":null}},"type":"if","locations":[{"start":{"line":108,"column":4},"end":{"line":110,"column":null}},{"start":{},"end":{}}],"line":108},"16":{"loc":{"start":{"line":112,"column":4},"end":{"line":114,"column":null}},"type":"if","locations":[{"start":{"line":112,"column":4},"end":{"line":114,"column":null}},{"start":{},"end":{}}],"line":112},"17":{"loc":{"start":{"line":112,"column":8},"end":{"line":112,"column":35}},"type":"binary-expr","locations":[{"start":{"line":112,"column":8},"end":{"line":112,"column":26}},{"start":{"line":112,"column":26},"end":{"line":112,"column":35}}],"line":112},"18":{"loc":{"start":{"line":116,"column":4},"end":{"line":118,"column":null}},"type":"if","locations":[{"start":{"line":116,"column":4},"end":{"line":118,"column":null}},{"start":{},"end":{}}],"line":116},"19":{"loc":{"start":{"line":116,"column":8},"end":{"line":116,"column":33}},"type":"binary-expr","locations":[{"start":{"line":116,"column":8},"end":{"line":116,"column":22}},{"start":{"line":116,"column":22},"end":{"line":116,"column":33}}],"line":116},"20":{"loc":{"start":{"line":120,"column":4},"end":{"line":122,"column":null}},"type":"if","locations":[{"start":{"line":120,"column":4},"end":{"line":122,"column":null}},{"start":{},"end":{}}],"line":120},"21":{"loc":{"start":{"line":124,"column":4},"end":{"line":126,"column":null}},"type":"if","locations":[{"start":{"line":124,"column":4},"end":{"line":126,"column":null}},{"start":{},"end":{}}],"line":124},"22":{"loc":{"start":{"line":136,"column":4},"end":{"line":136,"column":null}},"type":"default-arg","locations":[{"start":{"line":136,"column":37},"end":{"line":136,"column":null}}],"line":136},"23":{"loc":{"start":{"line":139,"column":8},"end":{"line":139,"column":null}},"type":"default-arg","locations":[{"start":{"line":139,"column":22},"end":{"line":139,"column":null}}],"line":139},"24":{"loc":{"start":{"line":140,"column":8},"end":{"line":140,"column":null}},"type":"default-arg","locations":[{"start":{"line":140,"column":20},"end":{"line":140,"column":null}}],"line":140},"25":{"loc":{"start":{"line":141,"column":8},"end":{"line":141,"column":null}},"type":"default-arg","locations":[{"start":{"line":141,"column":18},"end":{"line":141,"column":null}}],"line":141},"26":{"loc":{"start":{"line":142,"column":8},"end":{"line":142,"column":null}},"type":"default-arg","locations":[{"start":{"line":142,"column":18},"end":{"line":142,"column":null}}],"line":142},"27":{"loc":{"start":{"line":143,"column":8},"end":{"line":143,"column":null}},"type":"default-arg","locations":[{"start":{"line":143,"column":16},"end":{"line":143,"column":null}}],"line":143},"28":{"loc":{"start":{"line":146,"column":4},"end":{"line":148,"column":null}},"type":"if","locations":[{"start":{"line":146,"column":4},"end":{"line":148,"column":null}},{"start":{},"end":{}}],"line":146},"29":{"loc":{"start":{"line":150,"column":20},"end":{"line":150,"column":null}},"type":"cond-expr","locations":[{"start":{"line":150,"column":43},"end":{"line":150,"column":50}},{"start":{"line":150,"column":50},"end":{"line":150,"column":null}}],"line":150},"30":{"loc":{"start":{"line":152,"column":4},"end":{"line":154,"column":null}},"type":"if","locations":[{"start":{"line":152,"column":4},"end":{"line":154,"column":null}},{"start":{},"end":{}}],"line":152},"31":{"loc":{"start":{"line":159,"column":4},"end":{"line":161,"column":null}},"type":"if","locations":[{"start":{"line":159,"column":4},"end":{"line":161,"column":null}},{"start":{},"end":{}}],"line":159},"32":{"loc":{"start":{"line":159,"column":8},"end":{"line":159,"column":39}},"type":"binary-expr","locations":[{"start":{"line":159,"column":8},"end":{"line":159,"column":24}},{"start":{"line":159,"column":24},"end":{"line":159,"column":39}}],"line":159},"33":{"loc":{"start":{"line":163,"column":4},"end":{"line":165,"column":null}},"type":"if","locations":[{"start":{"line":163,"column":4},"end":{"line":165,"column":null}},{"start":{},"end":{}}],"line":163},"34":{"loc":{"start":{"line":163,"column":8},"end":{"line":163,"column":37}},"type":"binary-expr","locations":[{"start":{"line":163,"column":8},"end":{"line":163,"column":22}},{"start":{"line":163,"column":22},"end":{"line":163,"column":37}}],"line":163},"35":{"loc":{"start":{"line":167,"column":4},"end":{"line":169,"column":null}},"type":"if","locations":[{"start":{"line":167,"column":4},"end":{"line":169,"column":null}},{"start":{},"end":{}}],"line":167},"36":{"loc":{"start":{"line":167,"column":8},"end":{"line":167,"column":48}},"type":"binary-expr","locations":[{"start":{"line":167,"column":8},"end":{"line":167,"column":19}},{"start":{"line":167,"column":19},"end":{"line":167,"column":48}}],"line":167},"37":{"loc":{"start":{"line":171,"column":4},"end":{"line":173,"column":null}},"type":"if","locations":[{"start":{"line":171,"column":4},"end":{"line":173,"column":null}},{"start":{},"end":{}}],"line":171},"38":{"loc":{"start":{"line":171,"column":8},"end":{"line":171,"column":48}},"type":"binary-expr","locations":[{"start":{"line":171,"column":8},"end":{"line":171,"column":19}},{"start":{"line":171,"column":19},"end":{"line":171,"column":48}}],"line":171},"39":{"loc":{"start":{"line":184,"column":4},"end":{"line":186,"column":null}},"type":"if","locations":[{"start":{"line":184,"column":4},"end":{"line":186,"column":null}},{"start":{},"end":{}}],"line":184},"40":{"loc":{"start":{"line":184,"column":8},"end":{"line":184,"column":51}},"type":"binary-expr","locations":[{"start":{"line":184,"column":8},"end":{"line":184,"column":21}},{"start":{"line":184,"column":21},"end":{"line":184,"column":51}}],"line":184},"41":{"loc":{"start":{"line":190,"column":4},"end":{"line":192,"column":null}},"type":"if","locations":[{"start":{"line":190,"column":4},"end":{"line":192,"column":null}},{"start":{},"end":{}}],"line":190},"42":{"loc":{"start":{"line":217,"column":4},"end":{"line":220,"column":null}},"type":"if","locations":[{"start":{"line":217,"column":4},"end":{"line":220,"column":null}},{"start":{},"end":{}}],"line":217},"43":{"loc":{"start":{"line":217,"column":8},"end":{"line":217,"column":97}},"type":"binary-expr","locations":[{"start":{"line":217,"column":8},"end":{"line":217,"column":29}},{"start":{"line":217,"column":29},"end":{"line":217,"column":97}}],"line":217},"44":{"loc":{"start":{"line":223,"column":4},"end":{"line":229,"column":null}},"type":"if","locations":[{"start":{"line":223,"column":4},"end":{"line":229,"column":null}},{"start":{},"end":{}}],"line":223},"45":{"loc":{"start":{"line":223,"column":33},"end":{"line":223,"column":55}},"type":"binary-expr","locations":[{"start":{"line":223,"column":33},"end":{"line":223,"column":53}},{"start":{"line":223,"column":53},"end":{"line":223,"column":55}}],"line":223},"46":{"loc":{"start":{"line":225,"column":8},"end":{"line":228,"column":null}},"type":"if","locations":[{"start":{"line":225,"column":8},"end":{"line":228,"column":null}},{"start":{},"end":{}}],"line":225},"47":{"loc":{"start":{"line":226,"column":28},"end":{"line":226,"column":null}},"type":"binary-expr","locations":[{"start":{"line":226,"column":28},"end":{"line":226,"column":54}},{"start":{"line":226,"column":54},"end":{"line":226,"column":null}}],"line":226},"48":{"loc":{"start":{"line":237,"column":4},"end":{"line":240,"column":null}},"type":"if","locations":[{"start":{"line":237,"column":4},"end":{"line":240,"column":null}},{"start":{},"end":{}}],"line":237},"49":{"loc":{"start":{"line":238,"column":24},"end":{"line":238,"column":null}},"type":"binary-expr","locations":[{"start":{"line":238,"column":24},"end":{"line":238,"column":50}},{"start":{"line":238,"column":50},"end":{"line":238,"column":null}}],"line":238},"50":{"loc":{"start":{"line":243,"column":4},"end":{"line":253,"column":null}},"type":"if","locations":[{"start":{"line":243,"column":4},"end":{"line":253,"column":null}},{"start":{},"end":{}}],"line":243},"51":{"loc":{"start":{"line":243,"column":33},"end":{"line":243,"column":55}},"type":"binary-expr","locations":[{"start":{"line":243,"column":33},"end":{"line":243,"column":53}},{"start":{"line":243,"column":53},"end":{"line":243,"column":55}}],"line":243},"52":{"loc":{"start":{"line":249,"column":8},"end":{"line":252,"column":null}},"type":"if","locations":[{"start":{"line":249,"column":8},"end":{"line":252,"column":null}},{"start":{},"end":{}}],"line":249},"53":{"loc":{"start":{"line":250,"column":27},"end":{"line":250,"column":null}},"type":"binary-expr","locations":[{"start":{"line":250,"column":27},"end":{"line":250,"column":52}},{"start":{"line":250,"column":52},"end":{"line":250,"column":null}}],"line":250},"54":{"loc":{"start":{"line":259,"column":4},"end":{"line":262,"column":null}},"type":"if","locations":[{"start":{"line":259,"column":4},"end":{"line":262,"column":null}},{"start":{},"end":{}}],"line":259},"55":{"loc":{"start":{"line":260,"column":22},"end":{"line":260,"column":null}},"type":"binary-expr","locations":[{"start":{"line":260,"column":22},"end":{"line":260,"column":46}},{"start":{"line":260,"column":46},"end":{"line":260,"column":null}}],"line":260},"56":{"loc":{"start":{"line":265,"column":4},"end":{"line":271,"column":null}},"type":"if","locations":[{"start":{"line":265,"column":4},"end":{"line":271,"column":null}},{"start":{},"end":{}}],"line":265},"57":{"loc":{"start":{"line":267,"column":8},"end":{"line":270,"column":null}},"type":"if","locations":[{"start":{"line":267,"column":8},"end":{"line":270,"column":null}},{"start":{},"end":{}}],"line":267},"58":{"loc":{"start":{"line":268,"column":30},"end":{"line":268,"column":null}},"type":"binary-expr","locations":[{"start":{"line":268,"column":30},"end":{"line":268,"column":58}},{"start":{"line":268,"column":58},"end":{"line":268,"column":null}}],"line":268},"59":{"loc":{"start":{"line":280,"column":4},"end":{"line":280,"column":null}},"type":"if","locations":[{"start":{"line":280,"column":4},"end":{"line":280,"column":null}},{"start":{},"end":{}}],"line":280}},"s":{"0":1,"1":8,"2":2,"3":6,"4":6,"5":0,"6":6,"7":1,"8":5,"9":0,"10":5,"11":1,"12":15,"13":15,"14":15,"15":0,"16":15,"17":15,"18":0,"19":15,"20":2,"21":13,"22":1,"23":12,"24":1,"25":11,"26":1,"27":10,"28":1,"29":6,"30":6,"31":0,"32":6,"33":6,"34":0,"35":6,"36":6,"37":6,"38":2,"39":4,"40":0,"41":4,"42":0,"43":4,"44":0,"45":4,"46":1,"47":6,"48":6,"49":0,"50":6,"51":6,"52":1,"53":5,"54":1,"55":3,"56":3,"57":3,"58":1,"59":1,"60":3,"61":1,"62":1,"63":0,"64":0,"65":3,"66":3,"67":0,"68":0,"69":3,"70":1,"71":1,"72":0,"73":0,"74":3,"75":3,"76":1,"77":1,"78":3,"79":1,"80":1,"81":0,"82":0,"83":3,"84":1,"85":6,"86":3,"87":3,"88":1,"89":4,"90":4},"f":{"0":8,"1":15,"2":6,"3":6,"4":3,"5":6,"6":4},"b":{"0":[2,6],"1":[8,6],"2":[0,6],"3":[1,5],"4":[0,5],"5":[15],"6":[15],"7":[15],"8":[15],"9":[15],"10":[9,6],"11":[1,5],"12":[0,15],"13":[15,15,15],"14":[2,13],"15":[0,15],"16":[2,13],"17":[15,14],"18":[1,12],"19":[13,13],"20":[1,11],"21":[1,10],"22":[6],"23":[6],"24":[6],"25":[6],"26":[6],"27":[6],"28":[0,6],"29":[6,0],"30":[0,6],"31":[2,4],"32":[6,5],"33":[0,4],"34":[4,0],"35":[0,4],"36":[4,0],"37":[0,4],"38":[4,0],"39":[0,6],"40":[6,6],"41":[1,5],"42":[1,2],"43":[3,3],"44":[1,2],"45":[3,0],"46":[0,1],"47":[0,0],"48":[0,3],"49":[0,0],"50":[1,2],"51":[3,0],"52":[0,1],"53":[0,0],"54":[1,2],"55":[1,0],"56":[1,2],"57":[0,1],"58":[0,0],"59":[3,3]},"meta":{"lastBranch":60,"lastFunction":7,"lastStatement":91,"seen":{"s:61:30:82:Infinity":0,"f:61:30:61:31":0,"b:62:4:64:Infinity:undefined:undefined:undefined:undefined":0,"s:62:4:64:Infinity":1,"b:62:8:62:19:62:19:62:47":1,"s:63:8:63:Infinity":2,"s:66:20:66:Infinity":3,"b:68:4:70:Infinity:undefined:undefined:undefined:undefined":2,"s:68:4:70:Infinity":4,"s:69:8:69:Infinity":5,"b:72:4:74:Infinity:undefined:undefined:undefined:undefined":3,"s:72:4:74:Infinity":6,"s:73:8:73:Infinity":7,"b:77:4:79:Infinity:undefined:undefined:undefined:undefined":4,"s:77:4:79:Infinity":8,"s:78:8:78:Infinity":9,"s:81:4:81:Infinity":10,"s:87:30:129:Infinity":11,"f:87:30:87:Infinity":1,"b:89:39:89:Infinity":5,"s:97:8:97:Infinity":12,"b:93:14:93:Infinity":6,"b:94:20:94:Infinity":7,"b:95:24:95:Infinity":8,"b:96:16:96:Infinity":9,"s:100:25:100:Infinity":13,"b:100:45:100:52:100:52:100:Infinity":10,"b:100:68:100:80:100:80:100:Infinity":11,"b:102:4:104:Infinity:undefined:undefined:undefined:undefined":12,"s:102:4:104:Infinity":14,"b:102:8:102:32:102:32:102:51:102:51:102:66":13,"s:103:8:103:Infinity":15,"s:106:16:106:Infinity":16,"b:106:45:106:84:106:84:106:Infinity":14,"b:108:4:110:Infinity:undefined:undefined:undefined:undefined":15,"s:108:4:110:Infinity":17,"s:109:8:109:Infinity":18,"b:112:4:114:Infinity:undefined:undefined:undefined:undefined":16,"s:112:4:114:Infinity":19,"b:112:8:112:26:112:26:112:35":17,"s:113:8:113:Infinity":20,"b:116:4:118:Infinity:undefined:undefined:undefined:undefined":18,"s:116:4:118:Infinity":21,"b:116:8:116:22:116:22:116:33":19,"s:117:8:117:Infinity":22,"b:120:4:122:Infinity:undefined:undefined:undefined:undefined":20,"s:120:4:122:Infinity":23,"s:121:8:121:Infinity":24,"b:124:4:126:Infinity:undefined:undefined:undefined:undefined":21,"s:124:4:126:Infinity":25,"s:125:8:125:Infinity":26,"s:128:4:128:Infinity":27,"s:134:28:176:Infinity":28,"f:134:28:134:Infinity":2,"b:136:37:136:Infinity":22,"s:144:8:144:Infinity":29,"b:139:22:139:Infinity":23,"b:140:20:140:Infinity":24,"b:141:18:141:Infinity":25,"b:142:18:142:Infinity":26,"b:143:16:143:Infinity":27,"b:146:4:148:Infinity:undefined:undefined:undefined:undefined":28,"s:146:4:148:Infinity":30,"s:147:8:147:Infinity":31,"s:150:20:150:Infinity":32,"b:150:43:150:50:150:50:150:Infinity":29,"b:152:4:154:Infinity:undefined:undefined:undefined:undefined":30,"s:152:4:154:Infinity":33,"s:153:8:153:Infinity":34,"s:156:16:156:Infinity":35,"s:157:4:157:Infinity":36,"b:159:4:161:Infinity:undefined:undefined:undefined:undefined":31,"s:159:4:161:Infinity":37,"b:159:8:159:24:159:24:159:39":32,"s:160:8:160:Infinity":38,"b:163:4:165:Infinity:undefined:undefined:undefined:undefined":33,"s:163:4:165:Infinity":39,"b:163:8:163:22:163:22:163:37":34,"s:164:8:164:Infinity":40,"b:167:4:169:Infinity:undefined:undefined:undefined:undefined":35,"s:167:4:169:Infinity":41,"b:167:8:167:19:167:19:167:48":36,"s:168:8:168:Infinity":42,"b:171:4:173:Infinity:undefined:undefined:undefined:undefined":37,"s:171:4:173:Infinity":43,"b:171:8:171:19:171:19:171:48":38,"s:172:8:172:Infinity":44,"s:175:4:175:Infinity":45,"s:181:32:195:Infinity":46,"f:181:32:181:33":3,"s:182:28:182:Infinity":47,"b:184:4:186:Infinity:undefined:undefined:undefined:undefined":39,"s:184:4:186:Infinity":48,"b:184:8:184:21:184:21:184:51":40,"s:185:8:185:Infinity":49,"s:188:26:188:Infinity":50,"b:190:4:192:Infinity:undefined:undefined:undefined:undefined":41,"s:190:4:192:Infinity":51,"s:191:8:191:Infinity":52,"s:194:4:194:Infinity":53,"s:212:35:274:Infinity":54,"f:212:35:212:36":4,"s:213:43:213:Infinity":55,"s:214:16:214:Infinity":56,"b:217:4:220:Infinity:undefined:undefined:undefined:undefined":42,"s:217:4:220:Infinity":57,"b:217:8:217:29:217:29:217:97":43,"s:218:8:218:Infinity":58,"s:219:8:219:Infinity":59,"b:223:4:229:Infinity:undefined:undefined:undefined:undefined":44,"s:223:4:229:Infinity":60,"b:223:33:223:53:223:53:223:55":45,"s:224:33:224:Infinity":61,"b:225:8:228:Infinity:undefined:undefined:undefined:undefined":46,"s:225:8:228:Infinity":62,"s:226:12:226:Infinity":63,"b:226:28:226:54:226:54:226:Infinity":47,"s:227:12:227:Infinity":64,"s:232:29:236:Infinity":65,"b:237:4:240:Infinity:undefined:undefined:undefined:undefined":48,"s:237:4:240:Infinity":66,"s:238:8:238:Infinity":67,"b:238:24:238:50:238:50:238:Infinity":49,"s:239:8:239:Infinity":68,"b:243:4:253:Infinity:undefined:undefined:undefined:undefined":50,"s:243:4:253:Infinity":69,"b:243:33:243:53:243:53:243:55":51,"s:244:32:248:Infinity":70,"b:249:8:252:Infinity:undefined:undefined:undefined:undefined":52,"s:249:8:252:Infinity":71,"s:250:12:250:Infinity":72,"b:250:27:250:52:250:52:250:Infinity":53,"s:251:12:251:Infinity":73,"s:256:27:258:Infinity":74,"b:259:4:262:Infinity:undefined:undefined:undefined:undefined":54,"s:259:4:262:Infinity":75,"s:260:8:260:Infinity":76,"b:260:22:260:46:260:46:260:Infinity":55,"s:261:8:261:Infinity":77,"b:265:4:271:Infinity:undefined:undefined:undefined:undefined":56,"s:265:4:271:Infinity":78,"s:266:35:266:Infinity":79,"b:267:8:270:Infinity:undefined:undefined:undefined:undefined":57,"s:267:8:270:Infinity":80,"s:268:12:268:Infinity":81,"b:268:30:268:58:268:58:268:Infinity":58,"s:269:12:269:Infinity":82,"s:273:4:273:Infinity":83,"s:279:29:287:Infinity":84,"f:279:29:279:30":5,"b:280:4:280:Infinity:undefined:undefined:undefined:undefined":59,"s:280:4:280:Infinity":85,"s:280:35:280:Infinity":86,"s:283:4:286:Infinity":87,"s:292:36:301:Infinity":88,"f:292:36:292:37":6,"s:293:23:298:Infinity":89,"s:300:4:300:Infinity":90}}}
}
