{"C:\\Users\\Wojtek\\Desktop\\gemini\\app_stock\\src\\lib\\AlphaVantageService.js": {"path":"C:\\Users\\Wojtek\\Desktop\\gemini\\app_stock\\src\\lib\\AlphaVantageService.js","statementMap":{"0":{"start":{"line":9,"column":8},"end":{"line":9,"column":59}},"1":{"start":{"line":10,"column":8},"end":{"line":10,"column":41}},"2":{"start":{"line":11,"column":8},"end":{"line":11,"column":49}},"3":{"start":{"line":12,"column":8},"end":{"line":12,"column":34}},"4":{"start":{"line":13,"column":8},"end":{"line":13,"column":33}},"5":{"start":{"line":21,"column":20},"end":{"line":21,"column":30}},"6":{"start":{"line":22,"column":37},"end":{"line":22,"column":63}},"7":{"start":{"line":24,"column":8},"end":{"line":28,"column":9}},"8":{"start":{"line":25,"column":29},"end":{"line":25,"column":69}},"9":{"start":{"line":26,"column":12},"end":{"line":26,"column":89}},"10":{"start":{"line":27,"column":12},"end":{"line":27,"column":72}},"11":{"start":{"line":27,"column":41},"end":{"line":27,"column":70}},"12":{"start":{"line":30,"column":8},"end":{"line":30,"column":42}},"13":{"start":{"line":39,"column":25},"end":{"line":39,"column":49}},"14":{"start":{"line":42,"column":23},"end":{"line":42,"column":69}},"15":{"start":{"line":43,"column":8},"end":{"line":46,"column":9}},"16":{"start":{"line":44,"column":12},"end":{"line":44,"column":86}},"17":{"start":{"line":45,"column":12},"end":{"line":45,"column":26}},"18":{"start":{"line":48,"column":8},"end":{"line":104,"column":9}},"19":{"start":{"line":50,"column":12},"end":{"line":50,"column":43}},"20":{"start":{"line":52,"column":24},"end":{"line":52,"column":118}},"21":{"start":{"line":53,"column":12},"end":{"line":53,"column":85}},"22":{"start":{"line":55,"column":29},"end":{"line":55,"column":45}},"23":{"start":{"line":57,"column":12},"end":{"line":60,"column":13}},"24":{"start":{"line":58,"column":16},"end":{"line":58,"column":100}},"25":{"start":{"line":59,"column":16},"end":{"line":59,"column":26}},"26":{"start":{"line":62,"column":25},"end":{"line":62,"column":46}},"27":{"start":{"line":65,"column":12},"end":{"line":68,"column":13}},"28":{"start":{"line":66,"column":16},"end":{"line":66,"column":142}},"29":{"start":{"line":67,"column":16},"end":{"line":67,"column":26}},"30":{"start":{"line":71,"column":31},"end":{"line":71,"column":67}},"31":{"start":{"line":72,"column":12},"end":{"line":75,"column":13}},"32":{"start":{"line":73,"column":16},"end":{"line":73,"column":89}},"33":{"start":{"line":74,"column":16},"end":{"line":74,"column":26}},"34":{"start":{"line":78,"column":30},"end":{"line":78,"column":32}},"35":{"start":{"line":79,"column":12},"end":{"line":90,"column":13}},"36":{"start":{"line":80,"column":39},"end":{"line":80,"column":79}},"37":{"start":{"line":83,"column":16},"end":{"line":89,"column":17}},"38":{"start":{"line":84,"column":20},"end":{"line":88,"column":23}},"39":{"start":{"line":93,"column":12},"end":{"line":93,"column":78}},"40":{"start":{"line":93,"column":37},"end":{"line":93,"column":76}},"41":{"start":{"line":96,"column":12},"end":{"line":96,"column":79}},"42":{"start":{"line":98,"column":12},"end":{"line":98,"column":101}},"43":{"start":{"line":99,"column":12},"end":{"line":99,"column":29}},"44":{"start":{"line":102,"column":12},"end":{"line":102,"column":99}},"45":{"start":{"line":103,"column":12},"end":{"line":103,"column":22}},"46":{"start":{"line":112,"column":8},"end":{"line":112,"column":49}},"47":{"start":{"line":112,"column":36},"end":{"line":112,"column":49}},"48":{"start":{"line":113,"column":8},"end":{"line":113,"column":49}},"49":{"start":{"line":113,"column":36},"end":{"line":113,"column":49}},"50":{"start":{"line":114,"column":8},"end":{"line":114,"column":48}},"51":{"start":{"line":114,"column":35},"end":{"line":114,"column":48}},"52":{"start":{"line":115,"column":8},"end":{"line":115,"column":49}},"53":{"start":{"line":115,"column":36},"end":{"line":115,"column":49}},"54":{"start":{"line":116,"column":8},"end":{"line":116,"column":21}},"55":{"start":{"line":125,"column":24},"end":{"line":125,"column":26}},"56":{"start":{"line":127,"column":8},"end":{"line":129,"column":9}},"57":{"start":{"line":128,"column":12},"end":{"line":128,"column":64}},"58":{"start":{"line":131,"column":8},"end":{"line":131,"column":23}},"59":{"start":{"line":138,"column":8},"end":{"line":138,"column":40}},"60":{"start":{"line":139,"column":8},"end":{"line":139,"column":77}},"61":{"start":{"line":144,"column":35},"end":{"line":144,"column":60}}},"fnMap":{"0":{"name":"(anonymous_0)","decl":{"start":{"line":8,"column":4},"end":{"line":8,"column":15}},"loc":{"start":{"line":8,"column":18},"end":{"line":14,"column":5}},"line":8},"1":{"name":"(anonymous_1)","decl":{"start":{"line":20,"column":10},"end":{"line":20,"column":27}},"loc":{"start":{"line":20,"column":30},"end":{"line":31,"column":5}},"line":20},"2":{"name":"(anonymous_2)","decl":{"start":{"line":27,"column":30},"end":{"line":27,"column":37}},"loc":{"start":{"line":27,"column":41},"end":{"line":27,"column":70}},"line":27},"3":{"name":"(anonymous_3)","decl":{"start":{"line":38,"column":10},"end":{"line":38,"column":24}},"loc":{"start":{"line":38,"column":33},"end":{"line":105,"column":5}},"line":38},"4":{"name":"(anonymous_4)","decl":{"start":{"line":93,"column":27},"end":{"line":93,"column":28}},"loc":{"start":{"line":93,"column":37},"end":{"line":93,"column":76}},"line":93},"5":{"name":"(anonymous_5)","decl":{"start":{"line":111,"column":4},"end":{"line":111,"column":25}},"loc":{"start":{"line":111,"column":34},"end":{"line":117,"column":5}},"line":111},"6":{"name":"(anonymous_6)","decl":{"start":{"line":124,"column":10},"end":{"line":124,"column":32}},"loc":{"start":{"line":124,"column":42},"end":{"line":132,"column":5}},"line":124},"7":{"name":"(anonymous_7)","decl":{"start":{"line":137,"column":4},"end":{"line":137,"column":14}},"loc":{"start":{"line":137,"column":17},"end":{"line":140,"column":5}},"line":137}},"branchMap":{"0":{"loc":{"start":{"line":24,"column":8},"end":{"line":28,"column":9}},"type":"if","locations":[{"start":{"line":24,"column":8},"end":{"line":28,"column":9}},{"start":{},"end":{}}],"line":24},"1":{"loc":{"start":{"line":43,"column":8},"end":{"line":46,"column":9}},"type":"if","locations":[{"start":{"line":43,"column":8},"end":{"line":46,"column":9}},{"start":{},"end":{}}],"line":43},"2":{"loc":{"start":{"line":57,"column":12},"end":{"line":60,"column":13}},"type":"if","locations":[{"start":{"line":57,"column":12},"end":{"line":60,"column":13}},{"start":{},"end":{}}],"line":57},"3":{"loc":{"start":{"line":65,"column":12},"end":{"line":68,"column":13}},"type":"if","locations":[{"start":{"line":65,"column":12},"end":{"line":68,"column":13}},{"start":{},"end":{}}],"line":65},"4":{"loc":{"start":{"line":65,"column":16},"end":{"line":65,"column":76}},"type":"binary-expr","locations":[{"start":{"line":65,"column":16},"end":{"line":65,"column":35}},{"start":{"line":65,"column":39},"end":{"line":65,"column":60}},{"start":{"line":65,"column":64},"end":{"line":65,"column":76}}],"line":65},"5":{"loc":{"start":{"line":66,"column":80},"end":{"line":66,"column":140}},"type":"binary-expr","locations":[{"start":{"line":66,"column":80},"end":{"line":66,"column":99}},{"start":{"line":66,"column":103},"end":{"line":66,"column":124}},{"start":{"line":66,"column":128},"end":{"line":66,"column":140}}],"line":66},"6":{"loc":{"start":{"line":72,"column":12},"end":{"line":75,"column":13}},"type":"if","locations":[{"start":{"line":72,"column":12},"end":{"line":75,"column":13}},{"start":{},"end":{}}],"line":72},"7":{"loc":{"start":{"line":83,"column":16},"end":{"line":89,"column":17}},"type":"if","locations":[{"start":{"line":83,"column":16},"end":{"line":89,"column":17}},{"start":{},"end":{}}],"line":83},"8":{"loc":{"start":{"line":112,"column":8},"end":{"line":112,"column":49}},"type":"if","locations":[{"start":{"line":112,"column":8},"end":{"line":112,"column":49}},{"start":{},"end":{}}],"line":112},"9":{"loc":{"start":{"line":113,"column":8},"end":{"line":113,"column":49}},"type":"if","locations":[{"start":{"line":113,"column":8},"end":{"line":113,"column":49}},{"start":{},"end":{}}],"line":113},"10":{"loc":{"start":{"line":114,"column":8},"end":{"line":114,"column":48}},"type":"if","locations":[{"start":{"line":114,"column":8},"end":{"line":114,"column":48}},{"start":{},"end":{}}],"line":114},"11":{"loc":{"start":{"line":115,"column":8},"end":{"line":115,"column":49}},"type":"if","locations":[{"start":{"line":115,"column":8},"end":{"line":115,"column":49}},{"start":{},"end":{}}],"line":115}},"s":{"0":1,"1":1,"2":1,"3":1,"4":1,"5":0,"6":0,"7":0,"8":0,"9":0,"10":0,"11":0,"12":0,"13":0,"14":0,"15":0,"16":0,"17":0,"18":0,"19":0,"20":0,"21":0,"22":0,"23":0,"24":0,"25":0,"26":0,"27":0,"28":0,"29":0,"30":0,"31":0,"32":0,"33":0,"34":0,"35":0,"36":0,"37":0,"38":0,"39":0,"40":0,"41":0,"42":0,"43":0,"44":0,"45":0,"46":0,"47":0,"48":0,"49":0,"50":0,"51":0,"52":0,"53":0,"54":0,"55":0,"56":0,"57":0,"58":0,"59":0,"60":0,"61":1},"f":{"0":1,"1":0,"2":0,"3":0,"4":0,"5":0,"6":0,"7":0},"b":{"0":[0,0],"1":[0,0],"2":[0,0],"3":[0,0],"4":[0,0,0],"5":[0,0,0],"6":[0,0],"7":[0,0],"8":[0,0],"9":[0,0],"10":[0,0],"11":[0,0]},"meta":{"lastBranch":12,"lastFunction":8,"lastStatement":62,"seen":{"f:8:4:8:15":0,"s:9:8:9:59":0,"s:10:8:10:41":1,"s:11:8:11:49":2,"s:12:8:12:34":3,"s:13:8:13:33":4,"f:20:10:20:27":1,"s:21:20:21:30":5,"s:22:37:22:63":6,"b:24:8:28:9:undefined:undefined:undefined:undefined":0,"s:24:8:28:9":7,"s:25:29:25:69":8,"s:26:12:26:89":9,"s:27:12:27:72":10,"f:27:30:27:37":2,"s:27:41:27:70":11,"s:30:8:30:42":12,"f:38:10:38:24":3,"s:39:25:39:49":13,"s:42:23:42:69":14,"b:43:8:46:9:undefined:undefined:undefined:undefined":1,"s:43:8:46:9":15,"s:44:12:44:86":16,"s:45:12:45:26":17,"s:48:8:104:9":18,"s:50:12:50:43":19,"s:52:24:52:118":20,"s:53:12:53:85":21,"s:55:29:55:45":22,"b:57:12:60:13:undefined:undefined:undefined:undefined":2,"s:57:12:60:13":23,"s:58:16:58:100":24,"s:59:16:59:26":25,"s:62:25:62:46":26,"b:65:12:68:13:undefined:undefined:undefined:undefined":3,"s:65:12:68:13":27,"b:65:16:65:35:65:39:65:60:65:64:65:76":4,"s:66:16:66:142":28,"b:66:80:66:99:66:103:66:124:66:128:66:140":5,"s:67:16:67:26":29,"s:71:31:71:67":30,"b:72:12:75:13:undefined:undefined:undefined:undefined":6,"s:72:12:75:13":31,"s:73:16:73:89":32,"s:74:16:74:26":33,"s:78:30:78:32":34,"s:79:12:90:13":35,"s:80:39:80:79":36,"b:83:16:89:17:undefined:undefined:undefined:undefined":7,"s:83:16:89:17":37,"s:84:20:88:23":38,"s:93:12:93:78":39,"f:93:27:93:28":4,"s:93:37:93:76":40,"s:96:12:96:79":41,"s:98:12:98:101":42,"s:99:12:99:29":43,"s:102:12:102:99":44,"s:103:12:103:22":45,"f:111:4:111:25":5,"b:112:8:112:49:undefined:undefined:undefined:undefined":8,"s:112:8:112:49":46,"s:112:36:112:49":47,"b:113:8:113:49:undefined:undefined:undefined:undefined":9,"s:113:8:113:49":48,"s:113:36:113:49":49,"b:114:8:114:48:undefined:undefined:undefined:undefined":10,"s:114:8:114:48":50,"s:114:35:114:48":51,"b:115:8:115:49:undefined:undefined:undefined:undefined":11,"s:115:8:115:49":52,"s:115:36:115:49":53,"s:116:8:116:21":54,"f:124:10:124:32":6,"s:125:24:125:26":55,"s:127:8:129:9":56,"s:128:12:128:64":57,"s:131:8:131:23":58,"f:137:4:137:14":7,"s:138:8:138:40":59,"s:139:8:139:77":60,"s:144:35:144:60":61}}}
,"C:\\Users\\Wojtek\\Desktop\\gemini\\app_stock\\src\\lib\\ApiService.js": {"path":"C:\\Users\\Wojtek\\Desktop\\gemini\\app_stock\\src\\lib\\ApiService.js","statementMap":{"0":{"start":{"line":17,"column":8},"end":{"line":20,"column":10}},"1":{"start":{"line":21,"column":8},"end":{"line":21,"column":95}},"2":{"start":{"line":22,"column":8},"end":{"line":22,"column":69}},"3":{"start":{"line":23,"column":8},"end":{"line":23,"column":50}},"4":{"start":{"line":24,"column":8},"end":{"line":24,"column":35}},"5":{"start":{"line":34,"column":25},"end":{"line":34,"column":63}},"6":{"start":{"line":35,"column":24},"end":{"line":35,"column":63}},"7":{"start":{"line":37,"column":8},"end":{"line":68,"column":9}},"8":{"start":{"line":38,"column":29},"end":{"line":38,"column":49}},"9":{"start":{"line":40,"column":12},"end":{"line":42,"column":13}},"10":{"start":{"line":41,"column":16},"end":{"line":41,"column":32}},"11":{"start":{"line":45,"column":12},"end":{"line":45,"column":84}},"12":{"start":{"line":47,"column":12},"end":{"line":47,"column":107}},"13":{"start":{"line":50,"column":12},"end":{"line":54,"column":13}},"14":{"start":{"line":51,"column":16},"end":{"line":51,"column":41}},"15":{"start":{"line":52,"column":16},"end":{"line":52,"column":96}},"16":{"start":{"line":53,"column":16},"end":{"line":53,"column":61}},"17":{"start":{"line":57,"column":12},"end":{"line":64,"column":13}},"18":{"start":{"line":58,"column":16},"end":{"line":58,"column":43}},"19":{"start":{"line":59,"column":16},"end":{"line":59,"column":108}},"20":{"start":{"line":62,"column":16},"end":{"line":62,"column":65}},"21":{"start":{"line":63,"column":16},"end":{"line":63,"column":65}},"22":{"start":{"line":67,"column":12},"end":{"line":67,"column":98}},"23":{"start":{"line":77,"column":8},"end":{"line":77,"column":63}},"24":{"start":{"line":77,"column":38},"end":{"line":77,"column":61}},"25":{"start":{"line":86,"column":25},"end":{"line":86,"column":42}},"26":{"start":{"line":89,"column":23},"end":{"line":89,"column":69}},"27":{"start":{"line":90,"column":8},"end":{"line":93,"column":9}},"28":{"start":{"line":91,"column":12},"end":{"line":91,"column":73}},"29":{"start":{"line":92,"column":12},"end":{"line":92,"column":26}},"30":{"start":{"line":96,"column":8},"end":{"line":132,"column":9}},"31":{"start":{"line":97,"column":30},"end":{"line":97,"column":77}},"32":{"start":{"line":98,"column":29},"end":{"line":98,"column":66}},"33":{"start":{"line":99,"column":25},"end":{"line":99,"column":46}},"34":{"start":{"line":101,"column":27},"end":{"line":101,"column":47}},"35":{"start":{"line":102,"column":24},"end":{"line":102,"column":54}},"36":{"start":{"line":103,"column":27},"end":{"line":103,"column":56}},"37":{"start":{"line":106,"column":12},"end":{"line":114,"column":13}},"38":{"start":{"line":107,"column":31},"end":{"line":107,"column":63}},"39":{"start":{"line":108,"column":16},"end":{"line":113,"column":17}},"40":{"start":{"line":108,"column":29},"end":{"line":108,"column":46}},"41":{"start":{"line":109,"column":20},"end":{"line":112,"column":21}},"42":{"start":{"line":110,"column":24},"end":{"line":110,"column":42}},"43":{"start":{"line":111,"column":24},"end":{"line":111,"column":30}},"44":{"start":{"line":116,"column":12},"end":{"line":124,"column":13}},"45":{"start":{"line":117,"column":34},"end":{"line":117,"column":53}},"46":{"start":{"line":120,"column":16},"end":{"line":120,"column":83}},"47":{"start":{"line":122,"column":16},"end":{"line":122,"column":94}},"48":{"start":{"line":123,"column":16},"end":{"line":123,"column":33}},"49":{"start":{"line":126,"column":12},"end":{"line":126,"column":75}},"50":{"start":{"line":127,"column":12},"end":{"line":127,"column":24}},"51":{"start":{"line":130,"column":12},"end":{"line":130,"column":86}},"52":{"start":{"line":131,"column":12},"end":{"line":131,"column":24}},"53":{"start":{"line":142,"column":33},"end":{"line":142,"column":82}},"54":{"start":{"line":142,"column":56},"end":{"line":142,"column":81}},"55":{"start":{"line":143,"column":8},"end":{"line":143,"column":53}},"56":{"start":{"line":143,"column":43},"end":{"line":143,"column":53}},"57":{"start":{"line":145,"column":22},"end":{"line":145,"column":24}},"58":{"start":{"line":146,"column":29},"end":{"line":146,"column":31}},"59":{"start":{"line":149,"column":8},"end":{"line":158,"column":9}},"60":{"start":{"line":150,"column":29},"end":{"line":150,"column":64}},"61":{"start":{"line":151,"column":27},"end":{"line":151,"column":73}},"62":{"start":{"line":153,"column":12},"end":{"line":157,"column":13}},"63":{"start":{"line":154,"column":16},"end":{"line":154,"column":41}},"64":{"start":{"line":156,"column":16},"end":{"line":156,"column":88}},"65":{"start":{"line":160,"column":8},"end":{"line":163,"column":9}},"66":{"start":{"line":161,"column":12},"end":{"line":161,"column":78}},"67":{"start":{"line":162,"column":12},"end":{"line":162,"column":25}},"68":{"start":{"line":166,"column":8},"end":{"line":204,"column":9}},"69":{"start":{"line":167,"column":29},"end":{"line":185,"column":14}},"70":{"start":{"line":168,"column":16},"end":{"line":184,"column":17}},"71":{"start":{"line":169,"column":38},"end":{"line":169,"column":83}},"72":{"start":{"line":170,"column":37},"end":{"line":170,"column":74}},"73":{"start":{"line":171,"column":33},"end":{"line":171,"column":54}},"74":{"start":{"line":172,"column":35},"end":{"line":172,"column":55}},"75":{"start":{"line":173,"column":33},"end":{"line":173,"column":63}},"76":{"start":{"line":175,"column":20},"end":{"line":177,"column":21}},"77":{"start":{"line":176,"column":24},"end":{"line":176,"column":50}},"78":{"start":{"line":179,"column":20},"end":{"line":179,"column":80}},"79":{"start":{"line":180,"column":20},"end":{"line":180,"column":32}},"80":{"start":{"line":182,"column":20},"end":{"line":182,"column":91}},"81":{"start":{"line":183,"column":20},"end":{"line":183,"column":32}},"82":{"start":{"line":187,"column":28},"end":{"line":187,"column":55}},"83":{"start":{"line":190,"column":12},"end":{"line":196,"column":15}},"84":{"start":{"line":191,"column":16},"end":{"line":195,"column":17}},"85":{"start":{"line":192,"column":20},"end":{"line":192,"column":57}},"86":{"start":{"line":193,"column":37},"end":{"line":193,"column":79}},"87":{"start":{"line":194,"column":20},"end":{"line":194,"column":89}},"88":{"start":{"line":198,"column":12},"end":{"line":198,"column":96}},"89":{"start":{"line":198,"column":68},"end":{"line":198,"column":69}},"90":{"start":{"line":199,"column":12},"end":{"line":199,"column":25}},"91":{"start":{"line":202,"column":12},"end":{"line":202,"column":81}},"92":{"start":{"line":203,"column":12},"end":{"line":203,"column":25}},"93":{"start":{"line":215,"column":25},"end":{"line":215,"column":65}},"94":{"start":{"line":218,"column":30},"end":{"line":218,"column":81}},"95":{"start":{"line":221,"column":23},"end":{"line":221,"column":64}},"96":{"start":{"line":222,"column":8},"end":{"line":225,"column":9}},"97":{"start":{"line":223,"column":12},"end":{"line":223,"column":99}},"98":{"start":{"line":224,"column":12},"end":{"line":224,"column":26}},"99":{"start":{"line":228,"column":8},"end":{"line":262,"column":9}},"100":{"start":{"line":229,"column":30},"end":{"line":229,"column":92}},"101":{"start":{"line":230,"column":29},"end":{"line":230,"column":66}},"102":{"start":{"line":231,"column":25},"end":{"line":231,"column":46}},"103":{"start":{"line":233,"column":27},"end":{"line":233,"column":47}},"104":{"start":{"line":234,"column":31},"end":{"line":234,"column":47}},"105":{"start":{"line":235,"column":27},"end":{"line":235,"column":56}},"106":{"start":{"line":237,"column":12},"end":{"line":240,"column":13}},"107":{"start":{"line":238,"column":16},"end":{"line":238,"column":81}},"108":{"start":{"line":239,"column":16},"end":{"line":239,"column":28}},"109":{"start":{"line":243,"column":30},"end":{"line":248,"column":80}},"110":{"start":{"line":244,"column":32},"end":{"line":247,"column":17}},"111":{"start":{"line":248,"column":32},"end":{"line":248,"column":79}},"112":{"start":{"line":250,"column":29},"end":{"line":250,"column":58}},"113":{"start":{"line":251,"column":32},"end":{"line":251,"column":61}},"114":{"start":{"line":254,"column":12},"end":{"line":254,"column":76}},"115":{"start":{"line":256,"column":12},"end":{"line":256,"column":97}},"116":{"start":{"line":257,"column":12},"end":{"line":257,"column":31}},"117":{"start":{"line":260,"column":12},"end":{"line":260,"column":88}},"118":{"start":{"line":261,"column":12},"end":{"line":261,"column":24}},"119":{"start":{"line":272,"column":25},"end":{"line":272,"column":65}},"120":{"start":{"line":275,"column":23},"end":{"line":275,"column":49}},"121":{"start":{"line":276,"column":8},"end":{"line":279,"column":9}},"122":{"start":{"line":277,"column":12},"end":{"line":277,"column":99}},"123":{"start":{"line":278,"column":12},"end":{"line":278,"column":26}},"124":{"start":{"line":282,"column":24},"end":{"line":282,"column":41}},"125":{"start":{"line":283,"column":31},"end":{"line":283,"column":67}},"126":{"start":{"line":284,"column":29},"end":{"line":284,"column":64}},"127":{"start":{"line":286,"column":21},"end":{"line":286,"column":39}},"128":{"start":{"line":289,"column":8},"end":{"line":328,"column":9}},"129":{"start":{"line":290,"column":30},"end":{"line":290,"column":116}},"130":{"start":{"line":291,"column":29},"end":{"line":291,"column":66}},"131":{"start":{"line":292,"column":25},"end":{"line":292,"column":46}},"132":{"start":{"line":294,"column":27},"end":{"line":294,"column":47}},"133":{"start":{"line":295,"column":31},"end":{"line":295,"column":47}},"134":{"start":{"line":296,"column":27},"end":{"line":296,"column":56}},"135":{"start":{"line":298,"column":12},"end":{"line":301,"column":13}},"136":{"start":{"line":299,"column":16},"end":{"line":299,"column":96}},"137":{"start":{"line":300,"column":16},"end":{"line":300,"column":28}},"138":{"start":{"line":304,"column":29},"end":{"line":304,"column":33}},"139":{"start":{"line":305,"column":12},"end":{"line":310,"column":13}},"140":{"start":{"line":305,"column":25},"end":{"line":305,"column":26}},"141":{"start":{"line":306,"column":16},"end":{"line":309,"column":17}},"142":{"start":{"line":307,"column":20},"end":{"line":307,"column":49}},"143":{"start":{"line":308,"column":20},"end":{"line":308,"column":26}},"144":{"start":{"line":312,"column":12},"end":{"line":320,"column":13}},"145":{"start":{"line":313,"column":33},"end":{"line":313,"column":68}},"146":{"start":{"line":316,"column":16},"end":{"line":316,"column":53}},"147":{"start":{"line":318,"column":16},"end":{"line":318,"column":109}},"148":{"start":{"line":319,"column":16},"end":{"line":319,"column":32}},"149":{"start":{"line":322,"column":12},"end":{"line":322,"column":88}},"150":{"start":{"line":323,"column":12},"end":{"line":323,"column":24}},"151":{"start":{"line":326,"column":12},"end":{"line":326,"column":108}},"152":{"start":{"line":327,"column":12},"end":{"line":327,"column":24}},"153":{"start":{"line":336,"column":8},"end":{"line":336,"column":74}},"154":{"start":{"line":337,"column":8},"end":{"line":337,"column":68}},"155":{"start":{"line":344,"column":8},"end":{"line":344,"column":29}},"156":{"start":{"line":345,"column":8},"end":{"line":345,"column":58}},"157":{"start":{"line":350,"column":26},"end":{"line":350,"column":42}}},"fnMap":{"0":{"name":"(anonymous_0)","decl":{"start":{"line":16,"column":4},"end":{"line":16,"column":15}},"loc":{"start":{"line":16,"column":30},"end":{"line":25,"column":5}},"line":16},"1":{"name":"(anonymous_1)","decl":{"start":{"line":33,"column":10},"end":{"line":33,"column":25}},"loc":{"start":{"line":33,"column":47},"end":{"line":69,"column":5}},"line":33},"2":{"name":"(anonymous_2)","decl":{"start":{"line":76,"column":4},"end":{"line":76,"column":9}},"loc":{"start":{"line":76,"column":14},"end":{"line":78,"column":5}},"line":76},"3":{"name":"(anonymous_3)","decl":{"start":{"line":77,"column":27},"end":{"line":77,"column":34}},"loc":{"start":{"line":77,"column":38},"end":{"line":77,"column":61}},"line":77},"4":{"name":"(anonymous_4)","decl":{"start":{"line":85,"column":10},"end":{"line":85,"column":25}},"loc":{"start":{"line":85,"column":34},"end":{"line":133,"column":5}},"line":85},"5":{"name":"(anonymous_5)","decl":{"start":{"line":141,"column":10},"end":{"line":141,"column":26}},"loc":{"start":{"line":141,"column":63},"end":{"line":205,"column":5}},"line":141},"6":{"name":"(anonymous_6)","decl":{"start":{"line":142,"column":51},"end":{"line":142,"column":52}},"loc":{"start":{"line":142,"column":56},"end":{"line":142,"column":81}},"line":142},"7":{"name":"(anonymous_7)","decl":{"start":{"line":167,"column":46},"end":{"line":167,"column":51}},"loc":{"start":{"line":167,"column":76},"end":{"line":185,"column":13}},"line":167},"8":{"name":"(anonymous_8)","decl":{"start":{"line":190,"column":28},"end":{"line":190,"column":34}},"loc":{"start":{"line":190,"column":38},"end":{"line":196,"column":13}},"line":190},"9":{"name":"(anonymous_9)","decl":{"start":{"line":198,"column":63},"end":{"line":198,"column":64}},"loc":{"start":{"line":198,"column":68},"end":{"line":198,"column":69}},"line":198},"10":{"name":"(anonymous_10)","decl":{"start":{"line":214,"column":10},"end":{"line":214,"column":20}},"loc":{"start":{"line":214,"column":61},"end":{"line":263,"column":5}},"line":214},"11":{"name":"(anonymous_11)","decl":{"start":{"line":244,"column":21},"end":{"line":244,"column":22}},"loc":{"start":{"line":244,"column":32},"end":{"line":247,"column":17}},"line":244},"12":{"name":"(anonymous_12)","decl":{"start":{"line":248,"column":24},"end":{"line":248,"column":28}},"loc":{"start":{"line":248,"column":32},"end":{"line":248,"column":79}},"line":248},"13":{"name":"(anonymous_13)","decl":{"start":{"line":271,"column":10},"end":{"line":271,"column":27}},"loc":{"start":{"line":271,"column":47},"end":{"line":329,"column":5}},"line":271},"14":{"name":"(anonymous_14)","decl":{"start":{"line":335,"column":4},"end":{"line":335,"column":25}},"loc":{"start":{"line":335,"column":34},"end":{"line":338,"column":5}},"line":335},"15":{"name":"(anonymous_15)","decl":{"start":{"line":343,"column":4},"end":{"line":343,"column":14}},"loc":{"start":{"line":343,"column":17},"end":{"line":346,"column":5}},"line":343}},"branchMap":{"0":{"loc":{"start":{"line":16,"column":16},"end":{"line":16,"column":28}},"type":"default-arg","locations":[{"start":{"line":16,"column":26},"end":{"line":16,"column":28}}],"line":16},"1":{"loc":{"start":{"line":17,"column":25},"end":{"line":20,"column":9}},"type":"binary-expr","locations":[{"start":{"line":17,"column":25},"end":{"line":17,"column":42}},{"start":{"line":17,"column":46},"end":{"line":20,"column":9}}],"line":17},"2":{"loc":{"start":{"line":21,"column":23},"end":{"line":21,"column":94}},"type":"binary-expr","locations":[{"start":{"line":21,"column":23},"end":{"line":21,"column":38}},{"start":{"line":21,"column":42},"end":{"line":21,"column":94}}],"line":21},"3":{"loc":{"start":{"line":22,"column":29},"end":{"line":22,"column":68}},"type":"binary-expr","locations":[{"start":{"line":22,"column":29},"end":{"line":22,"column":50}},{"start":{"line":22,"column":54},"end":{"line":22,"column":68}}],"line":22},"4":{"loc":{"start":{"line":23,"column":26},"end":{"line":23,"column":49}},"type":"binary-expr","locations":[{"start":{"line":23,"column":26},"end":{"line":23,"column":44}},{"start":{"line":23,"column":48},"end":{"line":23,"column":49}}],"line":23},"5":{"loc":{"start":{"line":33,"column":31},"end":{"line":33,"column":45}},"type":"default-arg","locations":[{"start":{"line":33,"column":44},"end":{"line":33,"column":45}}],"line":33},"6":{"loc":{"start":{"line":40,"column":12},"end":{"line":42,"column":13}},"type":"if","locations":[{"start":{"line":40,"column":12},"end":{"line":42,"column":13}},{"start":{},"end":{}}],"line":40},"7":{"loc":{"start":{"line":50,"column":12},"end":{"line":54,"column":13}},"type":"if","locations":[{"start":{"line":50,"column":12},"end":{"line":54,"column":13}},{"start":{},"end":{}}],"line":50},"8":{"loc":{"start":{"line":57,"column":12},"end":{"line":64,"column":13}},"type":"if","locations":[{"start":{"line":57,"column":12},"end":{"line":64,"column":13}},{"start":{},"end":{}}],"line":57},"9":{"loc":{"start":{"line":90,"column":8},"end":{"line":93,"column":9}},"type":"if","locations":[{"start":{"line":90,"column":8},"end":{"line":93,"column":9}},{"start":{},"end":{}}],"line":90},"10":{"loc":{"start":{"line":103,"column":27},"end":{"line":103,"column":56}},"type":"binary-expr","locations":[{"start":{"line":103,"column":27},"end":{"line":103,"column":47}},{"start":{"line":103,"column":51},"end":{"line":103,"column":56}}],"line":103},"11":{"loc":{"start":{"line":106,"column":12},"end":{"line":114,"column":13}},"type":"if","locations":[{"start":{"line":106,"column":12},"end":{"line":114,"column":13}},{"start":{},"end":{}}],"line":106},"12":{"loc":{"start":{"line":106,"column":16},"end":{"line":106,"column":62}},"type":"binary-expr","locations":[{"start":{"line":106,"column":16},"end":{"line":106,"column":22}},{"start":{"line":106,"column":26},"end":{"line":106,"column":62}}],"line":106},"13":{"loc":{"start":{"line":109,"column":20},"end":{"line":112,"column":21}},"type":"if","locations":[{"start":{"line":109,"column":20},"end":{"line":112,"column":21}},{"start":{},"end":{}}],"line":109},"14":{"loc":{"start":{"line":116,"column":12},"end":{"line":124,"column":13}},"type":"if","locations":[{"start":{"line":116,"column":12},"end":{"line":124,"column":13}},{"start":{},"end":{}}],"line":116},"15":{"loc":{"start":{"line":141,"column":39},"end":{"line":141,"column":61}},"type":"default-arg","locations":[{"start":{"line":141,"column":56},"end":{"line":141,"column":61}}],"line":141},"16":{"loc":{"start":{"line":142,"column":56},"end":{"line":142,"column":81}},"type":"binary-expr","locations":[{"start":{"line":142,"column":56},"end":{"line":142,"column":57}},{"start":{"line":142,"column":61},"end":{"line":142,"column":81}}],"line":142},"17":{"loc":{"start":{"line":143,"column":8},"end":{"line":143,"column":53}},"type":"if","locations":[{"start":{"line":143,"column":8},"end":{"line":143,"column":53}},{"start":{},"end":{}}],"line":143},"18":{"loc":{"start":{"line":153,"column":12},"end":{"line":157,"column":13}},"type":"if","locations":[{"start":{"line":153,"column":12},"end":{"line":157,"column":13}},{"start":{"line":155,"column":19},"end":{"line":157,"column":13}}],"line":153},"19":{"loc":{"start":{"line":160,"column":8},"end":{"line":163,"column":9}},"type":"if","locations":[{"start":{"line":160,"column":8},"end":{"line":163,"column":9}},{"start":{},"end":{}}],"line":160},"20":{"loc":{"start":{"line":175,"column":20},"end":{"line":177,"column":21}},"type":"if","locations":[{"start":{"line":175,"column":20},"end":{"line":177,"column":21}},{"start":{},"end":{}}],"line":175},"21":{"loc":{"start":{"line":191,"column":16},"end":{"line":195,"column":17}},"type":"if","locations":[{"start":{"line":191,"column":16},"end":{"line":195,"column":17}},{"start":{},"end":{}}],"line":191},"22":{"loc":{"start":{"line":191,"column":20},"end":{"line":191,"column":41}},"type":"binary-expr","locations":[{"start":{"line":191,"column":20},"end":{"line":191,"column":26}},{"start":{"line":191,"column":30},"end":{"line":191,"column":41}}],"line":191},"23":{"loc":{"start":{"line":214,"column":29},"end":{"line":214,"column":42}},"type":"default-arg","locations":[{"start":{"line":214,"column":37},"end":{"line":214,"column":42}}],"line":214},"24":{"loc":{"start":{"line":214,"column":44},"end":{"line":214,"column":59}},"type":"default-arg","locations":[{"start":{"line":214,"column":55},"end":{"line":214,"column":59}}],"line":214},"25":{"loc":{"start":{"line":218,"column":30},"end":{"line":218,"column":81}},"type":"cond-expr","locations":[{"start":{"line":218,"column":47},"end":{"line":218,"column":60}},{"start":{"line":218,"column":63},"end":{"line":218,"column":81}}],"line":218},"26":{"loc":{"start":{"line":222,"column":8},"end":{"line":225,"column":9}},"type":"if","locations":[{"start":{"line":222,"column":8},"end":{"line":225,"column":9}},{"start":{},"end":{}}],"line":222},"27":{"loc":{"start":{"line":237,"column":12},"end":{"line":240,"column":13}},"type":"if","locations":[{"start":{"line":237,"column":12},"end":{"line":240,"column":13}},{"start":{},"end":{}}],"line":237},"28":{"loc":{"start":{"line":237,"column":16},"end":{"line":237,"column":55}},"type":"binary-expr","locations":[{"start":{"line":237,"column":16},"end":{"line":237,"column":27}},{"start":{"line":237,"column":31},"end":{"line":237,"column":38}},{"start":{"line":237,"column":42},"end":{"line":237,"column":55}}],"line":237},"29":{"loc":{"start":{"line":248,"column":32},"end":{"line":248,"column":79}},"type":"binary-expr","locations":[{"start":{"line":248,"column":32},"end":{"line":248,"column":51}},{"start":{"line":248,"column":55},"end":{"line":248,"column":79}}],"line":248},"30":{"loc":{"start":{"line":250,"column":29},"end":{"line":250,"column":58}},"type":"binary-expr","locations":[{"start":{"line":250,"column":29},"end":{"line":250,"column":49}},{"start":{"line":250,"column":53},"end":{"line":250,"column":58}}],"line":250},"31":{"loc":{"start":{"line":276,"column":8},"end":{"line":279,"column":9}},"type":"if","locations":[{"start":{"line":276,"column":8},"end":{"line":279,"column":9}},{"start":{},"end":{}}],"line":276},"32":{"loc":{"start":{"line":298,"column":12},"end":{"line":301,"column":13}},"type":"if","locations":[{"start":{"line":298,"column":12},"end":{"line":301,"column":13}},{"start":{},"end":{}}],"line":298},"33":{"loc":{"start":{"line":298,"column":16},"end":{"line":298,"column":55}},"type":"binary-expr","locations":[{"start":{"line":298,"column":16},"end":{"line":298,"column":27}},{"start":{"line":298,"column":31},"end":{"line":298,"column":38}},{"start":{"line":298,"column":42},"end":{"line":298,"column":55}}],"line":298},"34":{"loc":{"start":{"line":306,"column":16},"end":{"line":309,"column":17}},"type":"if","locations":[{"start":{"line":306,"column":16},"end":{"line":309,"column":17}},{"start":{},"end":{}}],"line":306},"35":{"loc":{"start":{"line":312,"column":12},"end":{"line":320,"column":13}},"type":"if","locations":[{"start":{"line":312,"column":12},"end":{"line":320,"column":13}},{"start":{},"end":{}}],"line":312}},"s":{"0":1,"1":1,"2":1,"3":1,"4":1,"5":0,"6":0,"7":0,"8":0,"9":0,"10":0,"11":0,"12":0,"13":0,"14":0,"15":0,"16":0,"17":0,"18":0,"19":0,"20":0,"21":0,"22":0,"23":0,"24":0,"25":0,"26":0,"27":0,"28":0,"29":0,"30":0,"31":0,"32":0,"33":0,"34":0,"35":0,"36":0,"37":0,"38":0,"39":0,"40":0,"41":0,"42":0,"43":0,"44":0,"45":0,"46":0,"47":0,"48":0,"49":0,"50":0,"51":0,"52":0,"53":0,"54":0,"55":0,"56":0,"57":0,"58":0,"59":0,"60":0,"61":0,"62":0,"63":0,"64":0,"65":0,"66":0,"67":0,"68":0,"69":0,"70":0,"71":0,"72":0,"73":0,"74":0,"75":0,"76":0,"77":0,"78":0,"79":0,"80":0,"81":0,"82":0,"83":0,"84":0,"85":0,"86":0,"87":0,"88":0,"89":0,"90":0,"91":0,"92":0,"93":0,"94":0,"95":0,"96":0,"97":0,"98":0,"99":0,"100":0,"101":0,"102":0,"103":0,"104":0,"105":0,"106":0,"107":0,"108":0,"109":0,"110":0,"111":0,"112":0,"113":0,"114":0,"115":0,"116":0,"117":0,"118":0,"119":0,"120":0,"121":0,"122":0,"123":0,"124":0,"125":0,"126":0,"127":0,"128":0,"129":0,"130":0,"131":0,"132":0,"133":0,"134":0,"135":0,"136":0,"137":0,"138":0,"139":0,"140":0,"141":0,"142":0,"143":0,"144":0,"145":0,"146":0,"147":0,"148":0,"149":0,"150":0,"151":0,"152":0,"153":0,"154":0,"155":0,"156":0,"157":1},"f":{"0":1,"1":0,"2":0,"3":0,"4":0,"5":0,"6":0,"7":0,"8":0,"9":0,"10":0,"11":0,"12":0,"13":0,"14":0,"15":0},"b":{"0":[1],"1":[1,1],"2":[1,1],"3":[1,1],"4":[1,1],"5":[0],"6":[0,0],"7":[0,0],"8":[0,0],"9":[0,0],"10":[0,0],"11":[0,0],"12":[0,0],"13":[0,0],"14":[0,0],"15":[0],"16":[0,0],"17":[0,0],"18":[0,0],"19":[0,0],"20":[0,0],"21":[0,0],"22":[0,0],"23":[0],"24":[0],"25":[0,0],"26":[0,0],"27":[0,0],"28":[0,0,0],"29":[0,0],"30":[0,0],"31":[0,0],"32":[0,0],"33":[0,0,0],"34":[0,0],"35":[0,0]},"meta":{"lastBranch":36,"lastFunction":16,"lastStatement":158,"seen":{"f:16:4:16:15":0,"b:16:26:16:28":0,"s:17:8:20:10":0,"b:17:25:17:42:17:46:20:9":1,"s:21:8:21:95":1,"b:21:23:21:38:21:42:21:94":2,"s:22:8:22:69":2,"b:22:29:22:50:22:54:22:68":3,"s:23:8:23:50":3,"b:23:26:23:44:23:48:23:49":4,"s:24:8:24:35":4,"f:33:10:33:25":1,"b:33:44:33:45":5,"s:34:25:34:63":5,"s:35:24:35:63":6,"s:37:8:68:9":7,"s:38:29:38:49":8,"b:40:12:42:13:undefined:undefined:undefined:undefined":6,"s:40:12:42:13":9,"s:41:16:41:32":10,"s:45:12:45:84":11,"s:47:12:47:107":12,"b:50:12:54:13:undefined:undefined:undefined:undefined":7,"s:50:12:54:13":13,"s:51:16:51:41":14,"s:52:16:52:96":15,"s:53:16:53:61":16,"b:57:12:64:13:undefined:undefined:undefined:undefined":8,"s:57:12:64:13":17,"s:58:16:58:43":18,"s:59:16:59:108":19,"s:62:16:62:65":20,"s:63:16:63:65":21,"s:67:12:67:98":22,"f:76:4:76:9":2,"s:77:8:77:63":23,"f:77:27:77:34":3,"s:77:38:77:61":24,"f:85:10:85:25":4,"s:86:25:86:42":25,"s:89:23:89:69":26,"b:90:8:93:9:undefined:undefined:undefined:undefined":9,"s:90:8:93:9":27,"s:91:12:91:73":28,"s:92:12:92:26":29,"s:96:8:132:9":30,"s:97:30:97:77":31,"s:98:29:98:66":32,"s:99:25:99:46":33,"s:101:27:101:47":34,"s:102:24:102:54":35,"s:103:27:103:56":36,"b:103:27:103:47:103:51:103:56":10,"b:106:12:114:13:undefined:undefined:undefined:undefined":11,"s:106:12:114:13":37,"b:106:16:106:22:106:26:106:62":12,"s:107:31:107:63":38,"s:108:16:113:17":39,"s:108:29:108:46":40,"b:109:20:112:21:undefined:undefined:undefined:undefined":13,"s:109:20:112:21":41,"s:110:24:110:42":42,"s:111:24:111:30":43,"b:116:12:124:13:undefined:undefined:undefined:undefined":14,"s:116:12:124:13":44,"s:117:34:117:53":45,"s:120:16:120:83":46,"s:122:16:122:94":47,"s:123:16:123:33":48,"s:126:12:126:75":49,"s:127:12:127:24":50,"s:130:12:130:86":51,"s:131:12:131:24":52,"f:141:10:141:26":5,"b:141:56:141:61":15,"s:142:33:142:82":53,"f:142:51:142:52":6,"s:142:56:142:81":54,"b:142:56:142:57:142:61:142:81":16,"b:143:8:143:53:undefined:undefined:undefined:undefined":17,"s:143:8:143:53":55,"s:143:43:143:53":56,"s:145:22:145:24":57,"s:146:29:146:31":58,"s:149:8:158:9":59,"s:150:29:150:64":60,"s:151:27:151:73":61,"b:153:12:157:13:155:19:157:13":18,"s:153:12:157:13":62,"s:154:16:154:41":63,"s:156:16:156:88":64,"b:160:8:163:9:undefined:undefined:undefined:undefined":19,"s:160:8:163:9":65,"s:161:12:161:78":66,"s:162:12:162:25":67,"s:166:8:204:9":68,"s:167:29:185:14":69,"f:167:46:167:51":7,"s:168:16:184:17":70,"s:169:38:169:83":71,"s:170:37:170:74":72,"s:171:33:171:54":73,"s:172:35:172:55":74,"s:173:33:173:63":75,"b:175:20:177:21:undefined:undefined:undefined:undefined":20,"s:175:20:177:21":76,"s:176:24:176:50":77,"s:179:20:179:80":78,"s:180:20:180:32":79,"s:182:20:182:91":80,"s:183:20:183:32":81,"s:187:28:187:55":82,"s:190:12:196:15":83,"f:190:28:190:34":8,"b:191:16:195:17:undefined:undefined:undefined:undefined":21,"s:191:16:195:17":84,"b:191:20:191:26:191:30:191:41":22,"s:192:20:192:57":85,"s:193:37:193:79":86,"s:194:20:194:89":87,"s:198:12:198:96":88,"f:198:63:198:64":9,"s:198:68:198:69":89,"s:199:12:199:25":90,"s:202:12:202:81":91,"s:203:12:203:25":92,"f:214:10:214:20":10,"b:214:37:214:42":23,"b:214:55:214:59":24,"s:215:25:215:65":93,"s:218:30:218:81":94,"b:218:47:218:60:218:63:218:81":25,"s:221:23:221:64":95,"b:222:8:225:9:undefined:undefined:undefined:undefined":26,"s:222:8:225:9":96,"s:223:12:223:99":97,"s:224:12:224:26":98,"s:228:8:262:9":99,"s:229:30:229:92":100,"s:230:29:230:66":101,"s:231:25:231:46":102,"s:233:27:233:47":103,"s:234:31:234:47":104,"s:235:27:235:56":105,"b:237:12:240:13:undefined:undefined:undefined:undefined":27,"s:237:12:240:13":106,"b:237:16:237:27:237:31:237:38:237:42:237:55":28,"s:238:16:238:81":107,"s:239:16:239:28":108,"s:243:30:248:80":109,"f:244:21:244:22":11,"s:244:32:247:17":110,"f:248:24:248:28":12,"s:248:32:248:79":111,"b:248:32:248:51:248:55:248:79":29,"s:250:29:250:58":112,"b:250:29:250:49:250:53:250:58":30,"s:251:32:251:61":113,"s:254:12:254:76":114,"s:256:12:256:97":115,"s:257:12:257:31":116,"s:260:12:260:88":117,"s:261:12:261:24":118,"f:271:10:271:27":13,"s:272:25:272:65":119,"s:275:23:275:49":120,"b:276:8:279:9:undefined:undefined:undefined:undefined":31,"s:276:8:279:9":121,"s:277:12:277:99":122,"s:278:12:278:26":123,"s:282:24:282:41":124,"s:283:31:283:67":125,"s:284:29:284:64":126,"s:286:21:286:39":127,"s:289:8:328:9":128,"s:290:30:290:116":129,"s:291:29:291:66":130,"s:292:25:292:46":131,"s:294:27:294:47":132,"s:295:31:295:47":133,"s:296:27:296:56":134,"b:298:12:301:13:undefined:undefined:undefined:undefined":32,"s:298:12:301:13":135,"b:298:16:298:27:298:31:298:38:298:42:298:55":33,"s:299:16:299:96":136,"s:300:16:300:28":137,"s:304:29:304:33":138,"s:305:12:310:13":139,"s:305:25:305:26":140,"b:306:16:309:17:undefined:undefined:undefined:undefined":34,"s:306:16:309:17":141,"s:307:20:307:49":142,"s:308:20:308:26":143,"b:312:12:320:13:undefined:undefined:undefined:undefined":35,"s:312:12:320:13":144,"s:313:33:313:68":145,"s:316:16:316:53":146,"s:318:16:318:109":147,"s:319:16:319:32":148,"s:322:12:322:88":149,"s:323:12:323:24":150,"s:326:12:326:108":151,"s:327:12:327:24":152,"f:335:4:335:25":14,"s:336:8:336:74":153,"s:337:8:337:68":154,"f:343:4:343:14":15,"s:344:8:344:29":155,"s:345:8:345:58":156,"s:350:26:350:42":157}}}
,"C:\\Users\\Wojtek\\Desktop\\gemini\\app_stock\\src\\lib\\CacheService.js": {"path":"C:\\Users\\Wojtek\\Desktop\\gemini\\app_stock\\src\\lib\\CacheService.js","statementMap":{"0":{"start":{"line":12,"column":8},"end":{"line":12,"column":29}},"1":{"start":{"line":13,"column":8},"end":{"line":13,"column":31}},"2":{"start":{"line":22,"column":8},"end":{"line":22,"column":54}},"3":{"start":{"line":32,"column":8},"end":{"line":52,"column":9}},"4":{"start":{"line":33,"column":29},"end":{"line":33,"column":51}},"5":{"start":{"line":34,"column":29},"end":{"line":34,"column":59}},"6":{"start":{"line":36,"column":12},"end":{"line":36,"column":39}},"7":{"start":{"line":36,"column":27},"end":{"line":36,"column":39}},"8":{"start":{"line":38,"column":26},"end":{"line":38,"column":46}},"9":{"start":{"line":39,"column":24},"end":{"line":39,"column":52}},"10":{"start":{"line":40,"column":36},"end":{"line":40,"column":67}},"11":{"start":{"line":42,"column":12},"end":{"line":44,"column":13}},"12":{"start":{"line":43,"column":16},"end":{"line":43,"column":35}},"13":{"start":{"line":47,"column":12},"end":{"line":47,"column":46}},"14":{"start":{"line":48,"column":12},"end":{"line":48,"column":24}},"15":{"start":{"line":50,"column":12},"end":{"line":50,"column":80}},"16":{"start":{"line":51,"column":12},"end":{"line":51,"column":24}},"17":{"start":{"line":64,"column":8},"end":{"line":81,"column":9}},"18":{"start":{"line":65,"column":29},"end":{"line":65,"column":51}},"19":{"start":{"line":66,"column":30},"end":{"line":71,"column":13}},"20":{"start":{"line":73,"column":12},"end":{"line":73,"column":70}},"21":{"start":{"line":75,"column":12},"end":{"line":75,"column":81}},"22":{"start":{"line":77,"column":12},"end":{"line":80,"column":13}},"23":{"start":{"line":78,"column":16},"end":{"line":78,"column":95}},"24":{"start":{"line":79,"column":16},"end":{"line":79,"column":35}},"25":{"start":{"line":89,"column":8},"end":{"line":104,"column":9}},"26":{"start":{"line":90,"column":26},"end":{"line":90,"column":83}},"27":{"start":{"line":91,"column":33},"end":{"line":91,"column":35}},"28":{"start":{"line":93,"column":12},"end":{"line":98,"column":13}},"29":{"start":{"line":93,"column":25},"end":{"line":93,"column":26}},"30":{"start":{"line":94,"column":28},"end":{"line":94,"column":47}},"31":{"start":{"line":95,"column":16},"end":{"line":97,"column":17}},"32":{"start":{"line":96,"column":20},"end":{"line":96,"column":43}},"33":{"start":{"line":100,"column":12},"end":{"line":100,"column":70}},"34":{"start":{"line":100,"column":40},"end":{"line":100,"column":68}},"35":{"start":{"line":101,"column":12},"end":{"line":101,"column":91}},"36":{"start":{"line":103,"column":12},"end":{"line":103,"column":73}},"37":{"start":{"line":111,"column":8},"end":{"line":126,"column":9}},"38":{"start":{"line":112,"column":33},"end":{"line":112,"column":35}},"39":{"start":{"line":113,"column":34},"end":{"line":113,"column":60}},"40":{"start":{"line":115,"column":12},"end":{"line":120,"column":13}},"41":{"start":{"line":115,"column":25},"end":{"line":115,"column":26}},"42":{"start":{"line":116,"column":28},"end":{"line":116,"column":47}},"43":{"start":{"line":117,"column":16},"end":{"line":119,"column":17}},"44":{"start":{"line":118,"column":20},"end":{"line":118,"column":43}},"45":{"start":{"line":122,"column":12},"end":{"line":122,"column":70}},"46":{"start":{"line":122,"column":40},"end":{"line":122,"column":68}},"47":{"start":{"line":123,"column":12},"end":{"line":123,"column":87}},"48":{"start":{"line":125,"column":12},"end":{"line":125,"column":69}},"49":{"start":{"line":134,"column":8},"end":{"line":161,"column":9}},"50":{"start":{"line":135,"column":28},"end":{"line":135,"column":30}},"51":{"start":{"line":136,"column":34},"end":{"line":136,"column":60}},"52":{"start":{"line":138,"column":12},"end":{"line":149,"column":13}},"53":{"start":{"line":138,"column":25},"end":{"line":138,"column":26}},"54":{"start":{"line":139,"column":28},"end":{"line":139,"column":47}},"55":{"start":{"line":140,"column":16},"end":{"line":148,"column":17}},"56":{"start":{"line":141,"column":20},"end":{"line":147,"column":21}},"57":{"start":{"line":142,"column":37},"end":{"line":142,"column":74}},"58":{"start":{"line":143,"column":24},"end":{"line":143,"column":78}},"59":{"start":{"line":146,"column":24},"end":{"line":146,"column":60}},"60":{"start":{"line":152,"column":12},"end":{"line":152,"column":62}},"61":{"start":{"line":152,"column":35},"end":{"line":152,"column":60}},"62":{"start":{"line":155,"column":29},"end":{"line":155,"column":52}},"63":{"start":{"line":156,"column":12},"end":{"line":156,"column":74}},"64":{"start":{"line":156,"column":38},"end":{"line":156,"column":72}},"65":{"start":{"line":158,"column":12},"end":{"line":158,"column":90}},"66":{"start":{"line":160,"column":12},"end":{"line":160,"column":76}},"67":{"start":{"line":169,"column":27},"end":{"line":169,"column":28}},"68":{"start":{"line":170,"column":24},"end":{"line":170,"column":25}},"69":{"start":{"line":171,"column":30},"end":{"line":171,"column":56}},"70":{"start":{"line":173,"column":8},"end":{"line":180,"column":9}},"71":{"start":{"line":173,"column":21},"end":{"line":173,"column":22}},"72":{"start":{"line":174,"column":24},"end":{"line":174,"column":43}},"73":{"start":{"line":175,"column":12},"end":{"line":179,"column":13}},"74":{"start":{"line":176,"column":16},"end":{"line":176,"column":31}},"75":{"start":{"line":177,"column":30},"end":{"line":177,"column":55}},"76":{"start":{"line":178,"column":16},"end":{"line":178,"column":69}},"77":{"start":{"line":182,"column":8},"end":{"line":186,"column":10}},"78":{"start":{"line":191,"column":28},"end":{"line":191,"column":46}}},"fnMap":{"0":{"name":"(anonymous_0)","decl":{"start":{"line":11,"column":4},"end":{"line":11,"column":15}},"loc":{"start":{"line":11,"column":57},"end":{"line":14,"column":5}},"line":11},"1":{"name":"(anonymous_1)","decl":{"start":{"line":21,"column":4},"end":{"line":21,"column":16}},"loc":{"start":{"line":21,"column":22},"end":{"line":23,"column":5}},"line":21},"2":{"name":"(anonymous_2)","decl":{"start":{"line":31,"column":4},"end":{"line":31,"column":7}},"loc":{"start":{"line":31,"column":28},"end":{"line":53,"column":5}},"line":31},"3":{"name":"(anonymous_3)","decl":{"start":{"line":63,"column":4},"end":{"line":63,"column":7}},"loc":{"start":{"line":63,"column":34},"end":{"line":82,"column":5}},"line":63},"4":{"name":"(anonymous_4)","decl":{"start":{"line":88,"column":4},"end":{"line":88,"column":14}},"loc":{"start":{"line":88,"column":24},"end":{"line":105,"column":5}},"line":88},"5":{"name":"(anonymous_5)","decl":{"start":{"line":100,"column":33},"end":{"line":100,"column":36}},"loc":{"start":{"line":100,"column":40},"end":{"line":100,"column":68}},"line":100},"6":{"name":"(anonymous_6)","decl":{"start":{"line":110,"column":4},"end":{"line":110,"column":9}},"loc":{"start":{"line":110,"column":12},"end":{"line":127,"column":5}},"line":110},"7":{"name":"(anonymous_7)","decl":{"start":{"line":122,"column":33},"end":{"line":122,"column":36}},"loc":{"start":{"line":122,"column":40},"end":{"line":122,"column":68}},"line":122},"8":{"name":"(anonymous_8)","decl":{"start":{"line":133,"column":4},"end":{"line":133,"column":15}},"loc":{"start":{"line":133,"column":28},"end":{"line":162,"column":5}},"line":133},"9":{"name":"(anonymous_9)","decl":{"start":{"line":152,"column":25},"end":{"line":152,"column":26}},"loc":{"start":{"line":152,"column":35},"end":{"line":152,"column":60}},"line":152},"10":{"name":"(anonymous_10)","decl":{"start":{"line":156,"column":29},"end":{"line":156,"column":34}},"loc":{"start":{"line":156,"column":38},"end":{"line":156,"column":72}},"line":156},"11":{"name":"(anonymous_11)","decl":{"start":{"line":168,"column":4},"end":{"line":168,"column":12}},"loc":{"start":{"line":168,"column":15},"end":{"line":187,"column":5}},"line":168}},"branchMap":{"0":{"loc":{"start":{"line":11,"column":16},"end":{"line":11,"column":39}},"type":"default-arg","locations":[{"start":{"line":11,"column":25},"end":{"line":11,"column":39}}],"line":11},"1":{"loc":{"start":{"line":11,"column":41},"end":{"line":11,"column":55}},"type":"default-arg","locations":[{"start":{"line":11,"column":51},"end":{"line":11,"column":55}}],"line":11},"2":{"loc":{"start":{"line":31,"column":13},"end":{"line":31,"column":26}},"type":"default-arg","locations":[{"start":{"line":31,"column":22},"end":{"line":31,"column":26}}],"line":31},"3":{"loc":{"start":{"line":36,"column":12},"end":{"line":36,"column":39}},"type":"if","locations":[{"start":{"line":36,"column":12},"end":{"line":36,"column":39}},{"start":{},"end":{}}],"line":36},"4":{"loc":{"start":{"line":40,"column":36},"end":{"line":40,"column":67}},"type":"binary-expr","locations":[{"start":{"line":40,"column":36},"end":{"line":40,"column":42}},{"start":{"line":40,"column":46},"end":{"line":40,"column":55}},{"start":{"line":40,"column":59},"end":{"line":40,"column":67}}],"line":40},"5":{"loc":{"start":{"line":42,"column":12},"end":{"line":44,"column":13}},"type":"if","locations":[{"start":{"line":42,"column":12},"end":{"line":44,"column":13}},{"start":{},"end":{}}],"line":42},"6":{"loc":{"start":{"line":63,"column":20},"end":{"line":63,"column":32}},"type":"default-arg","locations":[{"start":{"line":63,"column":30},"end":{"line":63,"column":32}}],"line":63},"7":{"loc":{"start":{"line":69,"column":21},"end":{"line":69,"column":40}},"type":"binary-expr","locations":[{"start":{"line":69,"column":21},"end":{"line":69,"column":32}},{"start":{"line":69,"column":36},"end":{"line":69,"column":40}}],"line":69},"8":{"loc":{"start":{"line":70,"column":26},"end":{"line":70,"column":48}},"type":"binary-expr","locations":[{"start":{"line":70,"column":26},"end":{"line":70,"column":42}},{"start":{"line":70,"column":46},"end":{"line":70,"column":48}}],"line":70},"9":{"loc":{"start":{"line":77,"column":12},"end":{"line":80,"column":13}},"type":"if","locations":[{"start":{"line":77,"column":12},"end":{"line":80,"column":13}},{"start":{},"end":{}}],"line":77},"10":{"loc":{"start":{"line":90,"column":26},"end":{"line":90,"column":83}},"type":"cond-expr","locations":[{"start":{"line":90,"column":54},"end":{"line":90,"column":61}},{"start":{"line":90,"column":64},"end":{"line":90,"column":83}}],"line":90},"11":{"loc":{"start":{"line":95,"column":16},"end":{"line":97,"column":17}},"type":"if","locations":[{"start":{"line":95,"column":16},"end":{"line":97,"column":17}},{"start":{},"end":{}}],"line":95},"12":{"loc":{"start":{"line":95,"column":20},"end":{"line":95,"column":88}},"type":"binary-expr","locations":[{"start":{"line":95,"column":20},"end":{"line":95,"column":23}},{"start":{"line":95,"column":27},"end":{"line":95,"column":69}},{"start":{"line":95,"column":73},"end":{"line":95,"column":88}}],"line":95},"13":{"loc":{"start":{"line":117,"column":16},"end":{"line":119,"column":17}},"type":"if","locations":[{"start":{"line":117,"column":16},"end":{"line":119,"column":17}},{"start":{},"end":{}}],"line":117},"14":{"loc":{"start":{"line":117,"column":20},"end":{"line":117,"column":56}},"type":"binary-expr","locations":[{"start":{"line":117,"column":20},"end":{"line":117,"column":23}},{"start":{"line":117,"column":27},"end":{"line":117,"column":56}}],"line":117},"15":{"loc":{"start":{"line":133,"column":16},"end":{"line":133,"column":26}},"type":"default-arg","locations":[{"start":{"line":133,"column":24},"end":{"line":133,"column":26}}],"line":133},"16":{"loc":{"start":{"line":140,"column":16},"end":{"line":148,"column":17}},"type":"if","locations":[{"start":{"line":140,"column":16},"end":{"line":148,"column":17}},{"start":{},"end":{}}],"line":140},"17":{"loc":{"start":{"line":140,"column":20},"end":{"line":140,"column":56}},"type":"binary-expr","locations":[{"start":{"line":140,"column":20},"end":{"line":140,"column":23}},{"start":{"line":140,"column":27},"end":{"line":140,"column":56}}],"line":140},"18":{"loc":{"start":{"line":143,"column":55},"end":{"line":143,"column":74}},"type":"binary-expr","locations":[{"start":{"line":143,"column":55},"end":{"line":143,"column":69}},{"start":{"line":143,"column":73},"end":{"line":143,"column":74}}],"line":143},"19":{"loc":{"start":{"line":175,"column":12},"end":{"line":179,"column":13}},"type":"if","locations":[{"start":{"line":175,"column":12},"end":{"line":179,"column":13}},{"start":{},"end":{}}],"line":175},"20":{"loc":{"start":{"line":175,"column":16},"end":{"line":175,"column":52}},"type":"binary-expr","locations":[{"start":{"line":175,"column":16},"end":{"line":175,"column":19}},{"start":{"line":175,"column":23},"end":{"line":175,"column":52}}],"line":175},"21":{"loc":{"start":{"line":178,"column":43},"end":{"line":178,"column":67}},"type":"cond-expr","locations":[{"start":{"line":178,"column":51},"end":{"line":178,"column":63}},{"start":{"line":178,"column":66},"end":{"line":178,"column":67}}],"line":178}},"s":{"0":15,"1":15,"2":43,"3":21,"4":21,"5":21,"6":21,"7":8,"8":13,"9":13,"10":13,"11":21,"12":11,"13":2,"14":2,"15":0,"16":0,"17":22,"18":22,"19":22,"20":22,"21":1,"22":1,"23":0,"24":0,"25":2,"26":2,"27":2,"28":2,"29":2,"30":5,"31":5,"32":3,"33":2,"34":3,"35":2,"36":0,"37":1,"38":1,"39":1,"40":1,"41":1,"42":3,"43":3,"44":3,"45":1,"46":3,"47":1,"48":0,"49":1,"50":1,"51":1,"52":1,"53":1,"54":3,"55":3,"56":3,"57":3,"58":3,"59":0,"60":1,"61":2,"62":1,"63":1,"64":1,"65":1,"66":0,"67":1,"68":1,"69":1,"70":1,"71":1,"72":2,"73":2,"74":2,"75":2,"76":2,"77":1,"78":2},"f":{"0":15,"1":43,"2":21,"3":22,"4":2,"5":3,"6":1,"7":3,"8":1,"9":2,"10":1,"11":1},"b":{"0":[15],"1":[15],"2":[21],"3":[8,13],"4":[13,9,9],"5":[11,10],"6":[22],"7":[22,21],"8":[22,22],"9":[0,1],"10":[0,2],"11":[3,2],"12":[5,5,5],"13":[3,0],"14":[3,3],"15":[1],"16":[3,0],"17":[3,3],"18":[3,0],"19":[2,0],"20":[2,2],"21":[2,0]},"meta":{"lastBranch":22,"lastFunction":12,"lastStatement":79,"seen":{"f:11:4:11:15":0,"b:11:25:11:39":0,"b:11:51:11:55":1,"s:12:8:12:29":0,"s:13:8:13:31":1,"f:21:4:21:16":1,"s:22:8:22:54":2,"f:31:4:31:7":2,"b:31:22:31:26":2,"s:32:8:52:9":3,"s:33:29:33:51":4,"s:34:29:34:59":5,"b:36:12:36:39:undefined:undefined:undefined:undefined":3,"s:36:12:36:39":6,"s:36:27:36:39":7,"s:38:26:38:46":8,"s:39:24:39:52":9,"s:40:36:40:67":10,"b:40:36:40:42:40:46:40:55:40:59:40:67":4,"b:42:12:44:13:undefined:undefined:undefined:undefined":5,"s:42:12:44:13":11,"s:43:16:43:35":12,"s:47:12:47:46":13,"s:48:12:48:24":14,"s:50:12:50:80":15,"s:51:12:51:24":16,"f:63:4:63:7":3,"b:63:30:63:32":6,"s:64:8:81:9":17,"s:65:29:65:51":18,"s:66:30:71:13":19,"b:69:21:69:32:69:36:69:40":7,"b:70:26:70:42:70:46:70:48":8,"s:73:12:73:70":20,"s:75:12:75:81":21,"b:77:12:80:13:undefined:undefined:undefined:undefined":9,"s:77:12:80:13":22,"s:78:16:78:95":23,"s:79:16:79:35":24,"f:88:4:88:14":4,"s:89:8:104:9":25,"s:90:26:90:83":26,"b:90:54:90:61:90:64:90:83":10,"s:91:33:91:35":27,"s:93:12:98:13":28,"s:93:25:93:26":29,"s:94:28:94:47":30,"b:95:16:97:17:undefined:undefined:undefined:undefined":11,"s:95:16:97:17":31,"b:95:20:95:23:95:27:95:69:95:73:95:88":12,"s:96:20:96:43":32,"s:100:12:100:70":33,"f:100:33:100:36":5,"s:100:40:100:68":34,"s:101:12:101:91":35,"s:103:12:103:73":36,"f:110:4:110:9":6,"s:111:8:126:9":37,"s:112:33:112:35":38,"s:113:34:113:60":39,"s:115:12:120:13":40,"s:115:25:115:26":41,"s:116:28:116:47":42,"b:117:16:119:17:undefined:undefined:undefined:undefined":13,"s:117:16:119:17":43,"b:117:20:117:23:117:27:117:56":14,"s:118:20:118:43":44,"s:122:12:122:70":45,"f:122:33:122:36":7,"s:122:40:122:68":46,"s:123:12:123:87":47,"s:125:12:125:69":48,"f:133:4:133:15":8,"b:133:24:133:26":15,"s:134:8:161:9":49,"s:135:28:135:30":50,"s:136:34:136:60":51,"s:138:12:149:13":52,"s:138:25:138:26":53,"s:139:28:139:47":54,"b:140:16:148:17:undefined:undefined:undefined:undefined":16,"s:140:16:148:17":55,"b:140:20:140:23:140:27:140:56":17,"s:141:20:147:21":56,"s:142:37:142:74":57,"s:143:24:143:78":58,"b:143:55:143:69:143:73:143:74":18,"s:146:24:146:60":59,"s:152:12:152:62":60,"f:152:25:152:26":9,"s:152:35:152:60":61,"s:155:29:155:52":62,"s:156:12:156:74":63,"f:156:29:156:34":10,"s:156:38:156:72":64,"s:158:12:158:90":65,"s:160:12:160:76":66,"f:168:4:168:12":11,"s:169:27:169:28":67,"s:170:24:170:25":68,"s:171:30:171:56":69,"s:173:8:180:9":70,"s:173:21:173:22":71,"s:174:24:174:43":72,"b:175:12:179:13:undefined:undefined:undefined:undefined":19,"s:175:12:179:13":73,"b:175:16:175:19:175:23:175:52":20,"s:176:16:176:31":74,"s:177:30:177:55":75,"s:178:16:178:69":76,"b:178:51:178:63:178:66:178:67":21,"s:182:8:186:10":77,"s:191:28:191:46":78}}}
,"C:\\Users\\Wojtek\\Desktop\\gemini\\app_stock\\src\\lib\\DividendService.js": {"path":"C:\\Users\\Wojtek\\Desktop\\gemini\\app_stock\\src\\lib\\DividendService.js","statementMap":{"0":{"start":{"line":18,"column":8},"end":{"line":63,"column":9}},"1":{"start":{"line":20,"column":30},"end":{"line":20,"column":58}},"2":{"start":{"line":23,"column":33},"end":{"line":25,"column":26}},"3":{"start":{"line":28,"column":30},"end":{"line":57,"column":13}},"4":{"start":{"line":31,"column":47},"end":{"line":35,"column":21}},"5":{"start":{"line":38,"column":39},"end":{"line":38,"column":60}},"6":{"start":{"line":39,"column":20},"end":{"line":43,"column":21}},"7":{"start":{"line":40,"column":41},"end":{"line":40,"column":83}},"8":{"start":{"line":41,"column":41},"end":{"line":41,"column":104}},"9":{"start":{"line":42,"column":24},"end":{"line":42,"column":61}},"10":{"start":{"line":46,"column":40},"end":{"line":46,"column":84}},"11":{"start":{"line":47,"column":37},"end":{"line":47,"column":72}},"12":{"start":{"line":49,"column":20},"end":{"line":55,"column":22}},"13":{"start":{"line":59,"column":12},"end":{"line":59,"column":60}},"14":{"start":{"line":59,"column":41},"end":{"line":59,"column":58}},"15":{"start":{"line":61,"column":12},"end":{"line":61,"column":94}},"16":{"start":{"line":62,"column":12},"end":{"line":62,"column":22}},"17":{"start":{"line":71,"column":21},"end":{"line":71,"column":22}},"18":{"start":{"line":73,"column":8},"end":{"line":82,"column":9}},"19":{"start":{"line":74,"column":12},"end":{"line":74,"column":47}},"20":{"start":{"line":74,"column":38},"end":{"line":74,"column":47}},"21":{"start":{"line":75,"column":12},"end":{"line":75,"column":38}},"22":{"start":{"line":75,"column":32},"end":{"line":75,"column":38}},"23":{"start":{"line":77,"column":12},"end":{"line":81,"column":13}},"24":{"start":{"line":78,"column":16},"end":{"line":78,"column":36}},"25":{"start":{"line":79,"column":19},"end":{"line":81,"column":13}},"26":{"start":{"line":80,"column":16},"end":{"line":80,"column":36}},"27":{"start":{"line":84,"column":8},"end":{"line":84,"column":22}},"28":{"start":{"line":92,"column":21},"end":{"line":92,"column":38}},"29":{"start":{"line":93,"column":8},"end":{"line":93,"column":41}},"30":{"start":{"line":94,"column":8},"end":{"line":94,"column":48}},"31":{"start":{"line":103,"column":8},"end":{"line":140,"column":9}},"32":{"start":{"line":104,"column":26},"end":{"line":104,"column":36}},"33":{"start":{"line":105,"column":35},"end":{"line":105,"column":91}},"34":{"start":{"line":108,"column":38},"end":{"line":117,"column":26}},"35":{"start":{"line":116,"column":26},"end":{"line":116,"column":49}},"36":{"start":{"line":120,"column":30},"end":{"line":134,"column":14}},"37":{"start":{"line":121,"column":30},"end":{"line":121,"column":76}},"38":{"start":{"line":121,"column":47},"end":{"line":121,"column":75}},"39":{"start":{"line":122,"column":36},"end":{"line":122,"column":54}},"40":{"start":{"line":123,"column":39},"end":{"line":123,"column":76}},"41":{"start":{"line":126,"column":37},"end":{"line":126,"column":84}},"42":{"start":{"line":128,"column":16},"end":{"line":133,"column":18}},"43":{"start":{"line":136,"column":12},"end":{"line":136,"column":60}},"44":{"start":{"line":136,"column":41},"end":{"line":136,"column":58}},"45":{"start":{"line":138,"column":12},"end":{"line":138,"column":94}},"46":{"start":{"line":139,"column":12},"end":{"line":139,"column":22}},"47":{"start":{"line":151,"column":8},"end":{"line":160,"column":9}},"48":{"start":{"line":155,"column":12},"end":{"line":155,"column":109}},"49":{"start":{"line":156,"column":12},"end":{"line":156,"column":24}},"50":{"start":{"line":158,"column":12},"end":{"line":158,"column":103}},"51":{"start":{"line":159,"column":12},"end":{"line":159,"column":24}},"52":{"start":{"line":169,"column":8},"end":{"line":220,"column":9}},"53":{"start":{"line":177,"column":16},"end":{"line":177,"column":28}},"54":{"start":{"line":180,"column":12},"end":{"line":182,"column":13}},"55":{"start":{"line":181,"column":16},"end":{"line":181,"column":68}},"56":{"start":{"line":185,"column":31},"end":{"line":185,"column":34}},"57":{"start":{"line":186,"column":12},"end":{"line":190,"column":13}},"58":{"start":{"line":187,"column":33},"end":{"line":187,"column":66}},"59":{"start":{"line":188,"column":33},"end":{"line":188,"column":87}},"60":{"start":{"line":189,"column":16},"end":{"line":189,"column":53}},"61":{"start":{"line":193,"column":33},"end":{"line":193,"column":80}},"62":{"start":{"line":194,"column":32},"end":{"line":194,"column":93}},"63":{"start":{"line":197,"column":32},"end":{"line":197,"column":60}},"64":{"start":{"line":198,"column":29},"end":{"line":198,"column":55}},"65":{"start":{"line":201,"column":23},"end":{"line":212,"column":14}},"66":{"start":{"line":214,"column":12},"end":{"line":214,"column":117}},"67":{"start":{"line":215,"column":12},"end":{"line":215,"column":22}},"68":{"start":{"line":218,"column":12},"end":{"line":218,"column":78}},"69":{"start":{"line":219,"column":12},"end":{"line":219,"column":24}},"70":{"start":{"line":229,"column":8},"end":{"line":269,"column":9}},"71":{"start":{"line":231,"column":36},"end":{"line":234,"column":26}},"72":{"start":{"line":237,"column":31},"end":{"line":237,"column":32}},"73":{"start":{"line":238,"column":12},"end":{"line":242,"column":13}},"74":{"start":{"line":239,"column":47},"end":{"line":239,"column":67}},"75":{"start":{"line":240,"column":37},"end":{"line":240,"column":59}},"76":{"start":{"line":241,"column":16},"end":{"line":241,"column":70}},"77":{"start":{"line":244,"column":12},"end":{"line":246,"column":13}},"78":{"start":{"line":245,"column":16},"end":{"line":245,"column":25}},"79":{"start":{"line":249,"column":31},"end":{"line":249,"column":41}},"80":{"start":{"line":250,"column":12},"end":{"line":250,"column":65}},"81":{"start":{"line":251,"column":34},"end":{"line":251,"column":72}},"82":{"start":{"line":253,"column":36},"end":{"line":257,"column":26}},"83":{"start":{"line":256,"column":26},"end":{"line":256,"column":49}},"84":{"start":{"line":259,"column":39},"end":{"line":259,"column":101}},"85":{"start":{"line":259,"column":74},"end":{"line":259,"column":97}},"86":{"start":{"line":262,"column":24},"end":{"line":262,"column":65}},"87":{"start":{"line":264,"column":12},"end":{"line":264,"column":23}},"88":{"start":{"line":267,"column":12},"end":{"line":267,"column":79}},"89":{"start":{"line":268,"column":12},"end":{"line":268,"column":21}},"90":{"start":{"line":277,"column":8},"end":{"line":296,"column":9}},"91":{"start":{"line":278,"column":31},"end":{"line":278,"column":41}},"92":{"start":{"line":279,"column":12},"end":{"line":279,"column":65}},"93":{"start":{"line":280,"column":34},"end":{"line":280,"column":72}},"94":{"start":{"line":282,"column":36},"end":{"line":286,"column":26}},"95":{"start":{"line":285,"column":26},"end":{"line":285,"column":49}},"96":{"start":{"line":288,"column":29},"end":{"line":288,"column":91}},"97":{"start":{"line":288,"column":64},"end":{"line":288,"column":87}},"98":{"start":{"line":289,"column":35},"end":{"line":289,"column":76}},"99":{"start":{"line":291,"column":12},"end":{"line":291,"column":34}},"100":{"start":{"line":294,"column":12},"end":{"line":294,"column":91}},"101":{"start":{"line":295,"column":12},"end":{"line":295,"column":21}},"102":{"start":{"line":304,"column":8},"end":{"line":321,"column":9}},"103":{"start":{"line":305,"column":32},"end":{"line":305,"column":56}},"104":{"start":{"line":306,"column":30},"end":{"line":306,"column":52}},"105":{"start":{"line":308,"column":33},"end":{"line":312,"column":26}},"106":{"start":{"line":311,"column":26},"end":{"line":311,"column":49}},"107":{"start":{"line":314,"column":29},"end":{"line":314,"column":88}},"108":{"start":{"line":314,"column":61},"end":{"line":314,"column":84}},"109":{"start":{"line":316,"column":12},"end":{"line":316,"column":28}},"110":{"start":{"line":319,"column":12},"end":{"line":319,"column":85}},"111":{"start":{"line":320,"column":12},"end":{"line":320,"column":21}},"112":{"start":{"line":330,"column":8},"end":{"line":420,"column":9}},"113":{"start":{"line":331,"column":12},"end":{"line":331,"column":101}},"114":{"start":{"line":334,"column":33},"end":{"line":334,"column":80}},"115":{"start":{"line":335,"column":28},"end":{"line":335,"column":75}},"116":{"start":{"line":335,"column":63},"end":{"line":335,"column":72}},"117":{"start":{"line":337,"column":12},"end":{"line":340,"column":13}},"118":{"start":{"line":338,"column":16},"end":{"line":338,"column":82}},"119":{"start":{"line":339,"column":16},"end":{"line":339,"column":48}},"120":{"start":{"line":342,"column":12},"end":{"line":342,"column":94}},"121":{"start":{"line":345,"column":34},"end":{"line":345,"column":91}},"122":{"start":{"line":347,"column":24},"end":{"line":347,"column":25}},"123":{"start":{"line":348,"column":26},"end":{"line":348,"column":27}},"124":{"start":{"line":351,"column":12},"end":{"line":412,"column":13}},"125":{"start":{"line":352,"column":16},"end":{"line":355,"column":17}},"126":{"start":{"line":353,"column":20},"end":{"line":353,"column":86}},"127":{"start":{"line":354,"column":20},"end":{"line":354,"column":29}},"128":{"start":{"line":358,"column":42},"end":{"line":360,"column":30}},"129":{"start":{"line":363,"column":36},"end":{"line":363,"column":90}},"130":{"start":{"line":363,"column":71},"end":{"line":363,"column":88}},"131":{"start":{"line":366,"column":16},"end":{"line":411,"column":17}},"132":{"start":{"line":368,"column":20},"end":{"line":371,"column":21}},"133":{"start":{"line":369,"column":24},"end":{"line":369,"column":34}},"134":{"start":{"line":370,"column":24},"end":{"line":370,"column":33}},"135":{"start":{"line":374,"column":40},"end":{"line":374,"column":101}},"136":{"start":{"line":376,"column":20},"end":{"line":380,"column":21}},"137":{"start":{"line":378,"column":24},"end":{"line":378,"column":34}},"138":{"start":{"line":379,"column":24},"end":{"line":379,"column":33}},"139":{"start":{"line":383,"column":39},"end":{"line":383,"column":42}},"140":{"start":{"line":384,"column":20},"end":{"line":389,"column":21}},"141":{"start":{"line":386,"column":41},"end":{"line":386,"column":73}},"142":{"start":{"line":387,"column":41},"end":{"line":387,"column":99}},"143":{"start":{"line":388,"column":24},"end":{"line":388,"column":61}},"144":{"start":{"line":392,"column":40},"end":{"line":392,"column":64}},"145":{"start":{"line":393,"column":37},"end":{"line":393,"column":63}},"146":{"start":{"line":396,"column":20},"end":{"line":407,"column":23}},"147":{"start":{"line":409,"column":20},"end":{"line":409,"column":28}},"148":{"start":{"line":410,"column":20},"end":{"line":410,"column":127}},"149":{"start":{"line":414,"column":12},"end":{"line":414,"column":95}},"150":{"start":{"line":415,"column":12},"end":{"line":415,"column":38}},"151":{"start":{"line":418,"column":12},"end":{"line":418,"column":80}},"152":{"start":{"line":419,"column":12},"end":{"line":419,"column":24}},"153":{"start":{"line":428,"column":8},"end":{"line":434,"column":9}},"154":{"start":{"line":429,"column":12},"end":{"line":429,"column":42}},"155":{"start":{"line":430,"column":12},"end":{"line":430,"column":72}},"156":{"start":{"line":432,"column":12},"end":{"line":432,"column":81}},"157":{"start":{"line":433,"column":12},"end":{"line":433,"column":24}},"158":{"start":{"line":439,"column":31},"end":{"line":439,"column":52}}},"fnMap":{"0":{"name":"(anonymous_0)","decl":{"start":{"line":17,"column":10},"end":{"line":17,"column":36}},"loc":{"start":{"line":17,"column":39},"end":{"line":64,"column":5}},"line":17},"1":{"name":"(anonymous_1)","decl":{"start":{"line":29,"column":30},"end":{"line":29,"column":35}},"loc":{"start":{"line":29,"column":50},"end":{"line":56,"column":17}},"line":29},"2":{"name":"(anonymous_2)","decl":{"start":{"line":59,"column":36},"end":{"line":59,"column":37}},"loc":{"start":{"line":59,"column":41},"end":{"line":59,"column":58}},"line":59},"3":{"name":"(anonymous_3)","decl":{"start":{"line":70,"column":4},"end":{"line":70,"column":26}},"loc":{"start":{"line":70,"column":55},"end":{"line":85,"column":5}},"line":70},"4":{"name":"(anonymous_4)","decl":{"start":{"line":91,"column":4},"end":{"line":91,"column":19}},"loc":{"start":{"line":91,"column":29},"end":{"line":95,"column":5}},"line":91},"5":{"name":"(anonymous_5)","decl":{"start":{"line":102,"column":10},"end":{"line":102,"column":36}},"loc":{"start":{"line":102,"column":45},"end":{"line":141,"column":5}},"line":102},"6":{"name":"(anonymous_6)","decl":{"start":{"line":116,"column":21},"end":{"line":116,"column":22}},"loc":{"start":{"line":116,"column":26},"end":{"line":116,"column":49}},"line":116},"7":{"name":"(anonymous_7)","decl":{"start":{"line":120,"column":52},"end":{"line":120,"column":60}},"loc":{"start":{"line":120,"column":64},"end":{"line":134,"column":13}},"line":120},"8":{"name":"(anonymous_8)","decl":{"start":{"line":121,"column":42},"end":{"line":121,"column":43}},"loc":{"start":{"line":121,"column":47},"end":{"line":121,"column":75}},"line":121},"9":{"name":"(anonymous_9)","decl":{"start":{"line":136,"column":36},"end":{"line":136,"column":37}},"loc":{"start":{"line":136,"column":41},"end":{"line":136,"column":58}},"line":136},"10":{"name":"(anonymous_10)","decl":{"start":{"line":150,"column":10},"end":{"line":150,"column":31}},"loc":{"start":{"line":150,"column":40},"end":{"line":161,"column":5}},"line":150},"11":{"name":"(anonymous_11)","decl":{"start":{"line":168,"column":10},"end":{"line":168,"column":21}},"loc":{"start":{"line":168,"column":36},"end":{"line":221,"column":5}},"line":168},"12":{"name":"(anonymous_12)","decl":{"start":{"line":228,"column":10},"end":{"line":228,"column":30}},"loc":{"start":{"line":228,"column":33},"end":{"line":270,"column":5}},"line":228},"13":{"name":"(anonymous_13)","decl":{"start":{"line":256,"column":21},"end":{"line":256,"column":22}},"loc":{"start":{"line":256,"column":26},"end":{"line":256,"column":49}},"line":256},"14":{"name":"(anonymous_14)","decl":{"start":{"line":259,"column":62},"end":{"line":259,"column":63}},"loc":{"start":{"line":259,"column":74},"end":{"line":259,"column":97}},"line":259},"15":{"name":"(anonymous_15)","decl":{"start":{"line":276,"column":10},"end":{"line":276,"column":33}},"loc":{"start":{"line":276,"column":36},"end":{"line":297,"column":5}},"line":276},"16":{"name":"(anonymous_16)","decl":{"start":{"line":285,"column":21},"end":{"line":285,"column":22}},"loc":{"start":{"line":285,"column":26},"end":{"line":285,"column":49}},"line":285},"17":{"name":"(anonymous_17)","decl":{"start":{"line":288,"column":52},"end":{"line":288,"column":53}},"loc":{"start":{"line":288,"column":64},"end":{"line":288,"column":87}},"line":288},"18":{"name":"(anonymous_18)","decl":{"start":{"line":303,"column":10},"end":{"line":303,"column":27}},"loc":{"start":{"line":303,"column":30},"end":{"line":322,"column":5}},"line":303},"19":{"name":"(anonymous_19)","decl":{"start":{"line":311,"column":21},"end":{"line":311,"column":22}},"loc":{"start":{"line":311,"column":26},"end":{"line":311,"column":49}},"line":311},"20":{"name":"(anonymous_20)","decl":{"start":{"line":314,"column":49},"end":{"line":314,"column":50}},"loc":{"start":{"line":314,"column":61},"end":{"line":314,"column":84}},"line":314},"21":{"name":"(anonymous_21)","decl":{"start":{"line":329,"column":10},"end":{"line":329,"column":30}},"loc":{"start":{"line":329,"column":33},"end":{"line":421,"column":5}},"line":329},"22":{"name":"(anonymous_22)","decl":{"start":{"line":335,"column":57},"end":{"line":335,"column":59}},"loc":{"start":{"line":335,"column":63},"end":{"line":335,"column":72}},"line":335},"23":{"name":"(anonymous_23)","decl":{"start":{"line":363,"column":66},"end":{"line":363,"column":67}},"loc":{"start":{"line":363,"column":71},"end":{"line":363,"column":88}},"line":363},"24":{"name":"(anonymous_24)","decl":{"start":{"line":427,"column":10},"end":{"line":427,"column":24}},"loc":{"start":{"line":427,"column":29},"end":{"line":435,"column":5}},"line":427}},"branchMap":{"0":{"loc":{"start":{"line":39,"column":20},"end":{"line":43,"column":21}},"type":"if","locations":[{"start":{"line":39,"column":20},"end":{"line":43,"column":21}},{"start":{},"end":{}}],"line":39},"1":{"loc":{"start":{"line":39,"column":24},"end":{"line":39,"column":68}},"type":"binary-expr","locations":[{"start":{"line":39,"column":24},"end":{"line":39,"column":37}},{"start":{"line":39,"column":41},"end":{"line":39,"column":68}}],"line":39},"2":{"loc":{"start":{"line":42,"column":39},"end":{"line":42,"column":60}},"type":"binary-expr","locations":[{"start":{"line":42,"column":39},"end":{"line":42,"column":53}},{"start":{"line":42,"column":57},"end":{"line":42,"column":60}}],"line":42},"3":{"loc":{"start":{"line":47,"column":52},"end":{"line":47,"column":71}},"type":"binary-expr","locations":[{"start":{"line":47,"column":52},"end":{"line":47,"column":64}},{"start":{"line":47,"column":68},"end":{"line":47,"column":71}}],"line":47},"4":{"loc":{"start":{"line":53,"column":38},"end":{"line":53,"column":57}},"type":"binary-expr","locations":[{"start":{"line":53,"column":38},"end":{"line":53,"column":50}},{"start":{"line":53,"column":54},"end":{"line":53,"column":57}}],"line":53},"5":{"loc":{"start":{"line":74,"column":12},"end":{"line":74,"column":47}},"type":"if","locations":[{"start":{"line":74,"column":12},"end":{"line":74,"column":47}},{"start":{},"end":{}}],"line":74},"6":{"loc":{"start":{"line":75,"column":12},"end":{"line":75,"column":38}},"type":"if","locations":[{"start":{"line":75,"column":12},"end":{"line":75,"column":38}},{"start":{},"end":{}}],"line":75},"7":{"loc":{"start":{"line":77,"column":12},"end":{"line":81,"column":13}},"type":"if","locations":[{"start":{"line":77,"column":12},"end":{"line":81,"column":13}},{"start":{"line":79,"column":19},"end":{"line":81,"column":13}}],"line":77},"8":{"loc":{"start":{"line":79,"column":19},"end":{"line":81,"column":13}},"type":"if","locations":[{"start":{"line":79,"column":19},"end":{"line":81,"column":13}},{"start":{},"end":{}}],"line":79},"9":{"loc":{"start":{"line":122,"column":36},"end":{"line":122,"column":54}},"type":"binary-expr","locations":[{"start":{"line":122,"column":36},"end":{"line":122,"column":49}},{"start":{"line":122,"column":53},"end":{"line":122,"column":54}}],"line":122},"10":{"loc":{"start":{"line":126,"column":55},"end":{"line":126,"column":83}},"type":"binary-expr","locations":[{"start":{"line":126,"column":55},"end":{"line":126,"column":76}},{"start":{"line":126,"column":80},"end":{"line":126,"column":83}}],"line":126},"11":{"loc":{"start":{"line":175,"column":16},"end":{"line":175,"column":32}},"type":"default-arg","locations":[{"start":{"line":175,"column":27},"end":{"line":175,"column":32}}],"line":175},"12":{"loc":{"start":{"line":176,"column":16},"end":{"line":176,"column":35}},"type":"default-arg","locations":[{"start":{"line":176,"column":25},"end":{"line":176,"column":35}}],"line":176},"13":{"loc":{"start":{"line":180,"column":12},"end":{"line":182,"column":13}},"type":"if","locations":[{"start":{"line":180,"column":12},"end":{"line":182,"column":13}},{"start":{},"end":{}}],"line":180},"14":{"loc":{"start":{"line":180,"column":16},"end":{"line":180,"column":73}},"type":"binary-expr","locations":[{"start":{"line":180,"column":16},"end":{"line":180,"column":23}},{"start":{"line":180,"column":27},"end":{"line":180,"column":38}},{"start":{"line":180,"column":42},"end":{"line":180,"column":54}},{"start":{"line":180,"column":58},"end":{"line":180,"column":73}}],"line":180},"15":{"loc":{"start":{"line":186,"column":12},"end":{"line":190,"column":13}},"type":"if","locations":[{"start":{"line":186,"column":12},"end":{"line":190,"column":13}},{"start":{},"end":{}}],"line":186},"16":{"loc":{"start":{"line":189,"column":31},"end":{"line":189,"column":52}},"type":"binary-expr","locations":[{"start":{"line":189,"column":31},"end":{"line":189,"column":45}},{"start":{"line":189,"column":49},"end":{"line":189,"column":52}}],"line":189},"17":{"loc":{"start":{"line":240,"column":37},"end":{"line":240,"column":59}},"type":"binary-expr","locations":[{"start":{"line":240,"column":37},"end":{"line":240,"column":52}},{"start":{"line":240,"column":56},"end":{"line":240,"column":59}}],"line":240},"18":{"loc":{"start":{"line":244,"column":12},"end":{"line":246,"column":13}},"type":"if","locations":[{"start":{"line":244,"column":12},"end":{"line":246,"column":13}},{"start":{},"end":{}}],"line":244},"19":{"loc":{"start":{"line":259,"column":81},"end":{"line":259,"column":96}},"type":"binary-expr","locations":[{"start":{"line":259,"column":81},"end":{"line":259,"column":91}},{"start":{"line":259,"column":95},"end":{"line":259,"column":96}}],"line":259},"20":{"loc":{"start":{"line":288,"column":71},"end":{"line":288,"column":86}},"type":"binary-expr","locations":[{"start":{"line":288,"column":71},"end":{"line":288,"column":81}},{"start":{"line":288,"column":85},"end":{"line":288,"column":86}}],"line":288},"21":{"loc":{"start":{"line":314,"column":68},"end":{"line":314,"column":83}},"type":"binary-expr","locations":[{"start":{"line":314,"column":68},"end":{"line":314,"column":78}},{"start":{"line":314,"column":82},"end":{"line":314,"column":83}}],"line":314},"22":{"loc":{"start":{"line":337,"column":12},"end":{"line":340,"column":13}},"type":"if","locations":[{"start":{"line":337,"column":12},"end":{"line":340,"column":13}},{"start":{},"end":{}}],"line":337},"23":{"loc":{"start":{"line":352,"column":16},"end":{"line":355,"column":17}},"type":"if","locations":[{"start":{"line":352,"column":16},"end":{"line":355,"column":17}},{"start":{},"end":{}}],"line":352},"24":{"loc":{"start":{"line":352,"column":20},"end":{"line":352,"column":56}},"type":"binary-expr","locations":[{"start":{"line":352,"column":20},"end":{"line":352,"column":30}},{"start":{"line":352,"column":34},"end":{"line":352,"column":56}}],"line":352},"25":{"loc":{"start":{"line":368,"column":20},"end":{"line":371,"column":21}},"type":"if","locations":[{"start":{"line":368,"column":20},"end":{"line":371,"column":21}},{"start":{},"end":{}}],"line":368},"26":{"loc":{"start":{"line":376,"column":20},"end":{"line":380,"column":21}},"type":"if","locations":[{"start":{"line":376,"column":20},"end":{"line":380,"column":21}},{"start":{},"end":{}}],"line":376},"27":{"loc":{"start":{"line":384,"column":20},"end":{"line":389,"column":21}},"type":"if","locations":[{"start":{"line":384,"column":20},"end":{"line":389,"column":21}},{"start":{},"end":{}}],"line":384},"28":{"loc":{"start":{"line":388,"column":39},"end":{"line":388,"column":60}},"type":"binary-expr","locations":[{"start":{"line":388,"column":39},"end":{"line":388,"column":53}},{"start":{"line":388,"column":57},"end":{"line":388,"column":60}}],"line":388}},"s":{"0":0,"1":0,"2":0,"3":0,"4":0,"5":0,"6":0,"7":0,"8":0,"9":0,"10":0,"11":0,"12":0,"13":0,"14":0,"15":0,"16":0,"17":3,"18":3,"19":6,"20
[...]
lumn":67}},"62":{"start":{"line":166,"column":8},"end":{"line":169,"column":9}},"63":{"start":{"line":167,"column":12},"end":{"line":167,"column":51}},"64":{"start":{"line":168,"column":12},"end":{"line":168,"column":26}},"65":{"start":{"line":173,"column":29},"end":{"line":177,"column":6}},"66":{"start":{"line":178,"column":4},"end":{"line":181,"column":5}},"67":{"start":{"line":179,"column":8},"end":{"line":179,"column":47}},"68":{"start":{"line":180,"column":8},"end":{"line":180,"column":22}},"69":{"start":{"line":184,"column":4},"end":{"line":194,"column":5}},"70":{"start":{"line":185,"column":32},"end":{"line":189,"column":10}},"71":{"start":{"line":190,"column":8},"end":{"line":193,"column":9}},"72":{"start":{"line":191,"column":12},"end":{"line":191,"column":49}},"73":{"start":{"line":192,"column":12},"end":{"line":192,"column":26}},"74":{"start":{"line":197,"column":27},"end":{"line":199,"column":6}},"75":{"start":{"line":200,"column":4},"end":{"line":203,"column":5}},"76":{"start":{"line":201,"column":8},"end":{"line":201,"column":43}},"77":{"start":{"line":202,"column":8},"end":{"line":202,"column":22}},"78":{"start":{"line":206,"column":4},"end":{"line":212,"column":5}},"79":{"start":{"line":207,"column":35},"end":{"line":207,"column":73}},"80":{"start":{"line":208,"column":8},"end":{"line":211,"column":9}},"81":{"start":{"line":209,"column":12},"end":{"line":209,"column":55}},"82":{"start":{"line":210,"column":12},"end":{"line":210,"column":26}},"83":{"start":{"line":214,"column":4},"end":{"line":214,"column":29}},"84":{"start":{"line":222,"column":29},"end":{"line":230,"column":1}},"85":{"start":{"line":223,"column":4},"end":{"line":223,"column":45}},"86":{"start":{"line":223,"column":35},"end":{"line":223,"column":45}},"87":{"start":{"line":226,"column":4},"end":{"line":229,"column":16}},"88":{"start":{"line":237,"column":36},"end":{"line":246,"column":1}},"89":{"start":{"line":238,"column":23},"end":{"line":243,"column":6}},"90":{"start":{"line":245,"column":4},"end":{"line":245,"column":22}}},"fnMap":{"0":{"name":"(anonymous_0)","decl":{"start":{"line":10,"column":30},"end":{"line":10,"column":31}},"loc":{"start":{"line":10,"column":42},"end":{"line":31,"column":1}},"line":10},"1":{"name":"(anonymous_1)","decl":{"start":{"line":39,"column":30},"end":{"line":39,"column":31}},"loc":{"start":{"line":39,"column":56},"end":{"line":78,"column":1}},"line":39},"2":{"name":"(anonymous_2)","decl":{"start":{"line":86,"column":28},"end":{"line":86,"column":29}},"loc":{"start":{"line":86,"column":52},"end":{"line":125,"column":1}},"line":86},"3":{"name":"(anonymous_3)","decl":{"start":{"line":132,"column":32},"end":{"line":132,"column":33}},"loc":{"start":{"line":132,"column":46},"end":{"line":146,"column":1}},"line":132},"4":{"name":"(anonymous_4)","decl":{"start":{"line":153,"column":35},"end":{"line":153,"column":36}},"loc":{"start":{"line":153,"column":52},"end":{"line":215,"column":1}},"line":153},"5":{"name":"(anonymous_5)","decl":{"start":{"line":222,"column":29},"end":{"line":222,"column":30}},"loc":{"start":{"line":222,"column":40},"end":{"line":230,"column":1}},"line":222},"6":{"name":"(anonymous_6)","decl":{"start":{"line":237,"column":36},"end":{"line":237,"column":37}},"loc":{"start":{"line":237,"column":46},"end":{"line":246,"column":1}},"line":237}},"branchMap":{"0":{"loc":{"start":{"line":11,"column":4},"end":{"line":13,"column":5}},"type":"if","locations":[{"start":{"line":11,"column":4},"end":{"line":13,"column":5}},{"start":{},"end":{}}],"line":11},"1":{"loc":{"start":{"line":11,"column":8},"end":{"line":11,"column":45}},"type":"binary-expr","locations":[{"start":{"line":11,"column":8},"end":{"line":11,"column":15}},{"start":{"line":11,"column":19},"end":{"line":11,"column":45}}],"line":11},"2":{"loc":{"start":{"line":17,"column":4},"end":{"line":19,"column":5}},"type":"if","locations":[{"start":{"line":17,"column":4},"end":{"line":19,"column":5}},{"start":{},"end":{}}],"line":17},"3":{"loc":{"start":{"line":21,"column":4},"end":{"line":23,"column":5}},"type":"if","locations":[{"start":{"line":21,"column":4},"end":{"line":23,"column":5}},{"start":{},"end":{}}],"line":21},"4":{"loc":{"start":{"line":26,"column":4},"end":{"line":28,"column":5}},"type":"if","locations":[{"start":{"line":26,"column":4},"end":{"line":28,"column":5}},{"start":{},"end":{}}],"line":26},"5":{"loc":{"start":{"line":39,"column":39},"end":{"line":39,"column":51}},"type":"default-arg","locations":[{"start":{"line":39,"column":49},"end":{"line":39,"column":51}}],"line":39},"6":{"loc":{"start":{"line":42,"column":8},"end":{"line":42,"column":22}},"type":"default-arg","locations":[{"start":{"line":42,"column":14},"end":{"line":42,"column":22}}],"line":42},"7":{"loc":{"start":{"line":43,"column":8},"end":{"line":43,"column":25}},"type":"default-arg","locations":[{"start":{"line":43,"column":20},"end":{"line":43,"column":25}}],"line":43},"8":{"loc":{"start":{"line":44,"column":8},"end":{"line":44,"column":29}},"type":"default-arg","locations":[{"start":{"line":44,"column":24},"end":{"line":44,"column":29}}],"line":44},"9":{"loc":{"start":{"line":45,"column":8},"end":{"line":45,"column":25}},"type":"default-arg","locations":[{"start":{"line":45,"column":16},"end":{"line":45,"column":25}}],"line":45},"10":{"loc":{"start":{"line":49,"column":25},"end":{"line":49,"column":82}},"type":"cond-expr","locations":[{"start":{"line":49,"column":45},"end":{"line":49,"column":48}},{"start":{"line":49,"column":52},"end":{"line":49,"column":81}}],"line":49},"11":{"loc":{"start":{"line":49,"column":52},"end":{"line":49,"column":81}},"type":"cond-expr","locations":[{"start":{"line":49,"column":68},"end":{"line":49,"column":77}},{"start":{"line":49,"column":80},"end":{"line":49,"column":81}}],"line":49},"12":{"loc":{"start":{"line":51,"column":4},"end":{"line":53,"column":5}},"type":"if","locations":[{"start":{"line":51,"column":4},"end":{"line":53,"column":5}},{"start":{},"end":{}}],"line":51},"13":{"loc":{"start":{"line":51,"column":8},"end":{"line":51,"column":64}},"type":"binary-expr","locations":[{"start":{"line":51,"column":8},"end":{"line":51,"column":28}},{"start":{"line":51,"column":32},"end":{"line":51,"column":47}},{"start":{"line":51,"column":51},"end":{"line":51,"column":64}}],"line":51},"14":{"loc":{"start":{"line":55,"column":16},"end":{"line":55,"column":90}},"type":"cond-expr","locations":[{"start":{"line":55,"column":45},"end":{"line":55,"column":81}},{"start":{"line":55,"column":84},"end":{"line":55,"column":90}}],"line":55},"15":{"loc":{"start":{"line":57,"column":4},"end":{"line":59,"column":5}},"type":"if","locations":[{"start":{"line":57,"column":4},"end":{"line":59,"column":5}},{"start":{},"end":{}}],"line":57},"16":{"loc":{"start":{"line":61,"column":4},"end":{"line":63,"column":5}},"type":"if","locations":[{"start":{"line":61,"column":4},"end":{"line":63,"column":5}},{"start":{},"end":{}}],"line":61},"17":{"loc":{"start":{"line":61,"column":8},"end":{"line":61,"column":33}},"type":"binary-expr","locations":[{"start":{"line":61,"column":8},"end":{"line":61,"column":22}},{"start":{"line":61,"column":26},"end":{"line":61,"column":33}}],"line":61},"18":{"loc":{"start":{"line":65,"column":4},"end":{"line":67,"column":5}},"type":"if","locations":[{"start":{"line":65,"column":4},"end":{"line":67,"column":5}},{"start":{},"end":{}}],"line":65},"19":{"loc":{"start":{"line":65,"column":8},"end":{"line":65,"column":31}},"type":"binary-expr","locations":[{"start":{"line":65,"column":8},"end":{"line":65,"column":18}},{"start":{"line":65,"column":22},"end":{"line":65,"column":31}}],"line":65},"20":{"loc":{"start":{"line":69,"column":4},"end":{"line":71,"column":5}},"type":"if","locations":[{"start":{"line":69,"column":4},"end":{"line":71,"column":5}},{"start":{},"end":{}}],"line":69},"21":{"loc":{"start":{"line":73,"column":4},"end":{"line":75,"column":5}},"type":"if","locations":[{"start":{"line":73,"column":4},"end":{"line":75,"column":5}},{"start":{},"end":{}}],"line":73},"22":{"loc":{"start":{"line":86,"column":35},"end":{"line":86,"column":47}},"type":"default-arg","locations":[{"start":{"line":86,"column":45},"end":{"line":86,"column":47}}],"line":86},"23":{"loc":{"start":{"line":88,"column":8},"end":{"line":88,"column":27}},"type":"default-arg","locations":[{"start":{"line":88,"column":22},"end":{"line":88,"column":27}}],"line":88},"24":{"loc":{"start":{"line":89,"column":8},"end":{"line":89,"column":24}},"type":"default-arg","locations":[{"start":{"line":89,"column":20},"end":{"line":89,"column":24}}],"line":89},"25":{"loc":{"start":{"line":90,"column":8},"end":{"line":90,"column":22}},"type":"default-arg","locations":[{"start":{"line":90,"column":18},"end":{"line":90,"column":22}}],"line":90},"26":{"loc":{"start":{"line":91,"column":8},"end":{"line":91,"column":22}},"type":"default-arg","locations":[{"start":{"line":91,"column":18},"end":{"line":91,"column":22}}],"line":91},"27":{"loc":{"start":{"line":92,"column":8},"end":{"line":92,"column":22}},"type":"default-arg","locations":[{"start":{"line":92,"column":16},"end":{"line":92,"column":22}}],"line":92},"28":{"loc":{"start":{"line":95,"column":4},"end":{"line":97,"column":5}},"type":"if","locations":[{"start":{"line":95,"column":4},"end":{"line":97,"column":5}},{"start":{},"end":{}}],"line":95},"29":{"loc":{"start":{"line":99,"column":20},"end":{"line":99,"column":64}},"type":"cond-expr","locations":[{"start":{"line":99,"column":43},"end":{"line":99,"column":47}},{"start":{"line":99,"column":50},"end":{"line":99,"column":64}}],"line":99},"30":{"loc":{"start":{"line":101,"column":4},"end":{"line":103,"column":5}},"type":"if","locations":[{"start":{"line":101,"column":4},"end":{"line":103,"column":5}},{"start":{},"end":{}}],"line":101},"31":{"loc":{"start":{"line":108,"column":4},"end":{"line":110,"column":5}},"type":"if","locations":[{"start":{"line":108,"column":4},"end":{"line":110,"column":5}},{"start":{},"end":{}}],"line":108},"32":{"loc":{"start":{"line":108,"column":8},"end":{"line":108,"column":37}},"type":"binary-expr","locations":[{"start":{"line":108,"column":8},"end":{"line":108,"column":20}},{"start":{"line":108,"column":24},"end":{"line":108,"column":37}}],"line":108},"33":{"loc":{"start":{"line":112,"column":4},"end":{"line":114,"column":5}},"type":"if","locations":[{"start":{"line":112,"column":4},"end":{"line":114,"column":5}},{"start":{},"end":{}}],"line":112},"34":{"loc":{"start":{"line":112,"column":8},"end":{"line":112,"column":35}},"type":"binary-expr","locations":[{"start":{"line":112,"column":8},"end":{"line":112,"column":18}},{"start":{"line":112,"column":22},"end":{"line":112,"column":35}}],"line":112},"35":{"loc":{"start":{"line":116,"column":4},"end":{"line":118,"column":5}},"type":"if","locations":[{"start":{"line":116,"column":4},"end":{"line":118,"column":5}},{"start":{},"end":{}}],"line":116},"36":{"loc":{"start":{"line":116,"column":8},"end":{"line":116,"column":46}},"type":"binary-expr","locations":[{"start":{"line":116,"column":8},"end":{"line":116,"column":15}},{"start":{"line":116,"column":19},"end":{"line":116,"column":46}}],"line":116},"37":{"loc":{"start":{"line":120,"column":4},"end":{"line":122,"column":5}},"type":"if","locations":[{"start":{"line":120,"column":4},"end":{"line":122,"column":5}},{"start":{},"end":{}}],"line":120},"38":{"loc":{"start":{"line":120,"column":8},"end":{"line":120,"column":46}},"type":"binary-expr","locations":[{"start":{"line":120,"column":8},"end":{"line":120,"column":15}},{"start":{"line":120,"column":19},"end":{"line":120,"column":46}}],"line":120},"39":{"loc":{"start":{"line":135,"column":4},"end":{"line":137,"column":5}},"type":"if","locations":[{"start":{"line":135,"column":4},"end":{"line":137,"column":5}},{"start":{},"end":{}}],"line":135},"40":{"loc":{"start":{"line":135,"column":8},"end":{"line":135,"column":49}},"type":"binary-expr","locations":[{"start":{"line":135,"column":8},"end":{"line":135,"column":17}},{"start":{"line":135,"column":21},"end":{"line":135,"column":49}}],"line":135},"41":{"loc":{"start":{"line":141,"column":4},"end":{"line":143,"column":5}},"type":"if","locations":[{"start":{"line":141,"column":4},"end":{"line":143,"column":5}},{"start":{},"end":{}}],"line":141},"42":{"loc":{"start":{"line":158,"column":4},"end":{"line":161,"column":5}},"type":"if","locations":[{"start":{"line":158,"column":4},"end":{"line":161,"column":5}},{"start":{},"end":{}}],"line":158},"43":{"loc":{"start":{"line":158,"column":8},"end":{"line":158,"column":95}},"type":"binary-expr","locations":[{"start":{"line":158,"column":8},"end":{"line":158,"column":25}},{"start":{"line":158,"column":29},"end":{"line":158,"column":95}}],"line":158},"44":{"loc":{"start":{"line":164,"column":4},"end":{"line":170,"column":5}},"type":"if","locations":[{"start":{"line":164,"column":4},"end":{"line":170,"column":5}},{"start":{},"end":{}}],"line":164},"45":{"loc":{"start":{"line":166,"column":8},"end":{"line":169,"column":9}},"type":"if","locations":[{"start":{"line":166,"column":8},"end":{"line":169,"column":9}},{"start":{},"end":{}}],"line":166},"46":{"loc":{"start":{"line":178,"column":4},"end":{"line":181,"column":5}},"type":"if","locations":[{"start":{"line":178,"column":4},"end":{"line":181,"column":5}},{"start":{},"end":{}}],"line":178},"47":{"loc":{"start":{"line":184,"column":4},"end":{"line":194,"column":5}},"type":"if","locations":[{"start":{"line":184,"column":4},"end":{"line":194,"column":5}},{"start":{},"end":{}}],"line":184},"48":{"loc":{"start":{"line":190,"column":8},"end":{"line":193,"column":9}},"type":"if","locations":[{"start":{"line":190,"column":8},"end":{"line":193,"column":9}},{"start":{},"end":{}}],"line":190},"49":{"loc":{"start":{"line":200,"column":4},"end":{"line":203,"column":5}},"type":"if","locations":[{"start":{"line":200,"column":4},"end":{"line":203,"column":5}},{"start":{},"end":{}}],"line":200},"50":{"loc":{"start":{"line":206,"column":4},"end":{"line":212,"column":5}},"type":"if","locations":[{"start":{"line":206,"column":4},"end":{"line":212,"column":5}},{"start":{},"end":{}}],"line":206},"51":{"loc":{"start":{"line":208,"column":8},"end":{"line":211,"column":9}},"type":"if","locations":[{"start":{"line":208,"column":8},"end":{"line":211,"column":9}},{"start":{},"end":{}}],"line":208},"52":{"loc":{"start":{"line":223,"column":4},"end":{"line":223,"column":45}},"type":"if","locations":[{"start":{"line":223,"column":4},"end":{"line":223,"column":45}},{"start":{},"end":{}}],"line":223}},"s":{"0":1,"1":8,"2":2,"3":6,"4":6,"5":0,"6":6,"7":1,"8":5,"9":0,"10":5,"11":1,"12":15,"13":15,"14":15,"15":0,"16":15,"17":15,"18":0,"19":15,"20":2,"21":13,"22":1,"23":12,"24":1,"25":11,"26":1,"27":10,"28":1,"29":6,"30":6,"31":0,"32":6,"33":6,"34":0,"35":6,"36":6,"37":6,"38":2,"39":4,"40":0,"41":4,"42":0,"43":4,"44":0,"45":4,"46":1,"47":6,"48":6,"49":0,"50":6,"51":6,"52":1,"53":5,"54":1,"55":3,"56":3,"57":3,"58":1,"59":1,"60":3,"61":1,"62":1,"63":0,"64":0,"65":3,"66":3,"67":0,"68":0,"69":3,"70":1,"71":1,"72":0,"73":0,"74":3,"75":3,"76":1,"77":1,"78":3,"79":1,"80":1,"81":0,"82":0,"83":3,"84":1,"85":6,"86":3,"87":3,"88":1,"89":4,"90":4},"f":{"0":8,"1":15,"2":6,"3":6,"4":3,"5":6,"6":4},"b":{"0":[2,6],"1":[8,6],"2":[0,6],"3":[1,5],"4":[0,5],"5":[15],"6":[15],"7":[15],"8":[15],"9":[15],"10":[9,6],"11":[1,5],"12":[0,15],"13":[15,15,15],"14":[2,13],"15":[0,15],"16":[2,13],"17":[15,14],"18":[1,12],"19":[13,13],"20":[1,11],"21":[1,10],"22":[6],"23":[6],"24":[6],"25":[6],"26":[6],"27":[6],"28":[0,6],"29":[6,0],"30":[0,6],"31":[2,4],"32":[6,5],"33":[0,4],"34":[4,0],"35":[0,4],"36":[4,0],"37":[0,4],"38":[4,0],"39":[0,6],"40":[6,6],"41":[1,5],"42":[1,2],"43":[3,3],"44":[1,2],"45":[0,1],"46":[0,3],"47":[1,2],"48":[0,1],"49":[1,2],"50":[1,2],"51":[0,1],"52":[3,3]},"meta":{"lastBranch":53,"lastFunction":7,"lastStatement":91,"seen":{"s:10:30:31:1":0,"f:10:30:10:31":0,"b:11:4:13:5:undefined:undefined:undefined:undefined":0,"s:11:4:13:5":1,"b:11:8:11:15:11:19:11:45":1,"s:12:8:12:63":2,"s:15:20:15:47":3,"b:17:4:19:5:undefined:undefined:undefined:undefined":2,"s:17:4:19:5":4,"s:18:8:18:68":5,"b:21:4:23:5:undefined:undefined:undefined:undefined":3,"s:21:4:23:5":6,"s:22:8:22:81":7,"b:26:4:28:5:undefined:undefined:undefined:undefined":4,"s:26:4:28:5":8,"s:27:8:27:76":9,"s:30:4:30:57":10,"s:39:30:78:1":11,"f:39:30:39:31":1,"b:39:49:39:51":5,"s:46:8:46:15":12,"b:42:14:42:22":6,"b:43:20:43:25":7,"b:44:24:44:29":8,"b:45:16:45:25":9,"s:49:25:49:82":13,"b:49:45:49:48:49:52:49:81":10,"b:49:68:49:77:49:80:49:81":11,"b:51:4:53:5:undefined:undefined:undefined:undefined":12,"s:51:4:53:5":14,"b:51:8:51:28:51:32:51:47:51:51:51:64":13,"s:52:8:52:78":15,"s:55:16:55:90":16,"b:55:45:55:81:55:84:55:90":14,"b:57:4:59:5:undefined:undefined:undefined:undefined":15,"s:57:4:59:5":17,"s:58:8:58:80":18,"b:61:4:63:5:undefined:undefined:undefined:undefined":16,"s:61:4:63:5":19,"b:61:8:61:22:61:26:61:33":17,"s:62:8:62:84":20,"b:65:4:67:5:undefined:undefined:undefined:undefined":18,"s:65:4:67:5":21,"b:65:8:65:18:65:22:65:31":19,"s:66:8:66:89":22,"b:69:4:71:5:undefined:undefined:undefined:undefined":20,"s:69:4:71:5":23,"s:70:8:70:107":24,"b:73:4:75:5:undefined:undefined:undefined:undefined":21,"s:73:4:75:5":25,"s:74:8:74:92":26,"s:77:4:77:52":27,"s:86:28:125:1":28,"f:86:28:86:29":2,"b:86:45:86:47":22,"s:93:8:93:15":29,"b:88:22:88:27":23,"b:89:20:89:24":24,"b:90:18:90:22":25,"b:91:18:91:22":26,"b:92:16:92:22":27,"b:95:4:97:5:undefined:undefined:undefined:undefined":28,"s:95:4:97:5":30,"s:96:8:96:77":31,"s:99:20:99:64":32,"b:99:43:99:47:99:50:99:64":29,"b:101:4:103:5:undefined:undefined:undefined:undefined":30,"s:101:4:103:5":33,"s:102:8:102:82":34,"s:105:16:105:26":35,"s:106:4:106:29":36,"b:108:4:110:5:undefined:undefined:undefined:undefined":31,"s:108:4:110:5":37,"b:108:8:108:20:108:24:108:37":32,"s:109:8:109:90":38,"b:112:4:114:5:undefined:undefined:undefined:undefined":33,"s:112:4:114:5":39,"b:112:8:112:18:112:22:112:35":34,"s:113:8:113:90":40,"b:116:4:118:5:undefined:undefined:undefined:undefined":35,"s:116:4:118:5":41,"b:116:8:116:15:116:19:116:46":36,"s:117:8:117:81":42,"b:120:4:122:5:undefined:undefined:undefined:undefined":37,"s:120:4:122:5":43,"b:120:8:120:15:120:19:120:46":38,"s:121:8:121:79":44,"s:124:4:124:55":45,"s:132:32:146:1":46,"f:132:32:132:33":3,"s:133:28:133:77":47,"b:135:4:137:5:undefined:undefined:undefined:undefined":39,"s:135:4:137:5":48,"b:135:8:135:17:135:21:135:49":40,"s:136:8:136:63":49,"s:139:26:139:48":50,"b:141:4:143:5:undefined:undefined:undefined:undefined":41,"s:141:4:143:5":51,"s:142:8:142:105":52,"s:145:4:145:65":53,"s:153:35:215:1":54,"f:153:35:153:36":4,"s:154:19:154:21":55,"s:155:16:155:20":56,"b:158:4:161:5:undefined:undefined:undefined:undefined":42,"s:158:4:161:5":57,"b:158:8:158:25:158:29:158:95":43,"s:159:8:159:84":58,"s:160:8:160:22":59,"b:164:4:170:5:undefined:undefined:undefined:undefined":44,"s:164:4:170:5":60,"s:165:33:165:67":61,"b:166:8:169:9:undefined:undefined:undefined:undefined":45,"s:166:8:169:9":62,"s:167:12:167:51":63,"s:168:12:168:26":64,"s:173:29:177:6":65,"b:178:4:181:5:undefined:undefined:undefined:undefined":46,"s:178:4:181:5":66,"s:179:8:179:47":67,"s:180:8:180:22":68,"b:184:4:194:5:undefined:undefined:undefined:undefined":47,"s:184:4:194:5":69,"s:185:32:189:10":70,"b:190:8:193:9:undefined:undefined:undefined:undefined":48,"s:190:8:193:9":71,"s:191:12:191:49":72,"s:192:12:192:26":73,"s:197:27:199:6":74,"b:200:4:203:5:undefined:undefined:undefined:undefined":49,"s:200:4:203:5":75,"s:201:8:201:43":76,"s:202:8:202:22":77,"b:206:4:212:5:undefined:undefined:undefined:undefined":50,"s:206:4:212:5":78,"s:207:35:207:73":79,"b:208:8:211:9:undefined:undefined:undefined:undefined":51,"s:208:8:211:9":80,"s:209:12:209:55":81,"s:210:12:210:26":82,"s:214:4:214:29":83,"s:222:29:230:1":84,"f:222:29:222:30":5,"b:223:4:223:45:undefined:undefined:undefined:undefined":52,"s:223:4:223:45":85,"s:223:35:223:45":86,"s:226:4:229:16":87,"s:237:36:246:1":88,"f:237:36:237:37":6,"s:238:23:243:6":89,"s:245:4:245:22":90}}}
}
